#
# A fatal error has been detected by the Java Runtime Environment:
#
#  SIGSEGV (0xb) at pc=0x00007fff953d38f2, pid=9096, tid=1811
#
# JRE version: Java(TM) SE Runtime Environment (8.0_31-b13) (build 1.8.0_31-b13)
# Java VM: Java HotSpot(TM) 64-Bit Server VM (25.31-b07 mixed mode bsd-amd64 compressed oops)
# Problematic frame:
# C  [libGPUSupportMercury.dylib+0xb8f2]  gldAttachDrawable+0x60
#
# Failed to write core dump. Core dumps have been disabled. To enable core dumping, try "ulimit -c unlimited" before starting Java again
#
# If you would like to submit a bug report, please visit:
#   http://bugreport.java.com/bugreport/crash.jsp
# The crash happened outside the Java Virtual Machine in native code.
# See problematic frame for where to report the bug.
#

---------------  T H R E A D  ---------------

Current thread (0x00007ff8c409a800):  JavaThread "AppKit Thread" daemon [_thread_in_native, id=1811, stack(0x00007fff533e3000,0x00007fff53be3000)]

siginfo: si_signo: 11 (SIGSEGV), si_code: 0 (unknown), si_addr: 0x0000000000000000

Registers:
RAX=0x8000000000000000, RBX=0x000000000000271e, RCX=0x0000000000000000, RDX=0x00007ff8c5d16808
RSP=0x00007fff53bdc420, RBP=0x00007fff53bdc520, RSI=0x0000000000000050, RDI=0x00007fff7dc46070
R8 =0x00007ff8c600aa60, R9 =0x00007ff8c6000000, R10=0x000000000000003c, R11=0x0000000000000206
R12=0x0000000000002718, R13=0x00007ff8c41c4200, R14=0x0000000000000050, R15=0x0000000000000000
RIP=0x00007fff953d38f2, EFLAGS=0x0000000000010212, ERR=0x0000000000000000
  TRAPNO=0x000000000000000d

Top of Stack: (sp=0x00007fff53bdc420)
0x00007fff53bdc420:   00007fff53bdc494 00007ff8c3528520
0x00007fff53bdc430:   ffffffffffffffff 0000206000000040
0x00007fff53bdc440:   00007ff8c3528538 00007fff9bcbd64f
0x00007fff53bdc450:   0000000000000000 8000000000000000
0x00007fff53bdc460:   0000000300000003 00007fff53bdc5a8
0x00007fff53bdc470:   00007fff53bdc534 000000000004697f
0x00007fff53bdc480:   00007fff53bdc52c 00007fff53bdc530
0x00007fff53bdc490:   00007fff53bdc510 00007fff98cbbfa6
0x00007fff53bdc4a0:   0000000000000000 0000000000001fd6
0x00007fff53bdc4b0:   0000003400001200 0000040b00000000
0x00007fff53bdc4c0:   00007fff53bdc4f0 00007fff98c6beac
0x00007fff53bdc4d0:   00007fff53bdc520 0000000000001fd6
0x00007fff53bdc4e0:   00000000042730c0 0000000024838754
0x00007fff53bdc4f0:   b0000a340f321f27 00007ff8c6000c00
0x00007fff53bdc500:   0000000000002718 0000000000000000
0x00007fff53bdc510:   0000000000000050 0000000000000000
0x00007fff53bdc520:   00007fff53bdc570 00007fff918197e8
0x00007fff53bdc530:   00007ff8c600aa60 0000000000000000
0x00007fff53bdc540:   00007ff8c5d16808 00007ff8c3653900
0x00007fff53bdc550:   0000000000000000 00007ff8c5100750
0x00007fff53bdc560:   00007ff8c50fe800 00007fff7dc46070
0x00007fff53bdc570:   00007fff53bdc660 00007fff95ae77ac
0x00007fff53bdc580:   4089000000000000 406e000000000000
0x00007fff53bdc590:   4053800000000000 4089000000000000
0x00007fff53bdc5a0:   4083700000000000 0000000000000000
0x00007fff53bdc5b0:   4036000000000000 4089000000000000
0x00007fff53bdc5c0:   4082c00000000000 0000000000000000
0x00007fff53bdc5d0:   0000000000000000 0000000000000001
0x00007fff53bdc5e0:   00007ff8c5d16808 0000000000000001
0x00007fff53bdc5f0:   00007fff53bdc660 00007fff95aec64c
0x00007fff53bdc600:   0000000100000003 00007ff8c5100750
0x00007fff53bdc610:   00007ff8c5100688 000000029b94ffff 

Instructions: (pc=0x00007fff953d38f2)
0x00007fff953d38d2:   48 85 d2 b8 01 00 00 00 bb 15 27 00 00 0f 44 d8
0x00007fff953d38e2:   e9 7f 01 00 00 49 8b 45 08 48 89 85 38 ff ff ff
0x00007fff953d38f2:   48 8b 00 48 89 85 30 ff ff ff 83 fe 4f 0f 8f fd
0x00007fff953d3902:   00 00 00 48 89 d0 bb 15 27 00 00 83 fe 35 0f 84 

Register to memory mapping:

RAX=0x8000000000000000 is an unknown value
RBX=0x000000000000271e is an unknown value
RCX=0x0000000000000000 is an unknown value
RDX=0x00007ff8c5d16808 is an unknown value
RSP=0x00007fff53bdc420 is pointing into the stack for thread: 0x00007ff8c409a800
RBP=0x00007fff53bdc520 is pointing into the stack for thread: 0x00007ff8c409a800
RSI=0x0000000000000050 is an unknown value
RDI=0x00007fff7dc46070: __stack_chk_guard+0 in /usr/lib/system/libsystem_c.dylib at 0x00007fff91534000
R8 =0x00007ff8c600aa60 is an unknown value
R9 =0x00007ff8c6000000 is an unknown value
R10=0x000000000000003c is an unknown value
R11=0x0000000000000206 is an unknown value
R12=0x0000000000002718 is an unknown value
R13=0x00007ff8c41c4200 is an unknown value
R14=0x0000000000000050 is an unknown value
R15=0x0000000000000000 is an unknown value


Stack: [0x00007fff533e3000,0x00007fff53be3000],  sp=0x00007fff53bdc420,  free space=8165k
Native frames: (J=compiled Java code, j=interpreted, Vv=VM code, C=native code)
C  [libGPUSupportMercury.dylib+0xb8f2]  gldAttachDrawable+0x60
C  [GLEngine+0x167e8]  gliAttachDrawableWithOptions+0x101
C  [OpenGL+0x37ac]  glcGetIOAccelService+0xe03
C  [OpenGL+0x73f3]  CGLSetPBuffer+0xb90
C  [OpenGL+0x7716]  CGLSetSurface+0x124
C  [AppKit+0x57e567]  NSOpenGLContextAttachOnScreenViewSurface+0x109
C  [AppKit+0x2c669b]  -[NSOpenGLContext setView:]+0x83
C  [liblwjgl.dylib+0xa586]  -[MacOSXOpenGLView lockFocus]+0x76
C  [AppKit+0x14e3c5]  -[NSView _recursiveDisplayRectIfNeededIgnoringOpacity:isVisibleRect:rectIsVisibleRectForView:topView:]+0x740
C  [AppKit+0x14f420]  -[NSView _recursiveDisplayRectIfNeededIgnoringOpacity:isVisibleRect:rectIsVisibleRectForView:topView:]+0x179b
C  [AppKit+0x14d773]  -[NSThemeFrame _recursiveDisplayRectIfNeededIgnoringOpacity:isVisibleRect:rectIsVisibleRectForView:topView:]+0x14d
C  [AppKit+0x14a2cb]  -[NSView _displayRectIgnoringOpacity:isVisibleRect:rectIsVisibleRectForView:]+0xac9
C  [AppKit+0x128e2d]  -[NSView displayIfNeeded]+0x754
C  [AppKit+0x1461c5]  -[NSWindow displayIfNeeded]+0xe8
C  [AppKit+0x183322]  _handleWindowNeedsDisplayOrLayoutOrUpdateConstraints+0x3a8
C  [Foundation+0x66db3]  __NSFireTimer+0x5f
C  [CoreFoundation+0xb5b64]  __CFRUNLOOP_IS_CALLING_OUT_TO_A_TIMER_CALLBACK_FUNCTION__+0x14
C  [CoreFoundation+0xb57f3]  __CFRunLoopDoTimer+0x423
C  [CoreFoundation+0x128dbd]  __CFRunLoopDoTimers+0x12d
C  [CoreFoundation+0x72288]  __CFRunLoopRun+0x7e8
C  [CoreFoundation+0x71858]  CFRunLoopRunSpecific+0x128
C  [HIToolbox+0x2eaef]  RunCurrentEventLoopInMode+0xeb
C  [HIToolbox+0x2e86a]  ReceiveNextEventCommon+0x1af
C  [HIToolbox+0x2e6ab]  _BlockUntilNextEventMatchingListInModeWithFilter+0x47
C  [AppKit+0x23f81]  _DPSNextEvent+0x3c4
C  [AppKit+0x23730]  -[NSApplication nextEventMatchingMask:untilDate:inMode:dequeue:]+0xc2
C  [libosxapp.dylib+0x242a]  -[NSApplicationAWT nextEventMatchingMask:untilDate:inMode:dequeue:]+0x7c
C  [AppKit+0x17593]  -[NSApplication run]+0x252
C  [libosxapp.dylib+0x223e]  +[NSApplicationAWT runAWTLoopWithApp:]+0x9c
C  [libawt_lwawt.dylib+0x4494f]  -[AWTStarter starter:]+0x389
C  [Foundation+0x65cdc]  __NSThreadPerformPerform+0x125
C  [CoreFoundation+0x80681]  __CFRUNLOOP_IS_CALLING_OUT_TO_A_SOURCE0_PERFORM_FUNCTION__+0x11
C  [CoreFoundation+0x7280d]  __CFRunLoopDoSources0+0x10d
C  [CoreFoundation+0x71e3f]  __CFRunLoopRun+0x39f
C  [CoreFoundation+0x71858]  CFRunLoopRunSpecific+0x128
C  [java+0x56cc]  CreateExecutionEnvironment+0x367
C  [java+0x165c]  JLI_Launch+0x7a0
C  [java+0x768a]  main+0x65
C  [java+0xeb4]  start+0x34
C  0x0000000000000006


---------------  P R O C E S S  ---------------

Java Threads: ( => current thread )
  0x00007ff8c42ea000 JavaThread "AWT-Shutdown" [_thread_blocked, id=29195, stack(0x0000000126e8c000,0x0000000126f8c000)]
  0x00007ff8c39d5800 JavaThread "Java2D Disposer" daemon [_thread_blocked, id=60167, stack(0x00000001381b6000,0x00000001382b6000)]
  0x00007ff8c4974000 JavaThread "Java2D Queue Flusher" daemon [_thread_blocked, id=60423, stack(0x000000013781a000,0x000000013791a000)]
=>0x00007ff8c409a800 JavaThread "AppKit Thread" daemon [_thread_in_native, id=1811, stack(0x00007fff533e3000,0x00007fff53be3000)]
  0x00007ff8c5000000 JavaThread "Service Thread" daemon [_thread_blocked, id=18179, stack(0x0000000125670000,0x0000000125770000)]
  0x00007ff8c4831800 JavaThread "C1 CompilerThread2" daemon [_thread_blocked, id=17667, stack(0x000000012556d000,0x000000012566d000)]
  0x00007ff8c481f800 JavaThread "C2 CompilerThread1" daemon [_thread_blocked, id=17155, stack(0x000000012546a000,0x000000012556a000)]
  0x00007ff8c4027800 JavaThread "C2 CompilerThread0" daemon [_thread_blocked, id=16643, stack(0x0000000125367000,0x0000000125467000)]
  0x00007ff8c5015800 JavaThread "Signal Dispatcher" daemon [_thread_blocked, id=16147, stack(0x0000000125264000,0x0000000125364000)]
  0x00007ff8c500e800 JavaThread "Finalizer" daemon [_thread_blocked, id=11523, stack(0x0000000123923000,0x0000000123a23000)]
  0x00007ff8c4025800 JavaThread "Reference Handler" daemon [_thread_blocked, id=11011, stack(0x0000000123820000,0x0000000123920000)]
  0x00007ff8c5001800 JavaThread "main" [_thread_in_native, id=4867, stack(0x000000010d052000,0x000000010d152000)]

Other Threads:
  0x00007ff8c3833000 VMThread [stack: 0x000000012371d000,0x000000012381d000] [id=10499]
  0x00007ff8c5001000 WatcherThread [stack: 0x0000000125773000,0x0000000125873000] [id=18691]

VM state:not at safepoint (normal execution)

VM Mutex/Monitor currently owned by a thread: None

Heap:
 PSYoungGen      total 273920K, used 67769K [0x0000000795580000, 0x00000007b0680000, 0x00000007c0000000)
  eden space 264192K, 24% used [0x0000000795580000,0x00000007995da6e8,0x00000007a5780000)
  from space 9728K, 19% used [0x00000007a5780000,0x00000007a5954020,0x00000007a6100000)
  to   space 10240K, 0% used [0x00000007afc80000,0x00000007afc80000,0x00000007b0680000)
 ParOldGen       total 87552K, used 11345K [0x0000000740000000, 0x0000000745580000, 0x0000000795580000)
  object space 87552K, 12% used [0x0000000740000000,0x0000000740b14748,0x0000000745580000)
 Metaspace       used 10331K, capacity 10465K, committed 10624K, reserved 1058816K
  class space    used 1070K, capacity 1117K, committed 1152K, reserved 1048576K

Card table byte_map: [0x000000011cdc0000,0x000000011d1c1000] byte_map_base: 0x00000001193c0000

Marking Bits: (ParMarkBitMap*) 0x000000010c9b9410
 Begin Bits: [0x000000011d878000, 0x000000011f878000)
 End Bits:   [0x000000011f878000, 0x0000000121878000)

Polling page: 0x000000010d196000

CodeCache: size=245760Kb used=4904Kb max_used=4904Kb free=240855Kb
 bounds [0x000000010da00000, 0x000000010dee0000, 0x000000011ca00000]
 total_blobs=1808 nmethods=1280 adapters=443
 compilation: enabled

Compilation events (10 events):
Event: 14.854 Thread 0x00007ff8c4831800 1276       3       main.java.edu.asu.cst316.GameMain::update (1874 bytes)
Event: 14.869 Thread 0x00007ff8c4831800 nmethod 1276 0x000000010dea9550 code [0x000000010deaa820, 0x000000010deb7908]
Event: 14.869 Thread 0x00007ff8c4831800 1277       3       org.newdawn.slick.Input::isMousePressed (20 bytes)
Event: 14.869 Thread 0x00007ff8c4831800 nmethod 1277 0x000000010de89e90 code [0x000000010de8a000, 0x000000010de8a1f0]
Event: 14.869 Thread 0x00007ff8c4831800 1278       3       main.java.edu.asu.cst316.GameMain::render (803 bytes)
Event: 14.878 Thread 0x00007ff8c4831800 nmethod 1278 0x000000010debfb90 code [0x000000010dec09e0, 0x000000010dec94f8]
Event: 15.371 Thread 0x00007ff8c4831800 1279       3       java.nio.HeapByteBuffer::putLong (21 bytes)
Event: 15.371 Thread 0x00007ff8c4831800 nmethod 1279 0x000000010de8b910 code [0x000000010de8baa0, 0x000000010de8be68]
Event: 15.371 Thread 0x00007ff8c4831800 1280       3       java.nio.Bits::putLong (21 bytes)
Event: 15.371 Thread 0x00007ff8c4831800 nmethod 1280 0x000000010de8b4d0 code [0x000000010de8b640, 0x000000010de8b838]

GC Heap History (10 events):
Event: 7.215 GC heap before
{Heap before GC invocations=5 (full 0):
 PSYoungGen      total 71680K, used 70832K [0x0000000795580000, 0x000000079a080000, 0x00000007c0000000)
  eden space 66560K, 100% used [0x0000000795580000,0x0000000799680000,0x0000000799680000)
  from space 5120K, 83% used [0x0000000799b80000,0x0000000799fac030,0x000000079a080000)
  to   space 5120K, 0% used [0x0000000799680000,0x0000000799680000,0x0000000799b80000)
 ParOldGen       total 87552K, used 6178K [0x0000000740000000, 0x0000000745580000, 0x0000000795580000)
  object space 87552K, 7% used [0x0000000740000000,0x0000000740608960,0x0000000745580000)
 Metaspace       used 10156K, capacity 10337K, committed 10624K, reserved 1058816K
  class space    used 1066K, capacity 1117K, committed 1152K, reserved 1048576K
Event: 7.222 GC heap after
Heap after GC invocations=5 (full 0):
 PSYoungGen      total 71680K, used 5088K [0x0000000795580000, 0x000000079e880000, 0x00000007c0000000)
  eden space 66560K, 0% used [0x0000000795580000,0x0000000795580000,0x0000000799680000)
  from space 5120K, 99% used [0x0000000799680000,0x0000000799b78050,0x0000000799b80000)
  to   space 8704K, 0% used [0x000000079e000000,0x000000079e000000,0x000000079e880000)
 ParOldGen       total 87552K, used 8446K [0x0000000740000000, 0x0000000745580000, 0x0000000795580000)
  object space 87552K, 9% used [0x0000000740000000,0x000000074083f990,0x0000000745580000)
 Metaspace       used 10156K, capacity 10337K, committed 10624K, reserved 1058816K
  class space    used 1066K, capacity 1117K, committed 1152K, reserved 1048576K
}
Event: 7.483 GC heap before
{Heap before GC invocations=6 (full 0):
 PSYoungGen      total 71680K, used 71648K [0x0000000795580000, 0x000000079e880000, 0x00000007c0000000)
  eden space 66560K, 100% used [0x0000000795580000,0x0000000799680000,0x0000000799680000)
  from space 5120K, 99% used [0x0000000799680000,0x0000000799b78050,0x0000000799b80000)
  to   space 8704K, 0% used [0x000000079e000000,0x000000079e000000,0x000000079e880000)
 ParOldGen       total 87552K, used 8446K [0x0000000740000000, 0x0000000745580000, 0x0000000795580000)
  object space 87552K, 9% used [0x0000000740000000,0x000000074083f990,0x0000000745580000)
 Metaspace       used 10161K, capacity 10337K, committed 10624K, reserved 1058816K
  class space    used 1066K, capacity 1117K, committed 1152K, reserved 1048576K
Event: 7.489 GC heap after
Heap after GC invocations=6 (full 0):
 PSYoungGen      total 140800K, used 8208K [0x0000000795580000, 0x000000079ea80000, 0x00000007c0000000)
  eden space 132096K, 0% used [0x0000000795580000,0x0000000795580000,0x000000079d680000)
  from space 8704K, 94% used [0x000000079e000000,0x000000079e804070,0x000000079e880000)
  to   space 9728K, 0% used [0x000000079d680000,0x000000079d680000,0x000000079e000000)
 ParOldGen       total 87552K, used 8454K [0x0000000740000000, 0x0000000745580000, 0x0000000795580000)
  object space 87552K, 9% used [0x0000000740000000,0x0000000740841990,0x0000000745580000)
 Metaspace       used 10161K, capacity 10337K, committed 10624K, reserved 1058816K
  class space    used 1066K, capacity 1117K, committed 1152K, reserved 1048576K
}
Event: 8.209 GC heap before
{Heap before GC invocations=7 (full 0):
 PSYoungGen      total 140800K, used 140304K [0x0000000795580000, 0x000000079ea80000, 0x00000007c0000000)
  eden space 132096K, 100% used [0x0000000795580000,0x000000079d680000,0x000000079d680000)
  from space 8704K, 94% used [0x000000079e000000,0x000000079e804070,0x000000079e880000)
  to   space 9728K, 0% used [0x000000079d680000,0x000000079d680000,0x000000079e000000)
 ParOldGen       total 87552K, used 8454K [0x0000000740000000, 0x0000000745580000, 0x0000000795580000)
  object space 87552K, 9% used [0x0000000740000000,0x0000000740841990,0x0000000745580000)
 Metaspace       used 10173K, capacity 10337K, committed 10624K, reserved 1058816K
  class space    used 1066K, capacity 1117K, committed 1152K, reserved 1048576K
Event: 8.217 GC heap after
Heap after GC invocations=7 (full 0):
 PSYoungGen      total 141824K, used 6656K [0x0000000795580000, 0x00000007a6a80000, 0x00000007c0000000)
  eden space 132096K, 0% used [0x0000000795580000,0x0000000795580000,0x000000079d680000)
  from space 9728K, 68% used [0x000000079d680000,0x000000079dd00060,0x000000079e000000)
  to   space 9728K, 0% used [0x00000007a6100000,0x00000007a6100000,0x00000007a6a80000)
 ParOldGen       total 87552K, used 10265K [0x0000000740000000, 0x0000000745580000, 0x0000000795580000)
  object space 87552K, 11% used [0x0000000740000000,0x0000000740a06738,0x0000000745580000)
 Metaspace       used 10173K, capacity 10337K, committed 10624K, reserved 1058816K
  class space    used 1066K, capacity 1117K, committed 1152K, reserved 1048576K
}
Event: 8.875 GC heap before
{Heap before GC invocations=8 (full 0):
 PSYoungGen      total 141824K, used 138752K [0x0000000795580000, 0x00000007a6a80000, 0x00000007c0000000)
  eden space 132096K, 100% used [0x0000000795580000,0x000000079d680000,0x000000079d680000)
  from space 9728K, 68% used [0x000000079d680000,0x000000079dd00060,0x000000079e000000)
  to   space 9728K, 0% used [0x00000007a6100000,0x00000007a6100000,0x00000007a6a80000)
 ParOldGen       total 87552K, used 10265K [0x0000000740000000, 0x0000000745580000, 0x0000000795580000)
  object space 87552K, 11% used [0x0000000740000000,0x0000000740a06738,0x0000000745580000)
 Metaspace       used 10178K, capacity 10337K, committed 10624K, reserved 1058816K
  class space    used 1066K, capacity 1117K, committed 1152K, reserved 1048576K
Event: 8.878 GC heap after
Heap after GC invocations=8 (full 0):
 PSYoungGen      total 273920K, used 2560K [0x0000000795580000, 0x00000007a6a80000, 0x00000007c0000000)
  eden space 264192K, 0% used [0x0000000795580000,0x0000000795580000,0x00000007a5780000)
  from space 9728K, 26% used [0x00000007a6100000,0x00000007a6380020,0x00000007a6a80000)
  to   space 9728K, 0% used [0x00000007a5780000,0x00000007a5780000,0x00000007a6100000)
 ParOldGen       total 87552K, used 10297K [0x0000000740000000, 0x0000000745580000, 0x0000000795580000)
  object space 87552K, 11% used [0x0000000740000000,0x0000000740a0e738,0x0000000745580000)
 Metaspace       used 10178K, capacity 10337K, committed 10624K, reserved 1058816K
  class space    used 1066K, capacity 1117K, committed 1152K, reserved 1048576K
}
Event: 10.138 GC heap before
{Heap before GC invocations=9 (full 0):
 PSYoungGen      total 273920K, used 266752K [0x0000000795580000, 0x00000007a6a80000, 0x00000007c0000000)
  eden space 264192K, 100% used [0x0000000795580000,0x00000007a5780000,0x00000007a5780000)
  from space 9728K, 26% used [0x00000007a6100000,0x00000007a6380020,0x00000007a6a80000)
  to   space 9728K, 0% used [0x00000007a5780000,0x00000007a5780000,0x00000007a6100000)
 ParOldGen       total 87552K, used 10297K [0x0000000740000000, 0x0000000745580000, 0x0000000795580000)
  object space 87552K, 11% used [0x0000000740000000,0x0000000740a0e738,0x0000000745580000)
 Metaspace       used 10183K, capacity 10337K, committed 10624K, reserved 1058816K
  class space    used 1066K, capacity 1117K, committed 1152K, reserved 1048576K
Event: 10.142 GC heap after
Heap after GC invocations=9 (full 0):
 PSYoungGen      total 273920K, used 1872K [0x0000000795580000, 0x00000007b0680000, 0x00000007c0000000)
  eden space 264192K, 0% used [0x0000000795580000,0x0000000795580000,0x00000007a5780000)
  from space 9728K, 19% used [0x00000007a5780000,0x00000007a5954020,0x00000007a6100000)
  to   space 10240K, 0% used [0x00000007afc80000,0x00000007afc80000,0x00000007b0680000)
 ParOldGen       total 87552K, used 11345K [0x0000000740000000, 0x0000000745580000, 0x0000000795580000)
  object space 87552K, 12% used [0x0000000740000000,0x0000000740b14748,0x0000000745580000)
 Metaspace       used 10183K, capacity 10337K, committed 10624K, reserved 1058816K
  class space    used 1066K, capacity 1117K, committed 1152K, reserved 1048576K
}

Deoptimization events (10 events):
Event: 3.066 Thread 0x00007ff8c5001800 Uncommon trap: reason=bimorphic action=maybe_recompile pc=0x000000010dc1c180 method=java.util.HashMap.putVal(ILjava/lang/Object;Ljava/lang/Object;ZZ)Ljava/lang/Object; @ 91
Event: 3.066 Thread 0x00007ff8c5001800 Uncommon trap: reason=bimorphic action=maybe_recompile pc=0x000000010dc1c180 method=java.util.HashMap.putVal(ILjava/lang/Object;Ljava/lang/Object;ZZ)Ljava/lang/Object; @ 91
Event: 3.066 Thread 0x00007ff8c5001800 Uncommon trap: reason=bimorphic action=maybe_recompile pc=0x000000010dc1d7e4 method=java.util.HashMap.putVal(ILjava/lang/Object;Ljava/lang/Object;ZZ)Ljava/lang/Object; @ 91
Event: 5.442 Thread 0x00007ff8c5001800 Uncommon trap: reason=class_check action=maybe_recompile pc=0x000000010dd1e85c method=java.util.HashMap.putVal(ILjava/lang/Object;Ljava/lang/Object;ZZ)Ljava/lang/Object; @ 253
Event: 5.442 Thread 0x00007ff8c5001800 Uncommon trap: reason=class_check action=maybe_recompile pc=0x000000010dd1e85c method=java.util.HashMap.putVal(ILjava/lang/Object;Ljava/lang/Object;ZZ)Ljava/lang/Object; @ 253
Event: 5.443 Thread 0x00007ff8c5001800 Uncommon trap: reason=class_check action=maybe_recompile pc=0x000000010dd1e85c method=java.util.HashMap.putVal(ILjava/lang/Object;Ljava/lang/Object;ZZ)Ljava/lang/Object; @ 253
Event: 5.443 Thread 0x00007ff8c5001800 Uncommon trap: reason=class_check action=maybe_recompile pc=0x000000010dd1e85c method=java.util.HashMap.putVal(ILjava/lang/Object;Ljava/lang/Object;ZZ)Ljava/lang/Object; @ 253
Event: 8.498 Thread 0x00007ff8c5001800 Uncommon trap: reason=unloaded action=reinterpret pc=0x000000010ddeeef8 method=sun.font.CStrike$GlyphInfoCache.get(I)J @ 58
Event: 8.573 Thread 0x00007ff8c5001800 Uncommon trap: reason=range_check action=make_not_entrant pc=0x000000010ddf73c4 method=java.awt.geom.AffineTransform.<init>([D)V @ 7
Event: 9.852 Thread 0x00007ff8c5001800 Uncommon trap: reason=range_check action=make_not_entrant pc=0x000000010de2bf34 method=sun.font.CCharToGlyphMapper$Cache.get(I[C[I)V @ 345

Internal exceptions (10 events):
Event: 5.357 Thread 0x00007ff8c5001800 Exception <a 'java/security/PrivilegedActionException'> (0x0000000795cbf4a8) thrown at [/Users/java_re/workspace/8-2-build-macosx-x86_64/jdk8u31/2394/hotspot/src/share/vm/prims/jvm.cpp, line 1312]
Event: 5.539 Thread 0x00007ff8c5001800 Exception <a 'java/security/PrivilegedActionException'> (0x00000007973260b0) thrown at [/Users/java_re/workspace/8-2-build-macosx-x86_64/jdk8u31/2394/hotspot/src/share/vm/prims/jvm.cpp, line 1312]
Event: 5.679 Thread 0x00007ff8c5001800 Exception <a 'java/security/PrivilegedActionException'> (0x00000007967d78e8) thrown at [/Users/java_re/workspace/8-2-build-macosx-x86_64/jdk8u31/2394/hotspot/src/share/vm/prims/jvm.cpp, line 1312]
Event: 5.683 Thread 0x00007ff8c5001800 Exception <a 'java/security/PrivilegedActionException'> (0x00000007967df7b8) thrown at [/Users/java_re/workspace/8-2-build-macosx-x86_64/jdk8u31/2394/hotspot/src/share/vm/prims/jvm.cpp, line 1312]
Event: 6.607 Thread 0x00007ff8c5001800 Exception <a 'java/security/PrivilegedActionException'> (0x00000007967e95f8) thrown at [/Users/java_re/workspace/8-2-build-macosx-x86_64/jdk8u31/2394/hotspot/src/share/vm/prims/jvm.cpp, line 1312]
Event: 6.608 Thread 0x00007ff8c5001800 Exception <a 'java/security/PrivilegedActionException'> (0x00000007967f01b0) thrown at [/Users/java_re/workspace/8-2-build-macosx-x86_64/jdk8u31/2394/hotspot/src/share/vm/prims/jvm.cpp, line 1312]
Event: 6.609 Thread 0x00007ff8c5001800 Exception <a 'java/security/PrivilegedActionException'> (0x00000007967fb350) thrown at [/Users/java_re/workspace/8-2-build-macosx-x86_64/jdk8u31/2394/hotspot/src/share/vm/prims/jvm.cpp, line 1312]
Event: 6.646 Thread 0x00007ff8c5001800 Exception <a 'java/security/PrivilegedActionException'> (0x00000007967ff440) thrown at [/Users/java_re/workspace/8-2-build-macosx-x86_64/jdk8u31/2394/hotspot/src/share/vm/prims/jvm.cpp, line 1312]
Event: 9.727 Thread 0x00007ff8c5001800 Exception <a 'java/security/PrivilegedActionException'> (0x00000007a0ab4070) thrown at [/Users/java_re/workspace/8-2-build-macosx-x86_64/jdk8u31/2394/hotspot/src/share/vm/prims/jvm.cpp, line 1312]
Event: 15.417 Thread 0x00007ff8c5001800 Exception <a 'java/security/PrivilegedActionException'> (0x0000000799405728) thrown at [/Users/java_re/workspace/8-2-build-macosx-x86_64/jdk8u31/2394/hotspot/src/share/vm/prims/jvm.cpp, line 1312]

Events (10 events):
Event: 12.118 loading class sun/awt/AppContext$PostShutdownEventRunnable
Event: 12.118 loading class sun/awt/AppContext$PostShutdownEventRunnable done
Event: 12.118 Executing VM operation: RevokeBias
Event: 12.118 Executing VM operation: RevokeBias done
Event: 12.118 loading class sun/awt/AWTAutoShutdown$1
Event: 12.118 loading class sun/awt/AWTAutoShutdown$1 done
Event: 12.118 Thread 0x00007ff8c38c1000 Thread exited: 0x00007ff8c38c1000
Event: 12.686 Thread 0x00007ff8c42ea000 Thread added: 0x00007ff8c42ea000
Event: 15.417 loading class org/lwjgl/opengl/CallbackUtil
Event: 15.417 loading class org/lwjgl/opengl/CallbackUtil done


Dynamic libraries:
0x000000000d140000 	/System/Library/Frameworks/Cocoa.framework/Versions/A/Cocoa
0x000000000d140000 	/System/Library/Frameworks/Security.framework/Versions/A/Security
0x000000000d140000 	/System/Library/Frameworks/ApplicationServices.framework/Versions/A/ApplicationServices
0x000000000d140000 	/usr/lib/libz.1.dylib
0x000000000d140000 	/usr/lib/libSystem.B.dylib
0x000000000d140000 	/usr/lib/libobjc.A.dylib
0x000000000d140000 	/System/Library/Frameworks/CoreFoundation.framework/Versions/A/CoreFoundation
0x000000000d140000 	/System/Library/Frameworks/Foundation.framework/Versions/C/Foundation
0x000000000d140000 	/System/Library/Frameworks/AppKit.framework/Versions/C/AppKit
0x000000000d140000 	/System/Library/Frameworks/CoreData.framework/Versions/A/CoreData
0x000000000d140000 	/System/Library/PrivateFrameworks/RemoteViewServices.framework/Versions/A/RemoteViewServices
0x000000000d140000 	/System/Library/PrivateFrameworks/UIFoundation.framework/Versions/A/UIFoundation
0x000000000d140000 	/System/Library/Frameworks/IOSurface.framework/Versions/A/IOSurface
0x000000000d140000 	/System/Library/Frameworks/AudioToolbox.framework/Versions/A/AudioToolbox
0x000000000d140000 	/System/Library/Frameworks/AudioUnit.framework/Versions/A/AudioUnit
0x000000000d140000 	/System/Library/PrivateFrameworks/DataDetectorsCore.framework/Versions/A/DataDetectorsCore
0x000000000d140000 	/System/Library/PrivateFrameworks/DesktopServicesPriv.framework/Versions/A/DesktopServicesPriv
0x000000000d140000 	/System/Library/Frameworks/Carbon.framework/Versions/A/Frameworks/HIToolbox.framework/Versions/A/HIToolbox
0x000000000d140000 	/System/Library/Frameworks/QuartzCore.framework/Versions/A/QuartzCore
0x000000000d140000 	/System/Library/Frameworks/Carbon.framework/Versions/A/Frameworks/SpeechRecognition.framework/Versions/A/SpeechRecognition
0x000000000d140000 	/usr/lib/libauto.dylib
0x000000000d140000 	/usr/lib/libicucore.A.dylib
0x000000000d140000 	/usr/lib/libxml2.2.dylib
0x000000000d140000 	/System/Library/PrivateFrameworks/CoreUI.framework/Versions/A/CoreUI
0x000000000d140000 	/System/Library/Frameworks/CoreAudio.framework/Versions/A/CoreAudio
0x000000000d140000 	/System/Library/Frameworks/DiskArbitration.framework/Versions/A/DiskArbitration
0x000000000d140000 	/usr/lib/liblangid.dylib
0x000000000d140000 	/System/Library/PrivateFrameworks/MultitouchSupport.framework/Versions/A/MultitouchSupport
0x000000000d140000 	/System/Library/Frameworks/IOKit.framework/Versions/A/IOKit
0x000000000d140000 	/usr/lib/libDiagnosticMessagesClient.dylib
0x000000000d140000 	/System/Library/Frameworks/CoreServices.framework/Versions/A/CoreServices
0x000000000d140000 	/System/Library/PrivateFrameworks/PerformanceAnalysis.framework/Versions/A/PerformanceAnalysis
0x000000000d140000 	/System/Library/PrivateFrameworks/GenerationalStorage.framework/Versions/A/GenerationalStorage
0x000000000d140000 	/System/Library/Frameworks/OpenGL.framework/Versions/A/OpenGL
0x000000000d140000 	/System/Library/PrivateFrameworks/Sharing.framework/Versions/A/Sharing
0x000000000d140000 	/System/Library/Frameworks/CoreGraphics.framework/Versions/A/CoreGraphics
0x000000000d140000 	/System/Library/Frameworks/CoreText.framework/Versions/A/CoreText
0x000000000d140000 	/System/Library/Frameworks/ImageIO.framework/Versions/A/ImageIO
0x000000000d140000 	/usr/lib/libextension.dylib
0x000000000d140000 	/System/Library/PrivateFrameworks/Backup.framework/Versions/A/Backup
0x000000000d140000 	/usr/lib/libarchive.2.dylib
0x000000000d140000 	/System/Library/Frameworks/CFNetwork.framework/Versions/A/CFNetwork
0x000000000d140000 	/System/Library/Frameworks/SystemConfiguration.framework/Versions/A/SystemConfiguration
0x000000000d140000 	/usr/lib/libCRFSuite.dylib
0x000000000d140000 	/usr/lib/libc++.1.dylib
0x000000000d140000 	/usr/lib/libc++abi.dylib
0x000000000d140000 	/usr/lib/system/libcache.dylib
0x000000000d140000 	/usr/lib/system/libcommonCrypto.dylib
0x000000000d140000 	/usr/lib/system/libcompiler_rt.dylib
0x000000000d140000 	/usr/lib/system/libcopyfile.dylib
0x000000000d140000 	/usr/lib/system/libcorecrypto.dylib
0x000000000d140000 	/usr/lib/system/libdispatch.dylib
0x000000000d140000 	/usr/lib/system/libdyld.dylib
0x000000000d140000 	/usr/lib/system/libkeymgr.dylib
0x000000000d140000 	/usr/lib/system/liblaunch.dylib
0x000000000d140000 	/usr/lib/system/libmacho.dylib
0x000000000d140000 	/usr/lib/system/libquarantine.dylib
0x000000000d140000 	/usr/lib/system/libremovefile.dylib
0x000000000d140000 	/usr/lib/system/libsystem_asl.dylib
0x000000000d140000 	/usr/lib/system/libsystem_blocks.dylib
0x000000000d140000 	/usr/lib/system/libsystem_c.dylib
0x000000000d140000 	/usr/lib/system/libsystem_configuration.dylib
0x000000000d140000 	/usr/lib/system/libsystem_coreservices.dylib
0x000000000d140000 	/usr/lib/system/libsystem_coretls.dylib
0x000000000d140000 	/usr/lib/system/libsystem_dnssd.dylib
0x000000000d140000 	/usr/lib/system/libsystem_info.dylib
0x000000000d140000 	/usr/lib/system/libsystem_kernel.dylib
0x000000000d140000 	/usr/lib/system/libsystem_m.dylib
0x000000000d140000 	/usr/lib/system/libsystem_malloc.dylib
0x000000000d140000 	/usr/lib/system/libsystem_network.dylib
0x000000000d140000 	/usr/lib/system/libsystem_networkextension.dylib
0x000000000d140000 	/usr/lib/system/libsystem_notify.dylib
0x000000000d140000 	/usr/lib/system/libsystem_platform.dylib
0x000000000d140000 	/usr/lib/system/libsystem_pthread.dylib
0x000000000d140000 	/usr/lib/system/libsystem_sandbox.dylib
0x000000000d140000 	/usr/lib/system/libsystem_secinit.dylib
0x000000000d140000 	/usr/lib/system/libsystem_stats.dylib
0x000000000d140000 	/usr/lib/system/libsystem_trace.dylib
0x000000000d140000 	/usr/lib/system/libunc.dylib
0x000000000d140000 	/usr/lib/system/libunwind.dylib
0x000000000d140000 	/usr/lib/system/libxpc.dylib
0x000000000d140000 	/usr/lib/libbz2.1.0.dylib
0x000000000d140000 	/usr/lib/liblzma.5.dylib
0x000000000d140000 	/usr/lib/libbsm.0.dylib
0x000000000d140000 	/usr/lib/libsqlite3.dylib
0x000000000d140000 	/usr/lib/system/libkxld.dylib
0x000000000d140000 	/usr/lib/libxar.1.dylib
0x000000000d140000 	/usr/lib/libpam.2.dylib
0x000000000d140000 	/usr/lib/libOpenScriptingUtil.dylib
0x000000000d140000 	/System/Library/Frameworks/CoreServices.framework/Versions/A/Frameworks/FSEvents.framework/Versions/A/FSEvents
0x000000000d140000 	/System/Library/Frameworks/CoreServices.framework/Versions/A/Frameworks/CarbonCore.framework/Versions/A/CarbonCore
0x000000000d140000 	/System/Library/Frameworks/CoreServices.framework/Versions/A/Frameworks/Metadata.framework/Versions/A/Metadata
0x000000000d140000 	/System/Library/Frameworks/CoreServices.framework/Versions/A/Frameworks/OSServices.framework/Versions/A/OSServices
0x000000000d140000 	/System/Library/Frameworks/CoreServices.framework/Versions/A/Frameworks/SearchKit.framework/Versions/A/SearchKit
0x000000000d140000 	/System/Library/Frameworks/CoreServices.framework/Versions/A/Frameworks/AE.framework/Versions/A/AE
0x000000000d140000 	/System/Library/Frameworks/CoreServices.framework/Versions/A/Frameworks/LaunchServices.framework/Versions/A/LaunchServices
0x000000000d140000 	/System/Library/Frameworks/CoreServices.framework/Versions/A/Frameworks/DictionaryServices.framework/Versions/A/DictionaryServices
0x000000000d140000 	/System/Library/Frameworks/NetFS.framework/Versions/A/NetFS
0x000000000d140000 	/System/Library/PrivateFrameworks/NetAuth.framework/Versions/A/NetAuth
0x000000000d140000 	/System/Library/PrivateFrameworks/login.framework/Versions/A/Frameworks/loginsupport.framework/Versions/A/loginsupport
0x000000000d140000 	/System/Library/PrivateFrameworks/TCC.framework/Versions/A/TCC
0x000000000d140000 	/usr/lib/libmecabra.dylib
0x000000000d140000 	/System/Library/Frameworks/ApplicationServices.framework/Versions/A/Frameworks/ATS.framework/Versions/A/ATS
0x000000000d140000 	/System/Library/Frameworks/ApplicationServices.framework/Versions/A/Frameworks/ColorSync.framework/Versions/A/ColorSync
0x000000000d140000 	/System/Library/Frameworks/ApplicationServices.framework/Versions/A/Frameworks/HIServices.framework/Versions/A/HIServices
0x000000000d140000 	/System/Library/Frameworks/ApplicationServices.framework/Versions/A/Frameworks/LangAnalysis.framework/Versions/A/LangAnalysis
0x000000000d140000 	/System/Library/Frameworks/ApplicationServices.framework/Versions/A/Frameworks/PrintCore.framework/Versions/A/PrintCore
0x000000000d140000 	/System/Library/Frameworks/ApplicationServices.framework/Versions/A/Frameworks/QD.framework/Versions/A/QD
0x000000000d140000 	/System/Library/Frameworks/ApplicationServices.framework/Versions/A/Frameworks/SpeechSynthesis.framework/Versions/A/SpeechSynthesis
0x000000000d140000 	/System/Library/Frameworks/Accelerate.framework/Versions/A/Accelerate
0x000000000d140000 	/System/Library/Frameworks/Accelerate.framework/Versions/A/Frameworks/vImage.framework/Versions/A/vImage
0x000000000d140000 	/System/Library/Frameworks/Accelerate.framework/Versions/A/Frameworks/vecLib.framework/Versions/A/vecLib
0x000000000d140000 	/System/Library/Frameworks/Accelerate.framework/Versions/A/Frameworks/vecLib.framework/Versions/A/libvDSP.dylib
0x000000000d140000 	/System/Library/Frameworks/Accelerate.framework/Versions/A/Frameworks/vecLib.framework/Versions/A/libvMisc.dylib
0x000000000d140000 	/System/Library/Frameworks/Accelerate.framework/Versions/A/Frameworks/vecLib.framework/Versions/A/libLAPACK.dylib
0x000000000d140000 	/System/Library/Frameworks/Accelerate.framework/Versions/A/Frameworks/vecLib.framework/Versions/A/libBLAS.dylib
0x000000000d140000 	/System/Library/Frameworks/Accelerate.framework/Versions/A/Frameworks/vecLib.framework/Versions/A/libLinearAlgebra.dylib
0x000000000d140000 	/System/Library/Frameworks/ApplicationServices.framework/Versions/A/Frameworks/ATS.framework/Versions/A/Resources/libFontParser.dylib
0x000000000d140000 	/System/Library/Frameworks/ApplicationServices.framework/Versions/A/Frameworks/ATS.framework/Versions/A/Resources/libFontRegistry.dylib
0x000000000d140000 	/System/Library/PrivateFrameworks/AppleVPA.framework/Versions/A/AppleVPA
0x000000000d140000 	/System/Library/PrivateFrameworks/AppleJPEG.framework/Versions/A/AppleJPEG
0x000000000d140000 	/System/Library/Frameworks/ImageIO.framework/Versions/A/Resources/libJPEG.dylib
0x000000000d140000 	/System/Library/Frameworks/ImageIO.framework/Versions/A/Resources/libTIFF.dylib
0x000000000d140000 	/System/Library/Frameworks/ImageIO.framework/Versions/A/Resources/libPng.dylib
0x000000000d140000 	/System/Library/Frameworks/ImageIO.framework/Versions/A/Resources/libGIF.dylib
0x000000000d140000 	/System/Library/Frameworks/ImageIO.framework/Versions/A/Resources/libJP2.dylib
0x000000000d140000 	/System/Library/Frameworks/ImageIO.framework/Versions/A/Resources/libRadiance.dylib
0x000000000d140000 	/System/Library/Frameworks/CoreVideo.framework/Versions/A/CoreVideo
0x000000000d140000 	/System/Library/Frameworks/OpenGL.framework/Versions/A/Libraries/libGLU.dylib
0x000000000d140000 	/System/Library/Frameworks/OpenGL.framework/Versions/A/Libraries/libGFXShared.dylib
0x000000000d140000 	/System/Library/Frameworks/OpenGL.framework/Versions/A/Libraries/libGL.dylib
0x000000000d140000 	/System/Library/Frameworks/OpenGL.framework/Versions/A/Libraries/libGLImage.dylib
0x000000000d140000 	/System/Library/Frameworks/OpenGL.framework/Versions/A/Libraries/libCVMSPluginSupport.dylib
0x000000000d140000 	/System/Library/Frameworks/OpenGL.framework/Versions/A/Libraries/libCoreVMClient.dylib
0x000000000d140000 	/usr/lib/libcups.2.dylib
0x000000000d140000 	/System/Library/Frameworks/Kerberos.framework/Versions/A/Kerberos
0x000000000d140000 	/System/Library/Frameworks/GSS.framework/Versions/A/GSS
0x000000000d140000 	/usr/lib/libresolv.9.dylib
0x000000000d140000 	/usr/lib/libiconv.2.dylib
0x000000000d140000 	/System/Library/PrivateFrameworks/Heimdal.framework/Versions/A/Heimdal
0x000000000d140000 	/usr/lib/libheimdal-asn1.dylib
0x000000000d140000 	/System/Library/Frameworks/OpenDirectory.framework/Versions/A/OpenDirectory
0x000000000d140000 	/System/Library/PrivateFrameworks/CommonAuth.framework/Versions/A/CommonAuth
0x000000000d140000 	/System/Library/Frameworks/OpenDirectory.framework/Versions/A/Frameworks/CFOpenDirectory.framework/Versions/A/CFOpenDirectory
0x000000000d140000 	/System/Library/Frameworks/SecurityFoundation.framework/Versions/A/SecurityFoundation
0x000000000d140000 	/System/Library/PrivateFrameworks/LanguageModeling.framework/Versions/A/LanguageModeling
0x000000000d140000 	/usr/lib/libcmph.dylib
0x000000000d140000 	/System/Library/Frameworks/ServiceManagement.framework/Versions/A/ServiceManagement
0x000000000d140000 	/usr/lib/libxslt.1.dylib
0x000000000d140000 	/System/Library/Frameworks/Carbon.framework/Versions/A/Frameworks/Ink.framework/Versions/A/Ink
0x000000000d140000 	/System/Library/Frameworks/QuartzCore.framework/Versions/A/Frameworks/CoreImage.framework/Versions/A/CoreImage
0x000000000d140000 	/System/Library/PrivateFrameworks/CrashReporterSupport.framework/Versions/A/CrashReporterSupport
0x000000000d140000 	/System/Library/Frameworks/OpenCL.framework/Versions/A/OpenCL
0x000000000d140000 	/System/Library/PrivateFrameworks/FaceCore.framework/Versions/A/FaceCore
0x000000000d140000 	/System/Library/PrivateFrameworks/Ubiquity.framework/Versions/A/Ubiquity
0x000000000d140000 	/System/Library/PrivateFrameworks/IconServices.framework/Versions/A/IconServices
0x000000000d140000 	/System/Library/PrivateFrameworks/ChunkingLibrary.framework/Versions/A/ChunkingLibrary
0x000000000d140000 	/System/Library/PrivateFrameworks/Apple80211.framework/Versions/A/Apple80211
0x000000000d140000 	/System/Library/Frameworks/CoreWLAN.framework/Versions/A/CoreWLAN
0x000000000d140000 	/System/Library/Frameworks/IOBluetooth.framework/Versions/A/IOBluetooth
0x000000000d140000 	/System/Library/PrivateFrameworks/CoreWiFi.framework/Versions/A/CoreWiFi
0x000000000d140000 	/System/Library/Frameworks/CoreBluetooth.framework/Versions/A/CoreBluetooth
0x000000000d140000 	/System/Library/PrivateFrameworks/DebugSymbols.framework/Versions/A/DebugSymbols
0x000000000d140000 	/System/Library/PrivateFrameworks/CoreSymbolication.framework/Versions/A/CoreSymbolication
0x000000000d140000 	/System/Library/PrivateFrameworks/Symbolication.framework/Versions/A/Symbolication
0x000000000d140000 	/System/Library/PrivateFrameworks/SpeechRecognitionCore.framework/Versions/A/SpeechRecognitionCore
0x000000010c11b000 	/Library/Java/JavaVirtualMachines/jdk1.8.0_31.jdk/Contents/Home/jre/lib/server/libjvm.dylib
0x000000000d140000 	/usr/lib/libstdc++.6.dylib
0x000000010d154000 	/Library/Java/JavaVirtualMachines/jdk1.8.0_31.jdk/Contents/Home/jre/lib/libverify.dylib
0x000000010d162000 	/Library/Java/JavaVirtualMachines/jdk1.8.0_31.jdk/Contents/Home/jre/lib/libjava.dylib
0x000000010d1a0000 	/Library/Java/JavaVirtualMachines/jdk1.8.0_31.jdk/Contents/Home/jre/lib/libzip.dylib
0x0000000123a25000 	/System/Library/Frameworks/JavaVM.framework/Frameworks/JavaRuntimeSupport.framework/JavaRuntimeSupport
0x0000000123a3b000 	/System/Library/Frameworks/JavaVM.framework/Versions/A/Frameworks/JavaNativeFoundation.framework/Versions/A/JavaNativeFoundation
0x0000000123a4f000 	/System/Library/Frameworks/JavaVM.framework/Versions/A/JavaVM
0x000000000d140000 	/System/Library/Frameworks/Carbon.framework/Versions/A/Carbon
0x0000000123a5b000 	/System/Library/PrivateFrameworks/JavaLaunching.framework/Versions/A/JavaLaunching
0x000000000d140000 	/System/Library/Frameworks/Carbon.framework/Versions/A/Frameworks/CommonPanels.framework/Versions/A/CommonPanels
0x000000000d140000 	/System/Library/Frameworks/Carbon.framework/Versions/A/Frameworks/Help.framework/Versions/A/Help
0x000000000d140000 	/System/Library/Frameworks/Carbon.framework/Versions/A/Frameworks/ImageCapture.framework/Versions/A/ImageCapture
0x000000000d140000 	/System/Library/Frameworks/Carbon.framework/Versions/A/Frameworks/OpenScripting.framework/Versions/A/OpenScripting
0x000000000d140000 	/System/Library/Frameworks/Carbon.framework/Versions/A/Frameworks/Print.framework/Versions/A/Print
0x000000000d140000 	/System/Library/Frameworks/Carbon.framework/Versions/A/Frameworks/SecurityHI.framework/Versions/A/SecurityHI
0x00000001258e4000 	/Library/Java/JavaVirtualMachines/jdk1.8.0_31.jdk/Contents/Home/jre/lib/libawt.dylib
0x0000000125993000 	/Library/Java/JavaVirtualMachines/jdk1.8.0_31.jdk/Contents/Home/jre/lib/./libmlib_image.dylib
0x0000000125a5f000 	/Library/Java/JavaVirtualMachines/jdk1.8.0_31.jdk/Contents/Home/jre/lib/libawt_lwawt.dylib
0x0000000125b12000 	/Library/Java/JavaVirtualMachines/jdk1.8.0_31.jdk/Contents/Home/jre/lib/./libosxapp.dylib
0x000000000d140000 	/System/Library/Frameworks/ExceptionHandling.framework/Versions/A/ExceptionHandling
0x000000000d140000 	/System/Library/PrivateFrameworks/CoreServicesInternal.framework/Versions/A/CoreServicesInternal
0x000000000d140000 	/System/Library/PrivateFrameworks/CloudDocs.framework/Versions/A/CloudDocs
0x000000000d140000 	/System/Library/PrivateFrameworks/CoreDuet.framework/Versions/A/CoreDuet
0x000000000d140000 	/System/Library/Frameworks/CloudKit.framework/Versions/A/CloudKit
0x000000000d140000 	/System/Library/PrivateFrameworks/ProtocolBuffer.framework/Versions/A/ProtocolBuffer
0x000000000d140000 	/System/Library/PrivateFrameworks/CoreDuetDaemonProtocol.framework/Versions/A/CoreDuetDaemonProtocol
0x000000000d140000 	/System/Library/PrivateFrameworks/CoreDuetDebugLogging.framework/Versions/A/CoreDuetDebugLogging
0x000000000d140000 	/System/Library/Frameworks/CoreLocation.framework/Versions/A/CoreLocation
0x000000000d140000 	/System/Library/Frameworks/Accounts.framework/Versions/A/Accounts
0x000000000d140000 	/System/Library/PrivateFrameworks/ApplePushService.framework/Versions/A/ApplePushService
0x000000000d140000 	/System/Library/PrivateFrameworks/GeoServices.framework/Versions/A/GeoServices
0x000000000d140000 	/System/Library/PrivateFrameworks/OAuth.framework/Versions/A/OAuth
0x000000000d140000 	/System/Library/PrivateFrameworks/CoreDaemon.framework/Versions/B/CoreDaemon
0x000000000d140000 	/usr/lib/libcrypto.0.9.8.dylib
0x000000000d140000 	/System/Library/PrivateFrameworks/AppleSRP.framework/Versions/A/AppleSRP
0x000000000d140000 	/System/Library/PrivateFrameworks/TrustEvaluationAgent.framework/Versions/A/TrustEvaluationAgent
0x000000000d140000 	/System/Library/Frameworks/CoreGraphics.framework/Versions/A/Resources/libCGCMS.A.dylib
0x000000000d140000 	/System/Library/Frameworks/CoreGraphics.framework/Versions/A/Resources/libRIP.A.dylib
0x000000000d140000 	/System/Library/Frameworks/CoreGraphics.framework/Versions/A/Resources/libCGXType.A.dylib
0x000000000d140000 	/System/Library/Frameworks/OpenCL.framework/Versions/A/Libraries/libcldcpuengine.dylib
0x000000000d140000 	/System/Library/PrivateFrameworks/DiskImages.framework/Versions/A/DiskImages
0x000000000d140000 	/System/Library/Frameworks/DiscRecording.framework/Versions/A/DiscRecording
0x000000000d140000 	/usr/lib/libcsfde.dylib
0x000000000d140000 	/usr/lib/libcurl.4.dylib
0x000000000d140000 	/System/Library/PrivateFrameworks/MediaKit.framework/Versions/A/MediaKit
0x000000000d140000 	/System/Library/PrivateFrameworks/ProtectedCloudStorage.framework/Versions/A/ProtectedCloudStorage
0x000000000d140000 	/usr/lib/libCoreStorage.dylib
0x000000000d140000 	/System/Library/PrivateFrameworks/EFILogin.framework/Versions/A/EFILogin
0x000000000d140000 	/usr/lib/libutil.dylib
0x000000000d140000 	/System/Library/PrivateFrameworks/FindMyDevice.framework/Versions/A/FindMyDevice
0x000000000d140000 	/System/Library/Frameworks/LDAP.framework/Versions/A/LDAP
0x000000000d140000 	/usr/lib/libsasl2.2.dylib
0x000000012862f000 	cl_kernels
0x0000000128631000 	/System/Library/Frameworks/OpenCL.framework/Versions/A/Libraries/ImageFormats/unorm8_bgra.dylib
0x0000000128620000 	cl_kernels
0x000000000d140000 	/System/Library/PrivateFrameworks/FamilyControls.framework/Versions/A/FamilyControls
0x000000000d140000 	/System/Library/PrivateFrameworks/CommerceKit.framework/Versions/A/Frameworks/CommerceCore.framework/Versions/A/CommerceCore
0x000000000d140000 	/System/Library/PrivateFrameworks/SystemAdministration.framework/Versions/A/SystemAdministration
0x000000000d140000 	/System/Library/PrivateFrameworks/AppContainer.framework/Versions/A/AppContainer
0x000000000d140000 	/System/Library/PrivateFrameworks/SecCodeWrapper.framework/Versions/A/SecCodeWrapper
0x000000000d140000 	/System/Library/Frameworks/DirectoryService.framework/Versions/A/DirectoryService
0x000000000d140000 	/System/Library/PrivateFrameworks/LoginUIKit.framework/Versions/A/Frameworks/LoginUICore.framework/Versions/A/LoginUICore
0x000000000d140000 	/usr/lib/libodfde.dylib
0x00000001298fa000 	/Library/Java/JavaVirtualMachines/jdk1.8.0_31.jdk/Contents/Home/jre/lib/libfontmanager.dylib
0x0000000129961000 	/Users/ShantalOlono/Life/slick/liblwjgl.dylib
0x0000000127b65000 	/Library/Java/JavaVirtualMachines/jdk1.8.0_31.jdk/Contents/Home/jre/lib/libjawt.dylib
0x000000000d140000 	/System/Library/Frameworks/OpenGL.framework/Versions/A/Resources/GLEngine.bundle/GLEngine
0x000000000d140000 	/System/Library/Frameworks/OpenGL.framework/Versions/A/Libraries/libGLProgrammability.dylib
0x0000000000000000 	/System/Library/Extensions/AppleIntelHD4000GraphicsGLDriver.bundle/Contents/MacOS/AppleIntelHD4000GraphicsGLDriver
0x000000000d140000 	/System/Library/PrivateFrameworks/IOAccelerator.framework/Versions/A/IOAccelerator
0x000000000d140000 	/System/Library/PrivateFrameworks/GPUSupport.framework/Versions/A/Libraries/libGPUSupportMercury.dylib
0x000000000d140000 	/System/Library/Frameworks/OpenGL.framework/Versions/A/Resources/GLRendererFloat.bundle/GLRendererFloat
0x000000012a1e6000 	/Users/ShantalOlono/Life/slick/libjinput-osx.dylib
0x000000012a1eb000 	/System/Library/Extensions/IOHIDFamily.kext/Contents/PlugIns/IOHIDLib.plugin/Contents/MacOS/IOHIDLib
0x0000000138386000 	/Library/Java/JavaVirtualMachines/jdk1.8.0_31.jdk/Contents/Home/jre/lib/libnet.dylib
0x00000001382cc000 	/Library/Java/JavaVirtualMachines/jdk1.8.0_31.jdk/Contents/Home/jre/lib/libnio.dylib

VM Arguments:
jvm_args: -Djava.library.path=/Users/ShantalOlono/Life/slick -Dfile.encoding=UTF-8 
java_command: main.java.edu.asu.cst316.Game
java_class_path (initial): /Users/ShantalOlono/Life/bin:/Users/ShantalOlono/Life/jar/jacocoagent.jar:/Users/ShantalOlono/Life/jar/jacocoant.jar:/Users/ShantalOlono/Life/jar/junit.jar:/Users/ShantalOlono/Life/jar/org.jacoco.agent-0.7.4.201502262128.jar:/Users/ShantalOlono/Life/jar/org.jacoco.ant-0.7.4.201502262128.jar:/Users/ShantalOlono/Life/jar/org.jacoco.core-0.7.4.201502262128.jar:/Users/ShantalOlono/Life/jar/org.jacoco.report-0.7.4.201502262128.jar:/Users/ShantalOlono/Life/slick/lib/commons-math3-3.3.jar:/Users/ShantalOlono/Life/slick/lib/ibxm.jar:/Users/ShantalOlono/Life/slick/lib/jinput.jar:/Users/ShantalOlono/Life/slick/lib/jnlp.jar:/Users/ShantalOlono/Life/slick/lib/jogg-0.0.7.jar:/Users/ShantalOlono/Life/slick/lib/jorbis-0.0.15.jar:/Users/ShantalOlono/Life/slick/lib/lwjgl_util_applet.jar:/Users/ShantalOlono/Life/slick/lib/lwjgl_util.jar:/Users/ShantalOlono/Life/slick/lib/lwjgl.jar:/Users/ShantalOlono/Life/slick/lib/natives-linux.jar:/Users/ShantalOlono/Life/slick/lib/natives-mac.jar:/Users/ShantalOlono/Life/slick/lib/natives-windows.jar:/Users/ShantalOlono/Life/slick/lib/Pack200Task.jar:/Users/ShantalOlono/Life/slick/lib/slick-examples.jar:/Users/ShantalOlono/Life/slick/lib/slick.jar:/Users/ShantalOlono/Life/slick/lib/tinylinepp.jar
Launcher Type: SUN_STANDARD

Environment Variables:
PATH=/usr/bin:/bin:/usr/sbin:/sbin
SHELL=/bin/bash

Signal Handlers:
SIGSEGV: [libjvm.dylib+0x57a0e7], sa_mask[0]=11111111011111110111111111111111, sa_flags=SA_ONSTACK|SA_RESTART|SA_SIGINFO
SIGBUS: [libjvm.dylib+0x57a0e7], sa_mask[0]=11111111011111110111111111111111, sa_flags=SA_RESTART|SA_SIGINFO
SIGFPE: [libjvm.dylib+0x45af24], sa_mask[0]=11111111011111110111111111111111, sa_flags=SA_RESTART|SA_SIGINFO
SIGPIPE: [libjvm.dylib+0x45af24], sa_mask[0]=11111111011111110111111111111111, sa_flags=SA_RESTART|SA_SIGINFO
SIGXFSZ: [libjvm.dylib+0x45af24], sa_mask[0]=11111111011111110111111111111111, sa_flags=SA_RESTART|SA_SIGINFO
SIGILL: [libjvm.dylib+0x45af24], sa_mask[0]=11111111011111110111111111111111, sa_flags=SA_RESTART|SA_SIGINFO
SIGUSR1: SIG_DFL, sa_mask[0]=00000000000000000000000000000000, sa_flags=none
SIGUSR2: [libjvm.dylib+0x45aa42], sa_mask[0]=00100000000000000000000000000000, sa_flags=SA_RESTART|SA_SIGINFO
SIGHUP: [libjvm.dylib+0x459015], sa_mask[0]=11111111011111110111111111111111, sa_flags=SA_RESTART|SA_SIGINFO
SIGINT: [libjvm.dylib+0x459015], sa_mask[0]=11111111011111110111111111111111, sa_flags=SA_RESTART|SA_SIGINFO
SIGTERM: [libjvm.dylib+0x459015], sa_mask[0]=11111111011111110111111111111111, sa_flags=SA_RESTART|SA_SIGINFO
SIGQUIT: [libjvm.dylib+0x459015], sa_mask[0]=11111111011111110111111111111111, sa_flags=SA_RESTART|SA_SIGINFO


---------------  S Y S T E M  ---------------

OS:Bsduname:Darwin 14.1.0 Darwin Kernel Version 14.1.0: Mon Dec 22 23:10:38 PST 2014; root:xnu-2782.10.72~2/RELEASE_X86_64 x86_64
rlimit: STACK 8192k, CORE 0k, NPROC 709, NOFILE 10240, AS infinity
load average:2.85 2.54 2.28

CPU:total 4 (2 cores per cpu, 2 threads per core) family 6 model 58 stepping 9, cmov, cx8, fxsr, mmx, sse, sse2, sse3, ssse3, sse4.1, sse4.2, popcnt, avx, aes, clmul, erms, ht, tsc, tscinvbit, tscinv

Memory: 4k page, physical 8388608k(745444k free)

/proc/meminfo:


vm_info: Java HotSpot(TM) 64-Bit Server VM (25.31-b07) for bsd-amd64 JRE (1.8.0_31-b13), built on Dec 17 2014 20:45:36 by "java_re" with gcc 4.2.1 (Based on Apple Inc. build 5658) (LLVM build 2336.11.00)

time: Mon Apr 20 18:17:13 2015
elapsed time: 15 seconds (0d 0h 0m 15s)

