#
# A fatal error has been detected by the Java Runtime Environment:
#
#  SIGSEGV (0xb) at pc=0x00007fff97b560dd, pid=9035, tid=1811
#
# JRE version: Java(TM) SE Runtime Environment (8.0_31-b13) (build 1.8.0_31-b13)
# Java VM: Java HotSpot(TM) 64-Bit Server VM (25.31-b07 mixed mode bsd-amd64 compressed oops)
# Problematic frame:
# C  [libobjc.A.dylib+0x10dd]  objc_msgSend+0x1d
#
# Failed to write core dump. Core dumps have been disabled. To enable core dumping, try "ulimit -c unlimited" before starting Java again
#
# If you would like to submit a bug report, please visit:
#   http://bugreport.java.com/bugreport/crash.jsp
# The crash happened outside the Java Virtual Machine in native code.
# See problematic frame for where to report the bug.
#

---------------  T H R E A D  ---------------

Current thread (0x00007f87248af000):  JavaThread "AppKit Thread" daemon [_thread_in_native, id=1811, stack(0x00007fff506f6000,0x00007fff50ef6000)]

siginfo: si_signo: 11 (SIGSEGV), si_code: 1 (SEGV_MAPERR), si_addr: 0x0000000000000018

Registers:
RAX=0x00007f87237548b0, RBX=0x00007fff50ef1448, RCX=0x0000000000000000, RDX=0x00007f8723589320
RSP=0x00007fff50ef1268, RBP=0x00007fff50ef1270, RSI=0x00007fff901e02b4, RDI=0x00007f87237548b0
R8 =0x00007fff50ef1250, R9 =0x0000000000000063, R10=0x00007fff901e02b4, R11=0x0000000000000000
R12=0x00007f8723506840, R13=0x00000000000f4300, R14=0x00007f87237bed90, R15=0x00007fff50ef13a8
RIP=0x00007fff97b560dd, EFLAGS=0x0000000000010246, ERR=0x0000000000000004
  TRAPNO=0x000000000000000e

Top of Stack: (sp=0x00007fff50ef1268)
0x00007fff50ef1268:   00007fff90a8ecdc 00007fff50ef15d0
0x00007fff50ef1278:   00007fff90980244 00007fff50ef12fc
0x00007fff50ef1288:   00007fff50ef1300 00007fff50ef1304
0x00007fff50ef1298:   00007fff7e5a1c88 ffffffffffffffff
0x00007fff50ef12a8:   0000000000000948 00007fff7e5a1ca0
0x00007fff50ef12b8:   00007f87237bed90 0000000000000000
0x00007fff50ef12c8:   00007fff50ef13a0 0000000000000000
0x00007fff50ef12d8:   00007f8723755270 00007fff50ef1420
0x00007fff50ef12e8:   0000000000000063 00000000000f4302
0x00007fff50ef12f8:   00007f8723589320 00007f8723753f50
0x00007fff50ef1308:   00007f8723506840 0000000000000001
0x00007fff50ef1318:   00000000000f4300 00007f8723506830
0x00007fff50ef1328:   00007fff946047ba 000000017dc46070
0x00007fff50ef1338:   00007fff7f6e20d0 0000000042000000
0x00007fff50ef1348:   00007fff9460ce13 00007fff7e56c1d0
0x00007fff50ef1358:   00007fff50ef1428 0000000000000000
0x00007fff50ef1368:   00007fff7eb4a8c8 0000000000000000
0x00007fff50ef1378:   000000000000001d 0004be0397b7697a
0x00007fff50ef1388:   00007f8723506864 0000000000000000
0x00007fff50ef1398:   0000000000518901 00007f87237552b0
0x00007fff50ef13a8:   00007f87237bed90 0000000000000000
0x00007fff50ef13b8:   00007fff9021834c 00007fff50ef1460
0x00007fff50ef13c8:   00007fff9b943513 00007fff50ef1444
0x00007fff50ef13d8:   0000000000518a01 00000000ffffffff
0x00007fff50ef13e8:   00007fff7eb4a8c8 0000000000518a00
0x00007fff50ef13f8:   00007fff00000000 00007fff50ef14f0
0x00007fff50ef1408:   00007fff9ae8fedc 00007fff7eb4a8e8
0x00007fff50ef1418:   00007fff9021834c 0000000000000051
0x00007fff50ef1428:   0000000000000000 00000000000f42df
0x00007fff50ef1438:   0000000000000053 0000000000000000
0x00007fff50ef1448:   00000000000f4300 00007fff50ef14c4
0x00007fff50ef1458:   0000000000519401 00000000ffffffff 

Instructions: (pc=0x00007fff97b560dd)
0x00007fff97b560bd:   00 00 00 48 85 ff 2e 74 7a 40 f6 c7 01 2e 75 7e
0x00007fff97b560cd:   49 bb f8 ff ff ff ff 7f 00 00 4c 23 1f 49 89 f2
0x00007fff97b560dd:   45 23 53 18 49 c1 e2 04 4d 03 53 10 49 3b 32 75
0x00007fff97b560ed:   04 41 ff 62 08 49 83 3a 00 74 6a 4d 3b 53 10 74 

Register to memory mapping:

RAX=0x00007f87237548b0 is an unknown value
RBX=0x00007fff50ef1448 is pointing into the stack for thread: 0x00007f87248af000
RCX=0x0000000000000000 is an unknown value
RDX=0x00007f8723589320 is an unknown value
RSP=0x00007fff50ef1268 is pointing into the stack for thread: 0x00007f87248af000
RBP=0x00007fff50ef1270 is pointing into the stack for thread: 0x00007f87248af000
RSI=0x00007fff901e02b4: -[NSTitlebarContainerView shouldRoundCorners]+0x5ced6 in /System/Library/Frameworks/AppKit.framework/Versions/C/AppKit at 0x00007fff8f80f000
RDI=0x00007f87237548b0 is an unknown value
R8 =0x00007fff50ef1250 is pointing into the stack for thread: 0x00007f87248af000
R9 =0x0000000000000063 is an unknown value
R10=0x00007fff901e02b4: -[NSTitlebarContainerView shouldRoundCorners]+0x5ced6 in /System/Library/Frameworks/AppKit.framework/Versions/C/AppKit at 0x00007fff8f80f000
R11=0x0000000000000000 is an unknown value
R12=0x00007f8723506840 is an unknown value
R13=0x00000000000f4300 is an unknown value
R14=0x00007f87237bed90 is an unknown value
R15=0x00007fff50ef13a8 is pointing into the stack for thread: 0x00007f87248af000


Stack: [0x00007fff506f6000,0x00007fff50ef6000],  sp=0x00007fff50ef1268,  free space=8172k
Native frames: (J=compiled Java code, j=interpreted, Vv=VM code, C=native code)
C  [libobjc.A.dylib+0x10dd]  objc_msgSend+0x1d
C  [CoreFoundation+0x10244]  _CFXNotificationPost+0xc44
C  [Foundation+0x2c31]  -[NSNotificationCenter postNotificationName:object:userInfo:]+0x42
C  [AppKit+0xdd776]  -[NSSurface _disposeSurface]+0x98
C  [AppKit+0xdd1da]  -[NSSurface setWindow:]+0x42
C  [AppKit+0x3b9ef]  -[NSView _setWindow:]+0xa22
C  [AppKit+0x3cc22]  -[NSView removeFromSuperview]+0x1c5
C  [AppKit+0x9140a]  -[NSView removeFromSuperviewWithoutNeedingDisplay]+0x26
C  [liblwjgl.dylib+0xa205]  +[MacOSXKeyableWindow destroyWindow]+0xb5
C  [Foundation+0x65cdc]  __NSThreadPerformPerform+0x125
C  [CoreFoundation+0x80681]  __CFRUNLOOP_IS_CALLING_OUT_TO_A_SOURCE0_PERFORM_FUNCTION__+0x11
C  [CoreFoundation+0x7280d]  __CFRunLoopDoSources0+0x10d
C  [CoreFoundation+0x71e3f]  __CFRunLoopRun+0x39f
C  [CoreFoundation+0x71858]  CFRunLoopRunSpecific+0x128
C  [HIToolbox+0x2eaef]  RunCurrentEventLoopInMode+0xeb
C  [HIToolbox+0x2e76e]  ReceiveNextEventCommon+0xb3
C  [HIToolbox+0x2e6ab]  _BlockUntilNextEventMatchingListInModeWithFilter+0x47
C  [AppKit+0x23f81]  _DPSNextEvent+0x3c4
C  [AppKit+0x23730]  -[NSApplication nextEventMatchingMask:untilDate:inMode:dequeue:]+0xc2
C  [libosxapp.dylib+0x242a]  -[NSApplicationAWT nextEventMatchingMask:untilDate:inMode:dequeue:]+0x7c
C  [AppKit+0x17593]  -[NSApplication run]+0x252
C  [libosxapp.dylib+0x223e]  +[NSApplicationAWT runAWTLoopWithApp:]+0x9c
C  [libawt_lwawt.dylib+0x4494f]  -[AWTStarter starter:]+0x389
C  [Foundation+0x65cdc]  __NSThreadPerformPerform+0x125
C  [CoreFoundation+0x80681]  __CFRUNLOOP_IS_CALLING_OUT_TO_A_SOURCE0_PERFORM_FUNCTION__+0x11
C  [CoreFoundation+0x7280d]  __CFRunLoopDoSources0+0x10d
C  [CoreFoundation+0x71e3f]  __CFRunLoopRun+0x39f
C  [CoreFoundation+0x71858]  CFRunLoopRunSpecific+0x128
C  [java+0x56cc]  CreateExecutionEnvironment+0x367
C  [java+0x165c]  JLI_Launch+0x7a0
C  [java+0x768a]  main+0x65
C  [java+0xeb4]  start+0x34
C  0x0000000000000006


---------------  P R O C E S S  ---------------

Java Threads: ( => current thread )
  0x00007f872487d800 JavaThread "AWT-Shutdown" [_thread_blocked, id=28975, stack(0x000000013c9fe000,0x000000013cafe000)]
  0x00007f8723a5c000 JavaThread "Java2D Disposer" daemon [_thread_blocked, id=49511, stack(0x000000013ae3b000,0x000000013af3b000)]
  0x00007f872499e000 JavaThread "Java2D Queue Flusher" daemon [_thread_blocked, id=60167, stack(0x000000013a4ef000,0x000000013a5ef000)]
=>0x00007f87248af000 JavaThread "AppKit Thread" daemon [_thread_in_native, id=1811, stack(0x00007fff506f6000,0x00007fff50ef6000)]
  0x00007f8723853800 JavaThread "Service Thread" daemon [_thread_blocked, id=18179, stack(0x000000012835d000,0x000000012845d000)]
  0x00007f8724017800 JavaThread "C1 CompilerThread2" daemon [_thread_blocked, id=17667, stack(0x000000012825a000,0x000000012835a000)]
  0x00007f8724017000 JavaThread "C2 CompilerThread1" daemon [_thread_blocked, id=17155, stack(0x0000000128157000,0x0000000128257000)]
  0x00007f872380b800 JavaThread "C2 CompilerThread0" daemon [_thread_blocked, id=16643, stack(0x0000000128054000,0x0000000128154000)]
  0x00007f872400f800 JavaThread "Signal Dispatcher" daemon [_thread_blocked, id=16159, stack(0x0000000127f51000,0x0000000128051000)]
  0x00007f8724830800 JavaThread "Finalizer" daemon [_thread_blocked, id=11523, stack(0x0000000126626000,0x0000000126726000)]
  0x00007f8724830000 JavaThread "Reference Handler" daemon [_thread_blocked, id=11011, stack(0x0000000126523000,0x0000000126623000)]
  0x00007f8724806000 JavaThread "main" [_thread_in_native, id=4867, stack(0x0000000110601000,0x0000000110701000)]

Other Threads:
  0x00007f8725028800 VMThread [stack: 0x0000000126420000,0x0000000126520000] [id=10499]
  0x00007f8723816800 WatcherThread [stack: 0x0000000128460000,0x0000000128560000] [id=18691]

VM state:not at safepoint (normal execution)

VM Mutex/Monitor currently owned by a thread: None

Heap:
 PSYoungGen      total 177152K, used 176736K [0x0000000795580000, 0x00000007aa380000, 0x00000007c0000000)
  eden space 171008K, 100% used [0x0000000795580000,0x000000079fc80000,0x000000079fc80000)
  from space 6144K, 93% used [0x00000007a9d80000,0x00000007aa318050,0x00000007aa380000)
  to   space 8192K, 0% used [0x00000007a9380000,0x00000007a9380000,0x00000007a9b80000)
 ParOldGen       total 87552K, used 9705K [0x0000000740000000, 0x0000000745580000, 0x0000000795580000)
  object space 87552K, 11% used [0x0000000740000000,0x000000074097a700,0x0000000745580000)
 Metaspace       used 10349K, capacity 10517K, committed 10624K, reserved 1058816K
  class space    used 1070K, capacity 1117K, committed 1152K, reserved 1048576K

Card table byte_map: [0x000000011fac3000,0x000000011fec4000] byte_map_base: 0x000000011c0c3000

Marking Bits: (ParMarkBitMap*) 0x000000010f6a6410
 Begin Bits: [0x000000012057b000, 0x000000012257b000)
 End Bits:   [0x000000012257b000, 0x000000012457b000)

Polling page: 0x000000010fd80000

CodeCache: size=245760Kb used=4988Kb max_used=4988Kb free=240771Kb
 bounds [0x0000000110703000, 0x0000000110bf3000, 0x000000011f703000]
 total_blobs=1862 nmethods=1334 adapters=443
 compilation: enabled

Compilation events (10 events):
Event: 23.205 Thread 0x00007f8724017800 1337       3       org.newdawn.slick.state.StateBasedGame::inputStarted (1 bytes)
Event: 23.205 Thread 0x00007f8724017800 nmethod 1337 0x0000000110be3dd0 code [0x0000000110be3f20, 0x0000000110be4070]
Event: 23.205 Thread 0x00007f8724017800 1338       3       org.newdawn.slick.Graphics::resetFont (8 bytes)
Event: 23.205 Thread 0x00007f8724017800 nmethod 1338 0x0000000110be4110 code [0x0000000110be4280, 0x0000000110be4410]
Event: 23.205 Thread 0x00007f8724017800 1339       3       org.newdawn.slick.state.StateBasedGame::postRenderState (1 bytes)
Event: 23.205 Thread 0x00007f8724017800 nmethod 1339 0x0000000110be4490 code [0x0000000110be45e0, 0x0000000110be4730]
Event: 23.230 Thread 0x00007f8724017800 1340       3       org.newdawn.slick.state.StateBasedGame::preUpdateState (1 bytes)
Event: 23.231 Thread 0x00007f8724017800 nmethod 1340 0x0000000110be47d0 code [0x0000000110be4920, 0x0000000110be4a70]
Event: 23.231 Thread 0x00007f8724017800 1341       3       org.newdawn.slick.state.StateBasedGame::postUpdateState (1 bytes)
Event: 23.231 Thread 0x00007f8724017800 nmethod 1341 0x0000000110be4b10 code [0x0000000110be4c60, 0x0000000110be4db0]

GC Heap History (10 events):
Event: 13.790 GC heap before
{Heap before GC invocations=12 (full 0):
 PSYoungGen      total 219136K, used 217808K [0x0000000795580000, 0x00000007ab080000, 0x00000007c0000000)
  eden space 210944K, 100% used [0x0000000795580000,0x00000007a2380000,0x00000007a2380000)
  from space 8192K, 83% used [0x00000007a2380000,0x00000007a2a34070,0x00000007a2b80000)
  to   space 8704K, 0% used [0x00000007aa800000,0x00000007aa800000,0x00000007ab080000)
 ParOldGen       total 87552K, used 9433K [0x0000000740000000, 0x0000000745580000, 0x0000000795580000)
  object space 87552K, 10% used [0x0000000740000000,0x00000007409366f0,0x0000000745580000)
 Metaspace       used 10195K, capacity 10325K, committed 10368K, reserved 1058816K
  class space    used 1070K, capacity 1117K, committed 1152K, reserved 1048576K
Event: 13.796 GC heap after
Heap after GC invocations=12 (full 0):
 PSYoungGen      total 208384K, used 5824K [0x0000000795580000, 0x00000007aae00000, 0x00000007c0000000)
  eden space 202240K, 0% used [0x0000000795580000,0x0000000795580000,0x00000007a1b00000)
  from space 6144K, 94% used [0x00000007aa800000,0x00000007aadb0050,0x00000007aae00000)
  to   space 8192K, 0% used [0x00000007a9e00000,0x00000007a9e00000,0x00000007aa600000)
 ParOldGen       total 87552K, used 9497K [0x0000000740000000, 0x0000000745580000, 0x0000000795580000)
  object space 87552K, 10% used [0x0000000740000000,0x0000000740946700,0x0000000745580000)
 Metaspace       used 10195K, capacity 10325K, committed 10368K, reserved 1058816K
  class space    used 1070K, capacity 1117K, committed 1152K, reserved 1048576K
}
Event: 14.776 GC heap before
{Heap before GC invocations=13 (full 0):
 PSYoungGen      total 208384K, used 208064K [0x0000000795580000, 0x00000007aae00000, 0x00000007c0000000)
  eden space 202240K, 100% used [0x0000000795580000,0x00000007a1b00000,0x00000007a1b00000)
  from space 6144K, 94% used [0x00000007aa800000,0x00000007aadb0050,0x00000007aae00000)
  to   space 8192K, 0% used [0x00000007a9e00000,0x00000007a9e00000,0x00000007aa600000)
 ParOldGen       total 87552K, used 9497K [0x0000000740000000, 0x0000000745580000, 0x0000000795580000)
  object space 87552K, 10% used [0x0000000740000000,0x0000000740946700,0x0000000745580000)
 Metaspace       used 10209K, capacity 10389K, committed 10624K, reserved 1058816K
  class space    used 1070K, capacity 1117K, committed 1152K, reserved 1048576K
Event: 14.783 GC heap after
Heap after GC invocations=13 (full 0):
 PSYoungGen      total 201216K, used 6816K [0x0000000795580000, 0x00000007aa880000, 0x00000007c0000000)
  eden space 194048K, 0% used [0x0000000795580000,0x0000000795580000,0x00000007a1300000)
  from space 7168K, 95% used [0x00000007a9e00000,0x00000007aa4a8060,0x00000007aa500000)
  to   space 3584K, 0% used [0x00000007aa500000,0x00000007aa500000,0x00000007aa880000)
 ParOldGen       total 87552K, used 9521K [0x0000000740000000, 0x0000000745580000, 0x0000000795580000)
  object space 87552K, 10% used [0x0000000740000000,0x000000074094c700,0x0000000745580000)
 Metaspace       used 10209K, capacity 10389K, committed 10624K, reserved 1058816K
  class space    used 1070K, capacity 1117K, committed 1152K, reserved 1048576K
}
Event: 15.695 GC heap before
{Heap before GC invocations=14 (full 0):
 PSYoungGen      total 201216K, used 200864K [0x0000000795580000, 0x00000007aa880000, 0x00000007c0000000)
  eden space 194048K, 100% used [0x0000000795580000,0x00000007a1300000,0x00000007a1300000)
  from space 7168K, 95% used [0x00000007a9e00000,0x00000007aa4a8060,0x00000007aa500000)
  to   space 3584K, 0% used [0x00000007aa500000,0x00000007aa500000,0x00000007aa880000)
 ParOldGen       total 87552K, used 9521K [0x0000000740000000, 0x0000000745580000, 0x0000000795580000)
  object space 87552K, 10% used [0x0000000740000000,0x000000074094c700,0x0000000745580000)
 Metaspace       used 10216K, capacity 10389K, committed 10624K, reserved 1058816K
  class space    used 1070K, capacity 1117K, committed 1152K, reserved 1048576K
Event: 15.699 GC heap after
Heap after GC invocations=14 (full 0):
 PSYoungGen      total 189440K, used 3552K [0x0000000795580000, 0x00000007aa880000, 0x00000007c0000000)
  eden space 185856K, 0% used [0x0000000795580000,0x0000000795580000,0x00000007a0b00000)
  from space 3584K, 99% used [0x00000007aa500000,0x00000007aa878030,0x00000007aa880000)
  to   space 8704K, 0% used [0x00000007a9780000,0x00000007a9780000,0x00000007aa000000)
 ParOldGen       total 87552K, used 9673K [0x0000000740000000, 0x0000000745580000, 0x0000000795580000)
  object space 87552K, 11% used [0x0000000740000000,0x0000000740972700,0x0000000745580000)
 Metaspace       used 10216K, capacity 10389K, committed 10624K, reserved 1058816K
  class space    used 1070K, capacity 1117K, committed 1152K, reserved 1048576K
}
Event: 16.557 GC heap before
{Heap before GC invocations=15 (full 0):
 PSYoungGen      total 189440K, used 189408K [0x0000000795580000, 0x00000007aa880000, 0x00000007c0000000)
  eden space 185856K, 100% used [0x0000000795580000,0x00000007a0b00000,0x00000007a0b00000)
  from space 3584K, 99% used [0x00000007aa500000,0x00000007aa878030,0x00000007aa880000)
  to   space 8704K, 0% used [0x00000007a9780000,0x00000007a9780000,0x00000007aa000000)
 ParOldGen       total 87552K, used 9673K [0x0000000740000000, 0x0000000745580000, 0x0000000795580000)
  object space 87552K, 11% used [0x0000000740000000,0x0000000740972700,0x0000000745580000)
 Metaspace       used 10220K, capacity 10389K, committed 10624K, reserved 1058816K
  class space    used 1070K, capacity 1117K, committed 1152K, reserved 1048576K
Event: 16.564 GC heap after
Heap after GC invocations=15 (full 0):
 PSYoungGen      total 184320K, used 5728K [0x0000000795580000, 0x00000007aa580000, 0x00000007c0000000)
  eden space 178176K, 0% used [0x0000000795580000,0x0000000795580000,0x00000007a0380000)
  from space 6144K, 93% used [0x00000007a9780000,0x00000007a9d18050,0x00000007a9d80000)
  to   space 8192K, 0% used [0x00000007a9d80000,0x00000007a9d80000,0x00000007aa580000)
 ParOldGen       total 87552K, used 9697K [0x0000000740000000, 0x0000000745580000, 0x0000000795580000)
  object space 87552K, 11% used [0x0000000740000000,0x0000000740978700,0x0000000745580000)
 Metaspace       used 10220K, capacity 10389K, committed 10624K, reserved 1058816K
  class space    used 1070K, capacity 1117K, committed 1152K, reserved 1048576K
}
Event: 17.538 GC heap before
{Heap before GC invocations=16 (full 0):
 PSYoungGen      total 184320K, used 183904K [0x0000000795580000, 0x00000007aa580000, 0x00000007c0000000)
  eden space 178176K, 100% used [0x0000000795580000,0x00000007a0380000,0x00000007a0380000)
  from space 6144K, 93% used [0x00000007a9780000,0x00000007a9d18050,0x00000007a9d80000)
  to   space 8192K, 0% used [0x00000007a9d80000,0x00000007a9d80000,0x00000007aa580000)
 ParOldGen       total 87552K, used 9697K [0x0000000740000000, 0x0000000745580000, 0x0000000795580000)
  object space 87552K, 11% used [0x0000000740000000,0x0000000740978700,0x0000000745580000)
 Metaspace       used 10229K, capacity 10389K, committed 10624K, reserved 1058816K
  class space    used 1070K, capacity 1117K, committed 1152K, reserved 1048576K
Event: 17.543 GC heap after
Heap after GC invocations=16 (full 0):
 PSYoungGen      total 177152K, used 5728K [0x0000000795580000, 0x00000007aa380000, 0x00000007c0000000)
  eden space 171008K, 0% used [0x0000000795580000,0x0000000795580000,0x000000079fc80000)
  from space 6144K, 93% used [0x00000007a9d80000,0x00000007aa318050,0x00000007aa380000)
  to   space 8192K, 0% used [0x00000007a9380000,0x00000007a9380000,0x00000007a9b80000)
 ParOldGen       total 87552K, used 9705K [0x0000000740000000, 0x0000000745580000, 0x0000000795580000)
  object space 87552K, 11% used [0x0000000740000000,0x000000074097a700,0x0000000745580000)
 Metaspace       used 10229K, capacity 10389K, committed 10624K, reserved 1058816K
  class space    used 1070K, capacity 1117K, committed 1152K, reserved 1048576K
}

Deoptimization events (10 events):
Event: 4.879 Thread 0x00007f8724806000 Uncommon trap: reason=bimorphic action=maybe_recompile pc=0x00000001109199c0 method=java.util.HashMap.putVal(ILjava/lang/Object;Ljava/lang/Object;ZZ)Ljava/lang/Object; @ 91
Event: 4.879 Thread 0x00007f8724806000 Uncommon trap: reason=bimorphic action=maybe_recompile pc=0x00000001109199c0 method=java.util.HashMap.putVal(ILjava/lang/Object;Ljava/lang/Object;ZZ)Ljava/lang/Object; @ 91
Event: 4.880 Thread 0x00007f8724806000 Uncommon trap: reason=bimorphic action=maybe_recompile pc=0x0000000110911e64 method=java.util.HashMap.putVal(ILjava/lang/Object;Ljava/lang/Object;ZZ)Ljava/lang/Object; @ 91
Event: 7.519 Thread 0x00007f8724806000 Uncommon trap: reason=class_check action=maybe_recompile pc=0x00000001109825d8 method=java.util.HashMap.putVal(ILjava/lang/Object;Ljava/lang/Object;ZZ)Ljava/lang/Object; @ 253
Event: 7.519 Thread 0x00007f8724806000 Uncommon trap: reason=class_check action=maybe_recompile pc=0x00000001109825d8 method=java.util.HashMap.putVal(ILjava/lang/Object;Ljava/lang/Object;ZZ)Ljava/lang/Object; @ 253
Event: 7.519 Thread 0x00007f8724806000 Uncommon trap: reason=class_check action=maybe_recompile pc=0x00000001109825d8 method=java.util.HashMap.putVal(ILjava/lang/Object;Ljava/lang/Object;ZZ)Ljava/lang/Object; @ 253
Event: 7.519 Thread 0x00007f8724806000 Uncommon trap: reason=class_check action=maybe_recompile pc=0x00000001109825d8 method=java.util.HashMap.putVal(ILjava/lang/Object;Ljava/lang/Object;ZZ)Ljava/lang/Object; @ 253
Event: 10.737 Thread 0x00007f8724806000 Uncommon trap: reason=unloaded action=reinterpret pc=0x0000000110ada878 method=sun.font.CStrike$GlyphInfoCache.get(I)J @ 58
Event: 10.865 Thread 0x00007f8724806000 Uncommon trap: reason=range_check action=make_not_entrant pc=0x0000000110adbb44 method=java.awt.geom.AffineTransform.<init>([D)V @ 7
Event: 12.329 Thread 0x00007f8724806000 Uncommon trap: reason=range_check action=make_not_entrant pc=0x0000000110b24134 method=sun.font.CCharToGlyphMapper$Cache.get(I[C[I)V @ 345

Internal exceptions (10 events):
Event: 7.398 Thread 0x00007f8724806000 Exception <a 'java/security/PrivilegedActionException'> (0x0000000795cbf3b8) thrown at [/Users/java_re/workspace/8-2-build-macosx-x86_64/jdk8u31/2394/hotspot/src/share/vm/prims/jvm.cpp, line 1312]
Event: 7.642 Thread 0x00007f8724806000 Exception <a 'java/security/PrivilegedActionException'> (0x0000000797325fa0) thrown at [/Users/java_re/workspace/8-2-build-macosx-x86_64/jdk8u31/2394/hotspot/src/share/vm/prims/jvm.cpp, line 1312]
Event: 7.824 Thread 0x00007f8724806000 Exception <a 'java/security/PrivilegedActionException'> (0x00000007967a1750) thrown at [/Users/java_re/workspace/8-2-build-macosx-x86_64/jdk8u31/2394/hotspot/src/share/vm/prims/jvm.cpp, line 1312]
Event: 7.828 Thread 0x00007f8724806000 Exception <a 'java/security/PrivilegedActionException'> (0x00000007967a9620) thrown at [/Users/java_re/workspace/8-2-build-macosx-x86_64/jdk8u31/2394/hotspot/src/share/vm/prims/jvm.cpp, line 1312]
Event: 8.563 Thread 0x00007f8724806000 Exception <a 'java/security/PrivilegedActionException'> (0x00000007968e32e8) thrown at [/Users/java_re/workspace/8-2-build-macosx-x86_64/jdk8u31/2394/hotspot/src/share/vm/prims/jvm.cpp, line 1312]
Event: 8.563 Thread 0x00007f8724806000 Exception <a 'java/security/PrivilegedActionException'> (0x00000007968e9ea0) thrown at [/Users/java_re/workspace/8-2-build-macosx-x86_64/jdk8u31/2394/hotspot/src/share/vm/prims/jvm.cpp, line 1312]
Event: 8.565 Thread 0x00007f8724806000 Exception <a 'java/security/PrivilegedActionException'> (0x00000007968f4fe0) thrown at [/Users/java_re/workspace/8-2-build-macosx-x86_64/jdk8u31/2394/hotspot/src/share/vm/prims/jvm.cpp, line 1312]
Event: 8.566 Thread 0x00007f8724806000 Exception <a 'java/security/PrivilegedActionException'> (0x00000007968fa5e8) thrown at [/Users/java_re/workspace/8-2-build-macosx-x86_64/jdk8u31/2394/hotspot/src/share/vm/prims/jvm.cpp, line 1312]
Event: 12.198 Thread 0x00007f8724806000 Exception <a 'java/security/PrivilegedActionException'> (0x000000079cb6a870) thrown at [/Users/java_re/workspace/8-2-build-macosx-x86_64/jdk8u31/2394/hotspot/src/share/vm/prims/jvm.cpp, line 1312]
Event: 23.268 Thread 0x00007f8724806000 Exception <a 'java/security/PrivilegedActionException'> (0x000000079fa9cdd0) thrown at [/Users/java_re/workspace/8-2-build-macosx-x86_64/jdk8u31/2394/hotspot/src/share/vm/prims/jvm.cpp, line 1312]

Events (10 events):
Event: 17.552 Executing VM operation: RevokeBias
Event: 17.552 Executing VM operation: RevokeBias done
Event: 17.552 Executing VM operation: RevokeBias
Event: 17.553 Executing VM operation: RevokeBias done
Event: 20.824 Executing VM operation: RevokeBias
Event: 20.824 Executing VM operation: RevokeBias done
Event: 20.824 Thread 0x00007f872512f800 Thread exited: 0x00007f872512f800
Event: 21.513 Thread 0x00007f872487d800 Thread added: 0x00007f872487d800
Event: 23.268 loading class org/lwjgl/opengl/CallbackUtil
Event: 23.268 loading class org/lwjgl/opengl/CallbackUtil done


Dynamic libraries:
0x000000000d140000 	/System/Library/Frameworks/Cocoa.framework/Versions/A/Cocoa
0x000000000d140000 	/System/Library/Frameworks/Security.framework/Versions/A/Security
0x000000000d140000 	/System/Library/Frameworks/ApplicationServices.framework/Versions/A/ApplicationServices
0x000000000d140000 	/usr/lib/libz.1.dylib
0x000000000d140000 	/usr/lib/libSystem.B.dylib
0x000000000d140000 	/usr/lib/libobjc.A.dylib
0x000000000d140000 	/System/Library/Frameworks/CoreFoundation.framework/Versions/A/CoreFoundation
0x000000000d140000 	/System/Library/Frameworks/Foundation.framework/Versions/C/Foundation
0x000000000d140000 	/System/Library/Frameworks/AppKit.framework/Versions/C/AppKit
0x000000000d140000 	/System/Library/Frameworks/CoreData.framework/Versions/A/CoreData
0x000000000d140000 	/System/Library/PrivateFrameworks/RemoteViewServices.framework/Versions/A/RemoteViewServices
0x000000000d140000 	/System/Library/PrivateFrameworks/UIFoundation.framework/Versions/A/UIFoundation
0x000000000d140000 	/System/Library/Frameworks/IOSurface.framework/Versions/A/IOSurface
0x000000000d140000 	/System/Library/Frameworks/AudioToolbox.framework/Versions/A/AudioToolbox
0x000000000d140000 	/System/Library/Frameworks/AudioUnit.framework/Versions/A/AudioUnit
0x000000000d140000 	/System/Library/PrivateFrameworks/DataDetectorsCore.framework/Versions/A/DataDetectorsCore
0x000000000d140000 	/System/Library/PrivateFrameworks/DesktopServicesPriv.framework/Versions/A/DesktopServicesPriv
0x000000000d140000 	/System/Library/Frameworks/Carbon.framework/Versions/A/Frameworks/HIToolbox.framework/Versions/A/HIToolbox
0x000000000d140000 	/System/Library/Frameworks/QuartzCore.framework/Versions/A/QuartzCore
0x000000000d140000 	/System/Library/Frameworks/Carbon.framework/Versions/A/Frameworks/SpeechRecognition.framework/Versions/A/SpeechRecognition
0x000000000d140000 	/usr/lib/libauto.dylib
0x000000000d140000 	/usr/lib/libicucore.A.dylib
0x000000000d140000 	/usr/lib/libxml2.2.dylib
0x000000000d140000 	/System/Library/PrivateFrameworks/CoreUI.framework/Versions/A/CoreUI
0x000000000d140000 	/System/Library/Frameworks/CoreAudio.framework/Versions/A/CoreAudio
0x000000000d140000 	/System/Library/Frameworks/DiskArbitration.framework/Versions/A/DiskArbitration
0x000000000d140000 	/usr/lib/liblangid.dylib
0x000000000d140000 	/System/Library/PrivateFrameworks/MultitouchSupport.framework/Versions/A/MultitouchSupport
0x000000000d140000 	/System/Library/Frameworks/IOKit.framework/Versions/A/IOKit
0x000000000d140000 	/usr/lib/libDiagnosticMessagesClient.dylib
0x000000000d140000 	/System/Library/Frameworks/CoreServices.framework/Versions/A/CoreServices
0x000000000d140000 	/System/Library/PrivateFrameworks/PerformanceAnalysis.framework/Versions/A/PerformanceAnalysis
0x000000000d140000 	/System/Library/PrivateFrameworks/GenerationalStorage.framework/Versions/A/GenerationalStorage
0x000000000d140000 	/System/Library/Frameworks/OpenGL.framework/Versions/A/OpenGL
0x000000000d140000 	/System/Library/PrivateFrameworks/Sharing.framework/Versions/A/Sharing
0x000000000d140000 	/System/Library/Frameworks/CoreGraphics.framework/Versions/A/CoreGraphics
0x000000000d140000 	/System/Library/Frameworks/CoreText.framework/Versions/A/CoreText
0x000000000d140000 	/System/Library/Frameworks/ImageIO.framework/Versions/A/ImageIO
0x000000000d140000 	/usr/lib/libextension.dylib
0x000000000d140000 	/System/Library/PrivateFrameworks/Backup.framework/Versions/A/Backup
0x000000000d140000 	/usr/lib/libarchive.2.dylib
0x000000000d140000 	/System/Library/Frameworks/CFNetwork.framework/Versions/A/CFNetwork
0x000000000d140000 	/System/Library/Frameworks/SystemConfiguration.framework/Versions/A/SystemConfiguration
0x000000000d140000 	/usr/lib/libCRFSuite.dylib
0x000000000d140000 	/usr/lib/libc++.1.dylib
0x000000000d140000 	/usr/lib/libc++abi.dylib
0x000000000d140000 	/usr/lib/system/libcache.dylib
0x000000000d140000 	/usr/lib/system/libcommonCrypto.dylib
0x000000000d140000 	/usr/lib/system/libcompiler_rt.dylib
0x000000000d140000 	/usr/lib/system/libcopyfile.dylib
0x000000000d140000 	/usr/lib/system/libcorecrypto.dylib
0x000000000d140000 	/usr/lib/system/libdispatch.dylib
0x000000000d140000 	/usr/lib/system/libdyld.dylib
0x000000000d140000 	/usr/lib/system/libkeymgr.dylib
0x000000000d140000 	/usr/lib/system/liblaunch.dylib
0x000000000d140000 	/usr/lib/system/libmacho.dylib
0x000000000d140000 	/usr/lib/system/libquarantine.dylib
0x000000000d140000 	/usr/lib/system/libremovefile.dylib
0x000000000d140000 	/usr/lib/system/libsystem_asl.dylib
0x000000000d140000 	/usr/lib/system/libsystem_blocks.dylib
0x000000000d140000 	/usr/lib/system/libsystem_c.dylib
0x000000000d140000 	/usr/lib/system/libsystem_configuration.dylib
0x000000000d140000 	/usr/lib/system/libsystem_coreservices.dylib
0x000000000d140000 	/usr/lib/system/libsystem_coretls.dylib
0x000000000d140000 	/usr/lib/system/libsystem_dnssd.dylib
0x000000000d140000 	/usr/lib/system/libsystem_info.dylib
0x000000000d140000 	/usr/lib/system/libsystem_kernel.dylib
0x000000000d140000 	/usr/lib/system/libsystem_m.dylib
0x000000000d140000 	/usr/lib/system/libsystem_malloc.dylib
0x000000000d140000 	/usr/lib/system/libsystem_network.dylib
0x000000000d140000 	/usr/lib/system/libsystem_networkextension.dylib
0x000000000d140000 	/usr/lib/system/libsystem_notify.dylib
0x000000000d140000 	/usr/lib/system/libsystem_platform.dylib
0x000000000d140000 	/usr/lib/system/libsystem_pthread.dylib
0x000000000d140000 	/usr/lib/system/libsystem_sandbox.dylib
0x000000000d140000 	/usr/lib/system/libsystem_secinit.dylib
0x000000000d140000 	/usr/lib/system/libsystem_stats.dylib
0x000000000d140000 	/usr/lib/system/libsystem_trace.dylib
0x000000000d140000 	/usr/lib/system/libunc.dylib
0x000000000d140000 	/usr/lib/system/libunwind.dylib
0x000000000d140000 	/usr/lib/system/libxpc.dylib
0x000000000d140000 	/usr/lib/libbz2.1.0.dylib
0x000000000d140000 	/usr/lib/liblzma.5.dylib
0x000000000d140000 	/usr/lib/libbsm.0.dylib
0x000000000d140000 	/usr/lib/libsqlite3.dylib
0x000000000d140000 	/usr/lib/system/libkxld.dylib
0x000000000d140000 	/usr/lib/libxar.1.dylib
0x000000000d140000 	/usr/lib/libpam.2.dylib
0x000000000d140000 	/usr/lib/libOpenScriptingUtil.dylib
0x000000000d140000 	/System/Library/Frameworks/CoreServices.framework/Versions/A/Frameworks/FSEvents.framework/Versions/A/FSEvents
0x000000000d140000 	/System/Library/Frameworks/CoreServices.framework/Versions/A/Frameworks/CarbonCore.framework/Versions/A/CarbonCore
0x000000000d140000 	/System/Library/Frameworks/CoreServices.framework/Versions/A/Frameworks/Metadata.framework/Versions/A/Metadata
0x000000000d140000 	/System/Library/Frameworks/CoreServices.framework/Versions/A/Frameworks/OSServices.framework/Versions/A/OSServices
0x000000000d140000 	/System/Library/Frameworks/CoreServices.framework/Versions/A/Frameworks/SearchKit.framework/Versions/A/SearchKit
0x000000000d140000 	/System/Library/Frameworks/CoreServices.framework/Versions/A/Frameworks/AE.framework/Versions/A/AE
0x000000000d140000 	/System/Library/Frameworks/CoreServices.framework/Versions/A/Frameworks/LaunchServices.framework/Versions/A/LaunchServices
0x000000000d140000 	/System/Library/Frameworks/CoreServices.framework/Versions/A/Frameworks/DictionaryServices.framework/Versions/A/DictionaryServices
0x000000000d140000 	/System/Library/Frameworks/NetFS.framework/Versions/A/NetFS
0x000000000d140000 	/System/Library/PrivateFrameworks/NetAuth.framework/Versions/A/NetAuth
0x000000000d140000 	/System/Library/PrivateFrameworks/login.framework/Versions/A/Frameworks/loginsupport.framework/Versions/A/loginsupport
0x000000000d140000 	/System/Library/PrivateFrameworks/TCC.framework/Versions/A/TCC
0x000000000d140000 	/usr/lib/libmecabra.dylib
0x000000000d140000 	/System/Library/Frameworks/ApplicationServices.framework/Versions/A/Frameworks/ATS.framework/Versions/A/ATS
0x000000000d140000 	/System/Library/Frameworks/ApplicationServices.framework/Versions/A/Frameworks/ColorSync.framework/Versions/A/ColorSync
0x000000000d140000 	/System/Library/Frameworks/ApplicationServices.framework/Versions/A/Frameworks/HIServices.framework/Versions/A/HIServices
0x000000000d140000 	/System/Library/Frameworks/ApplicationServices.framework/Versions/A/Frameworks/LangAnalysis.framework/Versions/A/LangAnalysis
0x000000000d140000 	/System/Library/Frameworks/ApplicationServices.framework/Versions/A/Frameworks/PrintCore.framework/Versions/A/PrintCore
0x000000000d140000 	/System/Library/Frameworks/ApplicationServices.framework/Versions/A/Frameworks/QD.framework/Versions/A/QD
0x000000000d140000 	/System/Library/Frameworks/ApplicationServices.framework/Versions/A/Frameworks/SpeechSynthesis.framework/Versions/A/SpeechSynthesis
0x000000000d140000 	/System/Library/Frameworks/Accelerate.framework/Versions/A/Accelerate
0x000000000d140000 	/System/Library/Frameworks/Accelerate.framework/Versions/A/Frameworks/vImage.framework/Versions/A/vImage
0x000000000d140000 	/System/Library/Frameworks/Accelerate.framework/Versions/A/Frameworks/vecLib.framework/Versions/A/vecLib
0x000000000d140000 	/System/Library/Frameworks/Accelerate.framework/Versions/A/Frameworks/vecLib.framework/Versions/A/libvDSP.dylib
0x000000000d140000 	/System/Library/Frameworks/Accelerate.framework/Versions/A/Frameworks/vecLib.framework/Versions/A/libvMisc.dylib
0x000000000d140000 	/System/Library/Frameworks/Accelerate.framework/Versions/A/Frameworks/vecLib.framework/Versions/A/libLAPACK.dylib
0x000000000d140000 	/System/Library/Frameworks/Accelerate.framework/Versions/A/Frameworks/vecLib.framework/Versions/A/libBLAS.dylib
0x000000000d140000 	/System/Library/Frameworks/Accelerate.framework/Versions/A/Frameworks/vecLib.framework/Versions/A/libLinearAlgebra.dylib
0x000000000d140000 	/System/Library/Frameworks/ApplicationServices.framework/Versions/A/Frameworks/ATS.framework/Versions/A/Resources/libFontParser.dylib
0x000000000d140000 	/System/Library/Frameworks/ApplicationServices.framework/Versions/A/Frameworks/ATS.framework/Versions/A/Resources/libFontRegistry.dylib
0x000000000d140000 	/System/Library/PrivateFrameworks/AppleVPA.framework/Versions/A/AppleVPA
0x000000000d140000 	/System/Library/PrivateFrameworks/AppleJPEG.framework/Versions/A/AppleJPEG
0x000000000d140000 	/System/Library/Frameworks/ImageIO.framework/Versions/A/Resources/libJPEG.dylib
0x000000000d140000 	/System/Library/Frameworks/ImageIO.framework/Versions/A/Resources/libTIFF.dylib
0x000000000d140000 	/System/Library/Frameworks/ImageIO.framework/Versions/A/Resources/libPng.dylib
0x000000000d140000 	/System/Library/Frameworks/ImageIO.framework/Versions/A/Resources/libGIF.dylib
0x000000000d140000 	/System/Library/Frameworks/ImageIO.framework/Versions/A/Resources/libJP2.dylib
0x000000000d140000 	/System/Library/Frameworks/ImageIO.framework/Versions/A/Resources/libRadiance.dylib
0x000000000d140000 	/System/Library/Frameworks/CoreVideo.framework/Versions/A/CoreVideo
0x000000000d140000 	/System/Library/Frameworks/OpenGL.framework/Versions/A/Libraries/libGLU.dylib
0x000000000d140000 	/System/Library/Frameworks/OpenGL.framework/Versions/A/Libraries/libGFXShared.dylib
0x000000000d140000 	/System/Library/Frameworks/OpenGL.framework/Versions/A/Libraries/libGL.dylib
0x000000000d140000 	/System/Library/Frameworks/OpenGL.framework/Versions/A/Libraries/libGLImage.dylib
0x000000000d140000 	/System/Library/Frameworks/OpenGL.framework/Versions/A/Libraries/libCVMSPluginSupport.dylib
0x000000000d140000 	/System/Library/Frameworks/OpenGL.framework/Versions/A/Libraries/libCoreVMClient.dylib
0x000000000d140000 	/usr/lib/libcups.2.dylib
0x000000000d140000 	/System/Library/Frameworks/Kerberos.framework/Versions/A/Kerberos
0x000000000d140000 	/System/Library/Frameworks/GSS.framework/Versions/A/GSS
0x000000000d140000 	/usr/lib/libresolv.9.dylib
0x000000000d140000 	/usr/lib/libiconv.2.dylib
0x000000000d140000 	/System/Library/PrivateFrameworks/Heimdal.framework/Versions/A/Heimdal
0x000000000d140000 	/usr/lib/libheimdal-asn1.dylib
0x000000000d140000 	/System/Library/Frameworks/OpenDirectory.framework/Versions/A/OpenDirectory
0x000000000d140000 	/System/Library/PrivateFrameworks/CommonAuth.framework/Versions/A/CommonAuth
0x000000000d140000 	/System/Library/Frameworks/OpenDirectory.framework/Versions/A/Frameworks/CFOpenDirectory.framework/Versions/A/CFOpenDirectory
0x000000000d140000 	/System/Library/Frameworks/SecurityFoundation.framework/Versions/A/SecurityFoundation
0x000000000d140000 	/System/Library/PrivateFrameworks/LanguageModeling.framework/Versions/A/LanguageModeling
0x000000000d140000 	/usr/lib/libcmph.dylib
0x000000000d140000 	/System/Library/Frameworks/ServiceManagement.framework/Versions/A/ServiceManagement
0x000000000d140000 	/usr/lib/libxslt.1.dylib
0x000000000d140000 	/System/Library/Frameworks/Carbon.framework/Versions/A/Frameworks/Ink.framework/Versions/A/Ink
0x000000000d140000 	/System/Library/Frameworks/QuartzCore.framework/Versions/A/Frameworks/CoreImage.framework/Versions/A/CoreImage
0x000000000d140000 	/System/Library/PrivateFrameworks/CrashReporterSupport.framework/Versions/A/CrashReporterSupport
0x000000000d140000 	/System/Library/Frameworks/OpenCL.framework/Versions/A/OpenCL
0x000000000d140000 	/System/Library/PrivateFrameworks/FaceCore.framework/Versions/A/FaceCore
0x000000000d140000 	/System/Library/PrivateFrameworks/Ubiquity.framework/Versions/A/Ubiquity
0x000000000d140000 	/System/Library/PrivateFrameworks/IconServices.framework/Versions/A/IconServices
0x000000000d140000 	/System/Library/PrivateFrameworks/ChunkingLibrary.framework/Versions/A/ChunkingLibrary
0x000000000d140000 	/System/Library/PrivateFrameworks/Apple80211.framework/Versions/A/Apple80211
0x000000000d140000 	/System/Library/Frameworks/CoreWLAN.framework/Versions/A/CoreWLAN
0x000000000d140000 	/System/Library/Frameworks/IOBluetooth.framework/Versions/A/IOBluetooth
0x000000000d140000 	/System/Library/PrivateFrameworks/CoreWiFi.framework/Versions/A/CoreWiFi
0x000000000d140000 	/System/Library/Frameworks/CoreBluetooth.framework/Versions/A/CoreBluetooth
0x000000000d140000 	/System/Library/PrivateFrameworks/DebugSymbols.framework/Versions/A/DebugSymbols
0x000000000d140000 	/System/Library/PrivateFrameworks/CoreSymbolication.framework/Versions/A/CoreSymbolication
0x000000000d140000 	/System/Library/PrivateFrameworks/Symbolication.framework/Versions/A/Symbolication
0x000000000d140000 	/System/Library/PrivateFrameworks/SpeechRecognitionCore.framework/Versions/A/SpeechRecognitionCore
0x000000010ee08000 	/Library/Java/JavaVirtualMachines/jdk1.8.0_31.jdk/Contents/Home/jre/lib/server/libjvm.dylib
0x000000000d140000 	/usr/lib/libstdc++.6.dylib
0x000000010fd3e000 	/Library/Java/JavaVirtualMachines/jdk1.8.0_31.jdk/Contents/Home/jre/lib/libverify.dylib
0x000000010fd4c000 	/Library/Java/JavaVirtualMachines/jdk1.8.0_31.jdk/Contents/Home/jre/lib/libjava.dylib
0x000000010fd8a000 	/Library/Java/JavaVirtualMachines/jdk1.8.0_31.jdk/Contents/Home/jre/lib/libzip.dylib
0x000000010fde4000 	/System/Library/Frameworks/JavaVM.framework/Frameworks/JavaRuntimeSupport.framework/JavaRuntimeSupport
0x0000000126728000 	/System/Library/Frameworks/JavaVM.framework/Versions/A/Frameworks/JavaNativeFoundation.framework/Versions/A/JavaNativeFoundation
0x000000012673c000 	/System/Library/Frameworks/JavaVM.framework/Versions/A/JavaVM
0x000000000d140000 	/System/Library/Frameworks/Carbon.framework/Versions/A/Carbon
0x0000000126748000 	/System/Library/PrivateFrameworks/JavaLaunching.framework/Versions/A/JavaLaunching
0x000000000d140000 	/System/Library/Frameworks/Carbon.framework/Versions/A/Frameworks/CommonPanels.framework/Versions/A/CommonPanels
0x000000000d140000 	/System/Library/Frameworks/Carbon.framework/Versions/A/Frameworks/Help.framework/Versions/A/Help
0x000000000d140000 	/System/Library/Frameworks/Carbon.framework/Versions/A/Frameworks/ImageCapture.framework/Versions/A/ImageCapture
0x000000000d140000 	/System/Library/Frameworks/Carbon.framework/Versions/A/Frameworks/OpenScripting.framework/Versions/A/OpenScripting
0x000000000d140000 	/System/Library/Frameworks/Carbon.framework/Versions/A/Frameworks/Print.framework/Versions/A/Print
0x000000000d140000 	/System/Library/Frameworks/Carbon.framework/Versions/A/Frameworks/SecurityHI.framework/Versions/A/SecurityHI
0x00000001285d1000 	/Library/Java/JavaVirtualMachines/jdk1.8.0_31.jdk/Contents/Home/jre/lib/libawt.dylib
0x0000000128680000 	/Library/Java/JavaVirtualMachines/jdk1.8.0_31.jdk/Contents/Home/jre/lib/./libmlib_image.dylib
0x000000012874c000 	/Library/Java/JavaVirtualMachines/jdk1.8.0_31.jdk/Contents/Home/jre/lib/libawt_lwawt.dylib
0x00000001287ff000 	/Library/Java/JavaVirtualMachines/jdk1.8.0_31.jdk/Contents/Home/jre/lib/./libosxapp.dylib
0x000000000d140000 	/System/Library/Frameworks/ExceptionHandling.framework/Versions/A/ExceptionHandling
0x000000000d140000 	/System/Library/PrivateFrameworks/CoreServicesInternal.framework/Versions/A/CoreServicesInternal
0x000000000d140000 	/System/Library/PrivateFrameworks/CloudDocs.framework/Versions/A/CloudDocs
0x000000000d140000 	/System/Library/PrivateFrameworks/CoreDuet.framework/Versions/A/CoreDuet
0x000000000d140000 	/System/Library/Frameworks/CloudKit.framework/Versions/A/CloudKit
0x000000000d140000 	/System/Library/PrivateFrameworks/ProtocolBuffer.framework/Versions/A/ProtocolBuffer
0x000000000d140000 	/System/Library/PrivateFrameworks/CoreDuetDaemonProtocol.framework/Versions/A/CoreDuetDaemonProtocol
0x000000000d140000 	/System/Library/PrivateFrameworks/CoreDuetDebugLogging.framework/Versions/A/CoreDuetDebugLogging
0x000000000d140000 	/System/Library/Frameworks/CoreLocation.framework/Versions/A/CoreLocation
0x000000000d140000 	/System/Library/Frameworks/Accounts.framework/Versions/A/Accounts
0x000000000d140000 	/System/Library/PrivateFrameworks/ApplePushService.framework/Versions/A/ApplePushService
0x000000000d140000 	/System/Library/PrivateFrameworks/GeoServices.framework/Versions/A/GeoServices
0x000000000d140000 	/System/Library/PrivateFrameworks/OAuth.framework/Versions/A/OAuth
0x000000000d140000 	/System/Library/PrivateFrameworks/CoreDaemon.framework/Versions/B/CoreDaemon
0x000000000d140000 	/usr/lib/libcrypto.0.9.8.dylib
0x000000000d140000 	/System/Library/PrivateFrameworks/AppleSRP.framework/Versions/A/AppleSRP
0x000000000d140000 	/System/Library/PrivateFrameworks/TrustEvaluationAgent.framework/Versions/A/TrustEvaluationAgent
0x000000000d140000 	/System/Library/Frameworks/CoreGraphics.framework/Versions/A/Resources/libCGCMS.A.dylib
0x000000000d140000 	/System/Library/Frameworks/CoreGraphics.framework/Versions/A/Resources/libRIP.A.dylib
0x000000000d140000 	/System/Library/Frameworks/CoreGraphics.framework/Versions/A/Resources/libCGXType.A.dylib
0x000000000d140000 	/System/Library/Frameworks/OpenCL.framework/Versions/A/Libraries/libcldcpuengine.dylib
0x000000000d140000 	/System/Library/PrivateFrameworks/DiskImages.framework/Versions/A/DiskImages
0x000000000d140000 	/System/Library/Frameworks/DiscRecording.framework/Versions/A/DiscRecording
0x000000000d140000 	/usr/lib/libcsfde.dylib
0x000000000d140000 	/usr/lib/libcurl.4.dylib
0x000000000d140000 	/System/Library/PrivateFrameworks/MediaKit.framework/Versions/A/MediaKit
0x000000000d140000 	/System/Library/PrivateFrameworks/ProtectedCloudStorage.framework/Versions/A/ProtectedCloudStorage
0x000000000d140000 	/usr/lib/libCoreStorage.dylib
0x000000000d140000 	/System/Library/PrivateFrameworks/EFILogin.framework/Versions/A/EFILogin
0x000000000d140000 	/usr/lib/libutil.dylib
0x000000000d140000 	/System/Library/PrivateFrameworks/FindMyDevice.framework/Versions/A/FindMyDevice
0x000000000d140000 	/System/Library/Frameworks/LDAP.framework/Versions/A/LDAP
0x000000000d140000 	/usr/lib/libsasl2.2.dylib
0x000000012b39f000 	cl_kernels
0x000000012b3a1000 	/System/Library/Frameworks/OpenCL.framework/Versions/A/Libraries/ImageFormats/unorm8_bgra.dylib
0x000000012b390000 	cl_kernels
0x000000000d140000 	/System/Library/PrivateFrameworks/FamilyControls.framework/Versions/A/FamilyControls
0x000000000d140000 	/System/Library/PrivateFrameworks/CommerceKit.framework/Versions/A/Frameworks/CommerceCore.framework/Versions/A/CommerceCore
0x000000000d140000 	/System/Library/PrivateFrameworks/SystemAdministration.framework/Versions/A/SystemAdministration
0x000000000d140000 	/System/Library/PrivateFrameworks/AppContainer.framework/Versions/A/AppContainer
0x000000000d140000 	/System/Library/PrivateFrameworks/SecCodeWrapper.framework/Versions/A/SecCodeWrapper
0x000000000d140000 	/System/Library/Frameworks/DirectoryService.framework/Versions/A/DirectoryService
0x000000000d140000 	/System/Library/PrivateFrameworks/LoginUIKit.framework/Versions/A/Frameworks/LoginUICore.framework/Versions/A/LoginUICore
0x000000000d140000 	/usr/lib/libodfde.dylib
0x000000012c5e7000 	/Library/Java/JavaVirtualMachines/jdk1.8.0_31.jdk/Contents/Home/jre/lib/libfontmanager.dylib
0x000000012c64e000 	/Users/ShantalOlono/Life/slick/liblwjgl.dylib
0x000000012a8d6000 	/Library/Java/JavaVirtualMachines/jdk1.8.0_31.jdk/Contents/Home/jre/lib/libjawt.dylib
0x000000000d140000 	/System/Library/Frameworks/OpenGL.framework/Versions/A/Resources/GLEngine.bundle/GLEngine
0x000000000d140000 	/System/Library/Frameworks/OpenGL.framework/Versions/A/Libraries/libGLProgrammability.dylib
0x0000000000000000 	/System/Library/Extensions/AppleIntelHD4000GraphicsGLDriver.bundle/Contents/MacOS/AppleIntelHD4000GraphicsGLDriver
0x000000000d140000 	/System/Library/PrivateFrameworks/IOAccelerator.framework/Versions/A/IOAccelerator
0x000000000d140000 	/System/Library/PrivateFrameworks/GPUSupport.framework/Versions/A/Libraries/libGPUSupportMercury.dylib
0x000000000d140000 	/System/Library/Frameworks/OpenGL.framework/Versions/A/Resources/GLRendererFloat.bundle/GLRendererFloat
0x000000012ce84000 	/Users/ShantalOlono/Life/slick/libjinput-osx.dylib
0x000000012ce89000 	/System/Library/Extensions/IOHIDFamily.kext/Contents/PlugIns/IOHIDLib.plugin/Contents/MacOS/IOHIDLib
0x000000013b00b000 	/Library/Java/JavaVirtualMachines/jdk1.8.0_31.jdk/Contents/Home/jre/lib/libnet.dylib
0x000000013af51000 	/Library/Java/JavaVirtualMachines/jdk1.8.0_31.jdk/Contents/Home/jre/lib/libnio.dylib

VM Arguments:
jvm_args: -Djava.library.path=/Users/ShantalOlono/Life/slick -Dfile.encoding=UTF-8 
java_command: main.java.edu.asu.cst316.Game
java_class_path (initial): /Users/ShantalOlono/Life/bin:/Users/ShantalOlono/Life/jar/jacocoagent.jar:/Users/ShantalOlono/Life/jar/jacocoant.jar:/Users/ShantalOlono/Life/jar/junit.jar:/Users/ShantalOlono/Life/jar/org.jacoco.agent-0.7.4.201502262128.jar:/Users/ShantalOlono/Life/jar/org.jacoco.ant-0.7.4.201502262128.jar:/Users/ShantalOlono/Life/jar/org.jacoco.core-0.7.4.201502262128.jar:/Users/ShantalOlono/Life/jar/org.jacoco.report-0.7.4.201502262128.jar:/Users/ShantalOlono/Life/slick/lib/commons-math3-3.3.jar:/Users/ShantalOlono/Life/slick/lib/ibxm.jar:/Users/ShantalOlono/Life/slick/lib/jinput.jar:/Users/ShantalOlono/Life/slick/lib/jnlp.jar:/Users/ShantalOlono/Life/slick/lib/jogg-0.0.7.jar:/Users/ShantalOlono/Life/slick/lib/jorbis-0.0.15.jar:/Users/ShantalOlono/Life/slick/lib/lwjgl_util_applet.jar:/Users/ShantalOlono/Life/slick/lib/lwjgl_util.jar:/Users/ShantalOlono/Life/slick/lib/lwjgl.jar:/Users/ShantalOlono/Life/slick/lib/natives-linux.jar:/Users/ShantalOlono/Life/slick/lib/natives-mac.jar:/Users/ShantalOlono/Life/slick/lib/natives-windows.jar:/Users/ShantalOlono/Life/slick/lib/Pack200Task.jar:/Users/ShantalOlono/Life/slick/lib/slick-examples.jar:/Users/ShantalOlono/Life/slick/lib/slick.jar:/Users/ShantalOlono/Life/slick/lib/tinylinepp.jar
Launcher Type: SUN_STANDARD

Environment Variables:
PATH=/usr/bin:/bin:/usr/sbin:/sbin
SHELL=/bin/bash

Signal Handlers:
SIGSEGV: [libjvm.dylib+0x57a0e7], sa_mask[0]=11111111011111110111111111111111, sa_flags=SA_ONSTACK|SA_RESTART|SA_SIGINFO
SIGBUS: [libjvm.dylib+0x57a0e7], sa_mask[0]=11111111011111110111111111111111, sa_flags=SA_RESTART|SA_SIGINFO
SIGFPE: [libjvm.dylib+0x45af24], sa_mask[0]=11111111011111110111111111111111, sa_flags=SA_RESTART|SA_SIGINFO
SIGPIPE: [libjvm.dylib+0x45af24], sa_mask[0]=11111111011111110111111111111111, sa_flags=SA_RESTART|SA_SIGINFO
SIGXFSZ: [libjvm.dylib+0x45af24], sa_mask[0]=11111111011111110111111111111111, sa_flags=SA_RESTART|SA_SIGINFO
SIGILL: [libjvm.dylib+0x45af24], sa_mask[0]=11111111011111110111111111111111, sa_flags=SA_RESTART|SA_SIGINFO
SIGUSR1: SIG_DFL, sa_mask[0]=00000000000000000000000000000000, sa_flags=none
SIGUSR2: [libjvm.dylib+0x45aa42], sa_mask[0]=00100000000000000000000000000000, sa_flags=SA_RESTART|SA_SIGINFO
SIGHUP: [libjvm.dylib+0x459015], sa_mask[0]=11111111011111110111111111111111, sa_flags=SA_RESTART|SA_SIGINFO
SIGINT: [libjvm.dylib+0x459015], sa_mask[0]=11111111011111110111111111111111, sa_flags=SA_RESTART|SA_SIGINFO
SIGTERM: [libjvm.dylib+0x459015], sa_mask[0]=11111111011111110111111111111111, sa_flags=SA_RESTART|SA_SIGINFO
SIGQUIT: [libjvm.dylib+0x459015], sa_mask[0]=11111111011111110111111111111111, sa_flags=SA_RESTART|SA_SIGINFO


---------------  S Y S T E M  ---------------

OS:Bsduname:Darwin 14.1.0 Darwin Kernel Version 14.1.0: Mon Dec 22 23:10:38 PST 2014; root:xnu-2782.10.72~2/RELEASE_X86_64 x86_64
rlimit: STACK 8192k, CORE 0k, NPROC 709, NOFILE 10240, AS infinity
load average:2.58 2.34 2.12

CPU:total 4 (2 cores per cpu, 2 threads per core) family 6 model 58 stepping 9, cmov, cx8, fxsr, mmx, sse, sse2, sse3, ssse3, sse4.1, sse4.2, popcnt, avx, aes, clmul, erms, ht, tsc, tscinvbit, tscinv

Memory: 4k page, physical 8388608k(426424k free)

/proc/meminfo:


vm_info: Java HotSpot(TM) 64-Bit Server VM (25.31-b07) for bsd-amd64 JRE (1.8.0_31-b13), built on Dec 17 2014 20:45:36 by "java_re" with gcc 4.2.1 (Based on Apple Inc. build 5658) (LLVM build 2336.11.00)

time: Mon Apr 20 18:09:47 2015
elapsed time: 23 seconds (0d 0h 0m 23s)

