#
# A fatal error has been detected by the Java Runtime Environment:
#
#  SIGSEGV (0xb) at pc=0x00007fff97b560dd, pid=9041, tid=1811
#
# JRE version: Java(TM) SE Runtime Environment (8.0_31-b13) (build 1.8.0_31-b13)
# Java VM: Java HotSpot(TM) 64-Bit Server VM (25.31-b07 mixed mode bsd-amd64 compressed oops)
# Problematic frame:
# C  [libobjc.A.dylib+0x10dd]  objc_msgSend+0x1d
#
# Failed to write core dump. Core dumps have been disabled. To enable core dumping, try "ulimit -c unlimited" before starting Java again
#
# If you would like to submit a bug report, please visit:
#   http://bugreport.java.com/bugreport/crash.jsp
# The crash happened outside the Java Virtual Machine in native code.
# See problematic frame for where to report the bug.
#

---------------  T H R E A D  ---------------

Current thread (0x00007fc8820f8800):  JavaThread "AppKit Thread" daemon [_thread_in_native, id=1811, stack(0x00007fff54c4a000,0x00007fff5544a000)]

siginfo: si_signo: 11 (SIGSEGV), si_code: 1 (SEGV_MAPERR), si_addr: 0x0000000000000018

Registers:
RAX=0x0000000000000000, RBX=0x00007fc881e70ba0, RCX=0x0000000000000000, RDX=0x00007fc881e70ba0
RSP=0x00007fff55444808, RBP=0x00007fff55444830, RSI=0x00007fff901e0212, RDI=0x00007fc881d5d3a0
R8 =0x0000000000000001, R9 =0x0000000000000001, R10=0x00007fff901e0212, R11=0x0000000000000000
R12=0x0000000000000094, R13=0x00007fc881c39d80, R14=0x00007fc881d5d3a0, R15=0x00007fff55444d20
RIP=0x00007fff97b560dd, EFLAGS=0x0000000000010246, ERR=0x0000000000000004
  TRAPNO=0x000000000000000e

Top of Stack: (sp=0x00007fff55444808)
0x00007fff55444808:   00000001280de598 00007fc881e70ba0
0x00007fff55444818:   0000000128112c60 00007fc881c39d80
0x00007fff55444828:   00007fc881e70ba0 00007fff55444d10
0x00007fff55444838:   00007fff8f95d3c5 0000000000000000
0x00007fff55444848:   0000000000000000 4089000000000000
0x00007fff55444858:   4082c00000000000 0000000000000000
0x00007fff55444868:   0000000000000000 4089000000000000
0x00007fff55444878:   4082c00000000000 4089000000000000
0x00007fff55444888:   4083700000000000 401c000000000000
0x00007fff55444898:   4082d80000000000 402c000000000000
0x00007fff554448a8:   4030000000000000 401c000000000000
0x00007fff554448b8:   0000000000000000 0000000000000000
0x00007fff554448c8:   4030000000000000 00007fff901a412a
0x00007fff554448d8:   4008000000000000 00007fc881d52fe0
0x00007fff554448e8:   0000000100000000 0000000000000000
0x00007fff554448f8:   00007fc881d2f690 00007fff55444a50
0x00007fff55444908:   00007fff8fa232b6 00007fff55444a50
0x00007fff55444918:   00007fff8fa23da2 402c000000000000
0x00007fff55444928:   4030000000000000 401c000000000000
0x00007fff55444938:   4082d80000000000 402c000000000000
0x00007fff55444948:   4030000000000000 0000000000000000
0x00007fff55444958:   0000000000000000 4089000000000000
0x00007fff55444968:   4083700000000000 401c000000000000
0x00007fff55444978:   4082d80000000000 402c000000000000
0x00007fff55444988:   4030000000000000 0000000000000000
0x00007fff55444998:   0000000000000000 000000010a7d4e00
0x00007fff554449a8:   000000010a7d0000 00007fff55444a50
0x00007fff554449b8:   00007fff9ae934ff 00000000000006d4
0x00007fff554449c8:   000000010a7d0000 00007fff55444a70
0x00007fff554449d8:   00007fff9ae934ff 00007fff55444adf
0x00007fff554449e8:   0000000000000000 00007fc8845fc080
0x00007fff554449f8:   00007fc88458c600 000000000000000b 

Instructions: (pc=0x00007fff97b560dd)
0x00007fff97b560bd:   00 00 00 48 85 ff 2e 74 7a 40 f6 c7 01 2e 75 7e
0x00007fff97b560cd:   49 bb f8 ff ff ff ff 7f 00 00 4c 23 1f 49 89 f2
0x00007fff97b560dd:   45 23 53 18 49 c1 e2 04 4d 03 53 10 49 3b 32 75
0x00007fff97b560ed:   04 41 ff 62 08 49 83 3a 00 74 6a 4d 3b 53 10 74 

Register to memory mapping:

RAX=0x0000000000000000 is an unknown value
RBX=0x00007fc881e70ba0 is an unknown value
RCX=0x0000000000000000 is an unknown value
RDX=0x00007fc881e70ba0 is an unknown value
RSP=0x00007fff55444808 is pointing into the stack for thread: 0x00007fc8820f8800
RBP=0x00007fff55444830 is pointing into the stack for thread: 0x00007fc8820f8800
RSI=0x00007fff901e0212: -[NSTitlebarContainerView shouldRoundCorners]+0x5ce34 in /System/Library/Frameworks/AppKit.framework/Versions/C/AppKit at 0x00007fff8f80f000
RDI=0x00007fc881d5d3a0 is an unknown value
R8 =0x0000000000000001 is an unknown value
R9 =0x0000000000000001 is an unknown value
R10=0x00007fff901e0212: -[NSTitlebarContainerView shouldRoundCorners]+0x5ce34 in /System/Library/Frameworks/AppKit.framework/Versions/C/AppKit at 0x00007fff8f80f000
R11=0x0000000000000000 is an unknown value
R12=0x0000000000000094 is an unknown value
R13=0x00007fc881c39d80 is an unknown value
R14=0x00007fc881d5d3a0 is an unknown value
R15=0x00007fff55444d20 is pointing into the stack for thread: 0x00007fc8820f8800


Stack: [0x00007fff54c4a000,0x00007fff5544a000],  sp=0x00007fff55444808,  free space=8170k
Native frames: (J=compiled Java code, j=interpreted, Vv=VM code, C=native code)
C  [libobjc.A.dylib+0x10dd]  objc_msgSend+0x1d
C  [AppKit+0x14e3c5]  -[NSView _recursiveDisplayRectIfNeededIgnoringOpacity:isVisibleRect:rectIsVisibleRectForView:topView:]+0x740
C  [AppKit+0x14f420]  -[NSView _recursiveDisplayRectIfNeededIgnoringOpacity:isVisibleRect:rectIsVisibleRectForView:topView:]+0x179b
C  [AppKit+0x14d773]  -[NSThemeFrame _recursiveDisplayRectIfNeededIgnoringOpacity:isVisibleRect:rectIsVisibleRectForView:topView:]+0x14d
C  [AppKit+0x14a2cb]  -[NSView _displayRectIgnoringOpacity:isVisibleRect:rectIsVisibleRectForView:]+0xac9
C  [AppKit+0x128e2d]  -[NSView displayIfNeeded]+0x754
C  [AppKit+0x1461c5]  -[NSWindow displayIfNeeded]+0xe8
C  [AppKit+0x183322]  _handleWindowNeedsDisplayOrLayoutOrUpdateConstraints+0x3a8
C  [AppKit+0x74c0e1]  __83-[NSWindow _postWindowNeedsDisplayOrLayoutOrUpdateConstraintsUnlessPostingDisabled]_block_invoke1531+0x2e
C  [CoreFoundation+0x7fda7]  __CFRUNLOOP_IS_CALLING_OUT_TO_AN_OBSERVER_CALLBACK_FUNCTION__+0x17
C  [CoreFoundation+0x7fd00]  __CFRunLoopDoObservers+0x170
C  [CoreFoundation+0x71e08]  __CFRunLoopRun+0x368
C  [CoreFoundation+0x71858]  CFRunLoopRunSpecific+0x128
C  [HIToolbox+0x2eaef]  RunCurrentEventLoopInMode+0xeb
C  [HIToolbox+0x2e76e]  ReceiveNextEventCommon+0xb3
C  [HIToolbox+0x2e6ab]  _BlockUntilNextEventMatchingListInModeWithFilter+0x47
C  [AppKit+0x23f81]  _DPSNextEvent+0x3c4
C  [AppKit+0x23730]  -[NSApplication nextEventMatchingMask:untilDate:inMode:dequeue:]+0xc2
C  [libosxapp.dylib+0x242a]  -[NSApplicationAWT nextEventMatchingMask:untilDate:inMode:dequeue:]+0x7c
C  [AppKit+0x17593]  -[NSApplication run]+0x252
C  [libosxapp.dylib+0x223e]  +[NSApplicationAWT runAWTLoopWithApp:]+0x9c
C  [libawt_lwawt.dylib+0x4494f]  -[AWTStarter starter:]+0x389
C  [Foundation+0x65cdc]  __NSThreadPerformPerform+0x125
C  [CoreFoundation+0x80681]  __CFRUNLOOP_IS_CALLING_OUT_TO_A_SOURCE0_PERFORM_FUNCTION__+0x11
C  [CoreFoundation+0x7280d]  __CFRunLoopDoSources0+0x10d
C  [CoreFoundation+0x71e3f]  __CFRunLoopRun+0x39f
C  [CoreFoundation+0x71858]  CFRunLoopRunSpecific+0x128
C  [java+0x56cc]  CreateExecutionEnvironment+0x367
C  [java+0x165c]  JLI_Launch+0x7a0
C  [java+0x768a]  main+0x65
C  [java+0xeb4]  start+0x34
C  0x0000000000000006


---------------  P R O C E S S  ---------------

Java Threads: ( => current thread )
  0x00007fc883c79800 JavaThread "AWT-Shutdown" [_thread_blocked, id=23843, stack(0x00000001331c2000,0x00000001332c2000)]
  0x00007fc883921000 JavaThread "Java2D Disposer" daemon [_thread_blocked, id=48803, stack(0x0000000136957000,0x0000000136a57000)]
  0x00007fc8821fc000 JavaThread "Java2D Queue Flusher" daemon [_thread_blocked, id=60167, stack(0x0000000135fba000,0x00000001360ba000)]
=>0x00007fc8820f8800 JavaThread "AppKit Thread" daemon [_thread_in_native, id=1811, stack(0x00007fff54c4a000,0x00007fff5544a000)]
  0x00007fc883067000 JavaThread "Service Thread" daemon [_thread_blocked, id=18179, stack(0x0000000123e08000,0x0000000123f08000)]
  0x00007fc883054800 JavaThread "C1 CompilerThread2" daemon [_thread_blocked, id=17667, stack(0x0000000123d05000,0x0000000123e05000)]
  0x00007fc883053800 JavaThread "C2 CompilerThread1" daemon [_thread_blocked, id=17155, stack(0x0000000123c02000,0x0000000123d02000)]
  0x00007fc883022000 JavaThread "C2 CompilerThread0" daemon [_thread_blocked, id=16643, stack(0x0000000123aff000,0x0000000123bff000)]
  0x00007fc88380b800 JavaThread "Signal Dispatcher" daemon [_thread_blocked, id=12811, stack(0x00000001239fc000,0x0000000123afc000)]
  0x00007fc883010000 JavaThread "Finalizer" daemon [_thread_blocked, id=11523, stack(0x00000001220bb000,0x00000001221bb000)]
  0x00007fc883801800 JavaThread "Reference Handler" daemon [_thread_blocked, id=11011, stack(0x0000000121fb8000,0x00000001220b8000)]
  0x00007fc882808000 JavaThread "main" [_thread_in_native, id=4867, stack(0x000000010c001000,0x000000010c101000)]

Other Threads:
  0x00007fc883801000 VMThread [stack: 0x0000000121eb5000,0x0000000121fb5000] [id=10499]
  0x00007fc883068000 WatcherThread [stack: 0x0000000123f0b000,0x000000012400b000] [id=18691]

VM state:not at safepoint (normal execution)

VM Mutex/Monitor currently owned by a thread: None

Heap:
 PSYoungGen      total 344064K, used 295978K [0x0000000795580000, 0x00000007ab180000, 0x00000007c0000000)
  eden space 333312K, 88% used [0x0000000795580000,0x00000007a75f28f8,0x00000007a9b00000)
  from space 10752K, 5% used [0x00000007aa600000,0x00000007aa698000,0x00000007ab080000)
  to   space 11264K, 0% used [0x00000007a9b00000,0x00000007a9b00000,0x00000007aa600000)
 ParOldGen       total 87552K, used 17584K [0x0000000740000000, 0x0000000745580000, 0x0000000795580000)
  object space 87552K, 20% used [0x0000000740000000,0x000000074112c3b8,0x0000000745580000)
 Metaspace       used 10389K, capacity 10529K, committed 10624K, reserved 1058816K
  class space    used 1070K, capacity 1117K, committed 1152K, reserved 1048576K

Card table byte_map: [0x000000011b508000,0x000000011b909000] byte_map_base: 0x0000000117b08000

Marking Bits: (ParMarkBitMap*) 0x000000010b152410
 Begin Bits: [0x000000011bfc0000, 0x000000011dfc0000)
 End Bits:   [0x000000011dfc0000, 0x000000011ffc0000)

Polling page: 0x000000010b7f8000

CodeCache: size=245760Kb used=5224Kb max_used=5238Kb free=240535Kb
 bounds [0x000000010c148000, 0x000000010c678000, 0x000000011b148000]
 total_blobs=1893 nmethods=1365 adapters=443
 compilation: enabled

Compilation events (10 events):
Event: 25.753 Thread 0x00007fc883022000 nmethod 1373 0x000000010c6589d0 code [0x000000010c658b60, 0x000000010c659028]
Event: 25.810 Thread 0x00007fc883053800 nmethod 1372 0x000000010c665110 code [0x000000010c6656c0, 0x000000010c6695f8]
Event: 25.849 Thread 0x00007fc883022000 1374       4       java.io.UnixFileSystem::getBooleanAttributes (49 bytes)
Event: 25.859 Thread 0x00007fc883022000 nmethod 1374 0x000000010c662850 code [0x000000010c6629e0, 0x000000010c662f38]
Event: 25.987 Thread 0x00007fc883053800 1375       4       java.io.File::exists (43 bytes)
Event: 26.001 Thread 0x00007fc883053800 nmethod 1375 0x000000010c6640d0 code [0x000000010c6642a0, 0x000000010c6649b8]
Event: 26.042 Thread 0x00007fc883022000 1376       4       java.io.UnixFileSystem::resolve (103 bytes)
Event: 26.049 Thread 0x00007fc883022000 nmethod 1376 0x000000010c65fb50 code [0x000000010c65fd00, 0x000000010c660578]
Event: 26.076 Thread 0x00007fc883053800 1377       4       java.io.File::<init> (113 bytes)
Event: 26.084 Thread 0x00007fc883053800 nmethod 1377 0x000000010c663590 code [0x000000010c663740, 0x000000010c663c80]

GC Heap History (10 events):
Event: 9.256 GC heap before
{Heap before GC invocations=8 (full 0):
 PSYoungGen      total 76800K, used 70944K [0x0000000795580000, 0x000000079ea80000, 0x00000007c0000000)
  eden space 65536K, 100% used [0x0000000795580000,0x0000000799580000,0x0000000799580000)
  from space 11264K, 48% used [0x0000000799580000,0x0000000799ac8050,0x000000079a080000)
  to   space 10752K, 0% used [0x000000079e000000,0x000000079e000000,0x000000079ea80000)
 ParOldGen       total 87552K, used 14360K [0x0000000740000000, 0x0000000745580000, 0x0000000795580000)
  object space 87552K, 16% used [0x0000000740000000,0x0000000740e06378,0x0000000745580000)
 Metaspace       used 10179K, capacity 10337K, committed 10624K, reserved 1058816K
  class space    used 1068K, capacity 1117K, committed 1152K, reserved 1048576K
Event: 9.259 GC heap after
Heap after GC invocations=8 (full 0):
 PSYoungGen      total 141312K, used 3424K [0x0000000795580000, 0x000000079eb80000, 0x00000007c0000000)
  eden space 130560K, 0% used [0x0000000795580000,0x0000000795580000,0x000000079d500000)
  from space 10752K, 31% used [0x000000079e000000,0x000000079e358030,0x000000079ea80000)
  to   space 11264K, 0% used [0x000000079d500000,0x000000079d500000,0x000000079e000000)
 ParOldGen       total 87552K, used 14384K [0x0000000740000000, 0x0000000745580000, 0x0000000795580000)
  object space 87552K, 16% used [0x0000000740000000,0x0000000740e0c378,0x0000000745580000)
 Metaspace       used 10179K, capacity 10337K, committed 10624K, reserved 1058816K
  class space    used 1068K, capacity 1117K, committed 1152K, reserved 1048576K
}
Event: 9.935 GC heap before
{Heap before GC invocations=9 (full 0):
 PSYoungGen      total 141312K, used 133984K [0x0000000795580000, 0x000000079eb80000, 0x00000007c0000000)
  eden space 130560K, 100% used [0x0000000795580000,0x000000079d500000,0x000000079d500000)
  from space 10752K, 31% used [0x000000079e000000,0x000000079e358030,0x000000079ea80000)
  to   space 11264K, 0% used [0x000000079d500000,0x000000079d500000,0x000000079e000000)
 ParOldGen       total 87552K, used 14384K [0x0000000740000000, 0x0000000745580000, 0x0000000795580000)
  object space 87552K, 16% used [0x0000000740000000,0x0000000740e0c378,0x0000000745580000)
 Metaspace       used 10185K, capacity 10337K, committed 10624K, reserved 1058816K
  class space    used 1068K, capacity 1117K, committed 1152K, reserved 1048576K
Event: 9.940 GC heap after
Heap after GC invocations=9 (full 0):
 PSYoungGen      total 141824K, used 7648K [0x0000000795580000, 0x00000007a3780000, 0x00000007c0000000)
  eden space 130560K, 0% used [0x0000000795580000,0x0000000795580000,0x000000079d500000)
  from space 11264K, 67% used [0x000000079d500000,0x000000079dc78070,0x000000079e000000)
  to   space 11264K, 0% used [0x00000007a2c80000,0x00000007a2c80000,0x00000007a3780000)
 ParOldGen       total 87552K, used 14392K [0x0000000740000000, 0x0000000745580000, 0x0000000795580000)
  object space 87552K, 16% used [0x0000000740000000,0x0000000740e0e378,0x0000000745580000)
 Metaspace       used 10185K, capacity 10337K, committed 10624K, reserved 1058816K
  class space    used 1068K, capacity 1117K, committed 1152K, reserved 1048576K
}
Event: 10.667 GC heap before
{Heap before GC invocations=10 (full 0):
 PSYoungGen      total 141824K, used 138208K [0x0000000795580000, 0x00000007a3780000, 0x00000007c0000000)
  eden space 130560K, 100% used [0x0000000795580000,0x000000079d500000,0x000000079d500000)
  from space 11264K, 67% used [0x000000079d500000,0x000000079dc78070,0x000000079e000000)
  to   space 11264K, 0% used [0x00000007a2c80000,0x00000007a2c80000,0x00000007a3780000)
 ParOldGen       total 87552K, used 14392K [0x0000000740000000, 0x0000000745580000, 0x0000000795580000)
  object space 87552K, 16% used [0x0000000740000000,0x0000000740e0e378,0x0000000745580000)
 Metaspace       used 10195K, capacity 10337K, committed 10624K, reserved 1058816K
  class space    used 1068K, capacity 1117K, committed 1152K, reserved 1048576K
Event: 10.671 GC heap after
Heap after GC invocations=10 (full 0):
 PSYoungGen      total 219648K, used 1504K [0x0000000795580000, 0x00000007a3880000, 0x00000007c0000000)
  eden space 208384K, 0% used [0x0000000795580000,0x0000000795580000,0x00000007a2100000)
  from space 11264K, 13% used [0x00000007a2c80000,0x00000007a2df8010,0x00000007a3780000)
  to   space 11776K, 0% used [0x00000007a2100000,0x00000007a2100000,0x00000007a2c80000)
 ParOldGen       total 87552K, used 14408K [0x0000000740000000, 0x0000000745580000, 0x0000000795580000)
  object space 87552K, 16% used [0x0000000740000000,0x0000000740e12378,0x0000000745580000)
 Metaspace       used 10195K, capacity 10337K, committed 10624K, reserved 1058816K
  class space    used 1068K, capacity 1117K, committed 1152K, reserved 1048576K
}
Event: 11.759 GC heap before
{Heap before GC invocations=11 (full 0):
 PSYoungGen      total 219648K, used 209888K [0x0000000795580000, 0x00000007a3880000, 0x00000007c0000000)
  eden space 208384K, 100% used [0x0000000795580000,0x00000007a2100000,0x00000007a2100000)
  from space 11264K, 13% used [0x00000007a2c80000,0x00000007a2df8010,0x00000007a3780000)
  to   space 11776K, 0% used [0x00000007a2100000,0x00000007a2100000,0x00000007a2c80000)
 ParOldGen       total 87552K, used 14408K [0x0000000740000000, 0x0000000745580000, 0x0000000795580000)
  object space 87552K, 16% used [0x0000000740000000,0x0000000740e12378,0x0000000745580000)
 Metaspace       used 10200K, capacity 10337K, committed 10624K, reserved 1058816K
  class space    used 1068K, capacity 1117K, committed 1152K, reserved 1048576K
Event: 11.765 GC heap after
Heap after GC invocations=11 (full 0):
 PSYoungGen      total 220160K, used 5840K [0x0000000795580000, 0x00000007ab080000, 0x00000007c0000000)
  eden space 208384K, 0% used [0x0000000795580000,0x0000000795580000,0x00000007a2100000)
  from space 11776K, 49% used [0x00000007a2100000,0x00000007a26b4060,0x00000007a2c80000)
  to   space 10752K, 0% used [0x00000007aa600000,0x00000007aa600000,0x00000007ab080000)
 ParOldGen       total 87552K, used 14432K [0x0000000740000000, 0x0000000745580000, 0x0000000795580000)
  object space 87552K, 16% used [0x0000000740000000,0x0000000740e18378,0x0000000745580000)
 Metaspace       used 10200K, capacity 10337K, committed 10624K, reserved 1058816K
  class space    used 1068K, capacity 1117K, committed 1152K, reserved 1048576K
}
Event: 12.674 GC heap before
{Heap before GC invocations=12 (full 0):
 PSYoungGen      total 220160K, used 214224K [0x0000000795580000, 0x00000007ab080000, 0x00000007c0000000)
  eden space 208384K, 100% used [0x0000000795580000,0x00000007a2100000,0x00000007a2100000)
  from space 11776K, 49% used [0x00000007a2100000,0x00000007a26b4060,0x00000007a2c80000)
  to   space 10752K, 0% used [0x00000007aa600000,0x00000007aa600000,0x00000007ab080000)
 ParOldGen       total 87552K, used 14432K [0x0000000740000000, 0x0000000745580000, 0x0000000795580000)
  object space 87552K, 16% used [0x0000000740000000,0x0000000740e18378,0x0000000745580000)
 Metaspace       used 10204K, capacity 10337K, committed 10624K, reserved 1058816K
  class space    used 1068K, capacity 1117K, committed 1152K, reserved 1048576K
Event: 12.678 GC heap after
Heap after GC invocations=12 (full 0):
 PSYoungGen      total 344064K, used 608K [0x0000000795580000, 0x00000007ab180000, 0x00000007c0000000)
  eden space 333312K, 0% used [0x0000000795580000,0x0000000795580000,0x00000007a9b00000)
  from space 10752K, 5% used [0x00000007aa600000,0x00000007aa698000,0x00000007ab080000)
  to   space 11264K, 0% used [0x00000007a9b00000,0x00000007a9b00000,0x00000007aa600000)
 ParOldGen       total 87552K, used 17584K [0x0000000740000000, 0x0000000745580000, 0x0000000795580000)
  object space 87552K, 20% used [0x0000000740000000,0x000000074112c3b8,0x0000000745580000)
 Metaspace       used 10204K, capacity 10337K, committed 10624K, reserved 1058816K
  class space    used 1068K, capacity 1117K, committed 1152K, reserved 1048576K
}

Deoptimization events (8 events):
Event: 4.356 Thread 0x00007fc882808000 Uncommon trap: reason=bimorphic action=maybe_recompile pc=0x000000010c366a00 method=java.util.HashMap.putVal(ILjava/lang/Object;Ljava/lang/Object;ZZ)Ljava/lang/Object; @ 91
Event: 4.356 Thread 0x00007fc882808000 Uncommon trap: reason=bimorphic action=maybe_recompile pc=0x000000010c366a00 method=java.util.HashMap.putVal(ILjava/lang/Object;Ljava/lang/Object;ZZ)Ljava/lang/Object; @ 91
Event: 4.356 Thread 0x00007fc882808000 Uncommon trap: reason=bimorphic action=maybe_recompile pc=0x000000010c366a00 method=java.util.HashMap.putVal(ILjava/lang/Object;Ljava/lang/Object;ZZ)Ljava/lang/Object; @ 91
Event: 4.357 Thread 0x00007fc882808000 Uncommon trap: reason=bimorphic action=maybe_recompile pc=0x000000010c366a00 method=java.util.HashMap.putVal(ILjava/lang/Object;Ljava/lang/Object;ZZ)Ljava/lang/Object; @ 91
Event: 4.357 Thread 0x00007fc882808000 Uncommon trap: reason=bimorphic action=maybe_recompile pc=0x000000010c368064 method=java.util.HashMap.putVal(ILjava/lang/Object;Ljava/lang/Object;ZZ)Ljava/lang/Object; @ 91
Event: 9.874 Thread 0x00007fc882808000 Uncommon trap: reason=unloaded action=reinterpret pc=0x000000010c531cf8 method=sun.font.CStrike$GlyphInfoCache.get(I)J @ 58
Event: 9.984 Thread 0x00007fc882808000 Uncommon trap: reason=range_check action=make_not_entrant pc=0x000000010c535484 method=java.awt.geom.AffineTransform.<init>([D)V @ 7
Event: 11.390 Thread 0x00007fc882808000 Uncommon trap: reason=range_check action=make_not_entrant pc=0x000000010c579434 method=sun.font.CCharToGlyphMapper$Cache.get(I[C[I)V @ 345

Internal exceptions (10 events):
Event: 6.673 Thread 0x00007fc882808000 Exception <a 'java/security/PrivilegedActionException'> (0x0000000795d65b50) thrown at [/Users/java_re/workspace/8-2-build-macosx-x86_64/jdk8u31/2394/hotspot/src/share/vm/prims/jvm.cpp, line 1312]
Event: 6.926 Thread 0x00007fc882808000 Exception <a 'java/security/PrivilegedActionException'> (0x00000007973ccbd0) thrown at [/Users/java_re/workspace/8-2-build-macosx-x86_64/jdk8u31/2394/hotspot/src/share/vm/prims/jvm.cpp, line 1312]
Event: 7.044 Thread 0x00007fc882808000 Exception <a 'java/security/PrivilegedActionException'> (0x0000000796821488) thrown at [/Users/java_re/workspace/8-2-build-macosx-x86_64/jdk8u31/2394/hotspot/src/share/vm/prims/jvm.cpp, line 1312]
Event: 7.048 Thread 0x00007fc882808000 Exception <a 'java/security/PrivilegedActionException'> (0x0000000796829358) thrown at [/Users/java_re/workspace/8-2-build-macosx-x86_64/jdk8u31/2394/hotspot/src/share/vm/prims/jvm.cpp, line 1312]
Event: 7.918 Thread 0x00007fc882808000 Exception <a 'java/security/PrivilegedActionException'> (0x0000000796831d08) thrown at [/Users/java_re/workspace/8-2-build-macosx-x86_64/jdk8u31/2394/hotspot/src/share/vm/prims/jvm.cpp, line 1312]
Event: 7.919 Thread 0x00007fc882808000 Exception <a 'java/security/PrivilegedActionException'> (0x00000007968388c0) thrown at [/Users/java_re/workspace/8-2-build-macosx-x86_64/jdk8u31/2394/hotspot/src/share/vm/prims/jvm.cpp, line 1312]
Event: 7.919 Thread 0x00007fc882808000 Exception <a 'java/security/PrivilegedActionException'> (0x0000000796843a00) thrown at [/Users/java_re/workspace/8-2-build-macosx-x86_64/jdk8u31/2394/hotspot/src/share/vm/prims/jvm.cpp, line 1312]
Event: 7.920 Thread 0x00007fc882808000 Exception <a 'java/security/PrivilegedActionException'> (0x0000000796849008) thrown at [/Users/java_re/workspace/8-2-build-macosx-x86_64/jdk8u31/2394/hotspot/src/share/vm/prims/jvm.cpp, line 1312]
Event: 11.267 Thread 0x00007fc882808000 Exception <a 'java/security/PrivilegedActionException'> (0x000000079ca48fb0) thrown at [/Users/java_re/workspace/8-2-build-macosx-x86_64/jdk8u31/2394/hotspot/src/share/vm/prims/jvm.cpp, line 1312]
Event: 26.541 Thread 0x00007fc882808000 Exception <a 'java/security/PrivilegedActionException'> (0x00000007a748bdb8) thrown at [/Users/java_re/workspace/8-2-build-macosx-x86_64/jdk8u31/2394/hotspot/src/share/vm/prims/jvm.cpp, line 1312]

Events (10 events):
Event: 22.987 Executing VM operation: RevokeBias done
Event: 22.987 Thread 0x00007fc883136800 Thread exited: 0x00007fc883136800
Event: 23.278 Thread 0x00007fc883c79800 Thread added: 0x00007fc883c79800
Event: 23.319 Thread 0x00007fc883022000 flushing nmethod 0x000000010c261ad0
Event: 23.319 Thread 0x00007fc883022000 flushing nmethod 0x000000010c264410
Event: 23.319 Thread 0x00007fc883022000 flushing nmethod 0x000000010c26add0
Event: 23.387 Thread 0x00007fc883054800 flushing nmethod 0x000000010c27ecd0
Event: 23.387 Thread 0x00007fc883054800 flushing nmethod 0x000000010c28e9d0
Event: 26.541 loading class org/lwjgl/opengl/CallbackUtil
Event: 26.541 loading class org/lwjgl/opengl/CallbackUtil done


Dynamic libraries:
0x000000000d140000 	/System/Library/Frameworks/Cocoa.framework/Versions/A/Cocoa
0x000000000d140000 	/System/Library/Frameworks/Security.framework/Versions/A/Security
0x000000000d140000 	/System/Library/Frameworks/ApplicationServices.framework/Versions/A/ApplicationServices
0x000000000d140000 	/usr/lib/libz.1.dylib
0x000000000d140000 	/usr/lib/libSystem.B.dylib
0x000000000d140000 	/usr/lib/libobjc.A.dylib
0x000000000d140000 	/System/Library/Frameworks/CoreFoundation.framework/Versions/A/CoreFoundation
0x000000000d140000 	/System/Library/Frameworks/Foundation.framework/Versions/C/Foundation
0x000000000d140000 	/System/Library/Frameworks/AppKit.framework/Versions/C/AppKit
0x000000000d140000 	/System/Library/Frameworks/CoreData.framework/Versions/A/CoreData
0x000000000d140000 	/System/Library/PrivateFrameworks/RemoteViewServices.framework/Versions/A/RemoteViewServices
0x000000000d140000 	/System/Library/PrivateFrameworks/UIFoundation.framework/Versions/A/UIFoundation
0x000000000d140000 	/System/Library/Frameworks/IOSurface.framework/Versions/A/IOSurface
0x000000000d140000 	/System/Library/Frameworks/AudioToolbox.framework/Versions/A/AudioToolbox
0x000000000d140000 	/System/Library/Frameworks/AudioUnit.framework/Versions/A/AudioUnit
0x000000000d140000 	/System/Library/PrivateFrameworks/DataDetectorsCore.framework/Versions/A/DataDetectorsCore
0x000000000d140000 	/System/Library/PrivateFrameworks/DesktopServicesPriv.framework/Versions/A/DesktopServicesPriv
0x000000000d140000 	/System/Library/Frameworks/Carbon.framework/Versions/A/Frameworks/HIToolbox.framework/Versions/A/HIToolbox
0x000000000d140000 	/System/Library/Frameworks/QuartzCore.framework/Versions/A/QuartzCore
0x000000000d140000 	/System/Library/Frameworks/Carbon.framework/Versions/A/Frameworks/SpeechRecognition.framework/Versions/A/SpeechRecognition
0x000000000d140000 	/usr/lib/libauto.dylib
0x000000000d140000 	/usr/lib/libicucore.A.dylib
0x000000000d140000 	/usr/lib/libxml2.2.dylib
0x000000000d140000 	/System/Library/PrivateFrameworks/CoreUI.framework/Versions/A/CoreUI
0x000000000d140000 	/System/Library/Frameworks/CoreAudio.framework/Versions/A/CoreAudio
0x000000000d140000 	/System/Library/Frameworks/DiskArbitration.framework/Versions/A/DiskArbitration
0x000000000d140000 	/usr/lib/liblangid.dylib
0x000000000d140000 	/System/Library/PrivateFrameworks/MultitouchSupport.framework/Versions/A/MultitouchSupport
0x000000000d140000 	/System/Library/Frameworks/IOKit.framework/Versions/A/IOKit
0x000000000d140000 	/usr/lib/libDiagnosticMessagesClient.dylib
0x000000000d140000 	/System/Library/Frameworks/CoreServices.framework/Versions/A/CoreServices
0x000000000d140000 	/System/Library/PrivateFrameworks/PerformanceAnalysis.framework/Versions/A/PerformanceAnalysis
0x000000000d140000 	/System/Library/PrivateFrameworks/GenerationalStorage.framework/Versions/A/GenerationalStorage
0x000000000d140000 	/System/Library/Frameworks/OpenGL.framework/Versions/A/OpenGL
0x000000000d140000 	/System/Library/PrivateFrameworks/Sharing.framework/Versions/A/Sharing
0x000000000d140000 	/System/Library/Frameworks/CoreGraphics.framework/Versions/A/CoreGraphics
0x000000000d140000 	/System/Library/Frameworks/CoreText.framework/Versions/A/CoreText
0x000000000d140000 	/System/Library/Frameworks/ImageIO.framework/Versions/A/ImageIO
0x000000000d140000 	/usr/lib/libextension.dylib
0x000000000d140000 	/System/Library/PrivateFrameworks/Backup.framework/Versions/A/Backup
0x000000000d140000 	/usr/lib/libarchive.2.dylib
0x000000000d140000 	/System/Library/Frameworks/CFNetwork.framework/Versions/A/CFNetwork
0x000000000d140000 	/System/Library/Frameworks/SystemConfiguration.framework/Versions/A/SystemConfiguration
0x000000000d140000 	/usr/lib/libCRFSuite.dylib
0x000000000d140000 	/usr/lib/libc++.1.dylib
0x000000000d140000 	/usr/lib/libc++abi.dylib
0x000000000d140000 	/usr/lib/system/libcache.dylib
0x000000000d140000 	/usr/lib/system/libcommonCrypto.dylib
0x000000000d140000 	/usr/lib/system/libcompiler_rt.dylib
0x000000000d140000 	/usr/lib/system/libcopyfile.dylib
0x000000000d140000 	/usr/lib/system/libcorecrypto.dylib
0x000000000d140000 	/usr/lib/system/libdispatch.dylib
0x000000000d140000 	/usr/lib/system/libdyld.dylib
0x000000000d140000 	/usr/lib/system/libkeymgr.dylib
0x000000000d140000 	/usr/lib/system/liblaunch.dylib
0x000000000d140000 	/usr/lib/system/libmacho.dylib
0x000000000d140000 	/usr/lib/system/libquarantine.dylib
0x000000000d140000 	/usr/lib/system/libremovefile.dylib
0x000000000d140000 	/usr/lib/system/libsystem_asl.dylib
0x000000000d140000 	/usr/lib/system/libsystem_blocks.dylib
0x000000000d140000 	/usr/lib/system/libsystem_c.dylib
0x000000000d140000 	/usr/lib/system/libsystem_configuration.dylib
0x000000000d140000 	/usr/lib/system/libsystem_coreservices.dylib
0x000000000d140000 	/usr/lib/system/libsystem_coretls.dylib
0x000000000d140000 	/usr/lib/system/libsystem_dnssd.dylib
0x000000000d140000 	/usr/lib/system/libsystem_info.dylib
0x000000000d140000 	/usr/lib/system/libsystem_kernel.dylib
0x000000000d140000 	/usr/lib/system/libsystem_m.dylib
0x000000000d140000 	/usr/lib/system/libsystem_malloc.dylib
0x000000000d140000 	/usr/lib/system/libsystem_network.dylib
0x000000000d140000 	/usr/lib/system/libsystem_networkextension.dylib
0x000000000d140000 	/usr/lib/system/libsystem_notify.dylib
0x000000000d140000 	/usr/lib/system/libsystem_platform.dylib
0x000000000d140000 	/usr/lib/system/libsystem_pthread.dylib
0x000000000d140000 	/usr/lib/system/libsystem_sandbox.dylib
0x000000000d140000 	/usr/lib/system/libsystem_secinit.dylib
0x000000000d140000 	/usr/lib/system/libsystem_stats.dylib
0x000000000d140000 	/usr/lib/system/libsystem_trace.dylib
0x000000000d140000 	/usr/lib/system/libunc.dylib
0x000000000d140000 	/usr/lib/system/libunwind.dylib
0x000000000d140000 	/usr/lib/system/libxpc.dylib
0x000000000d140000 	/usr/lib/libbz2.1.0.dylib
0x000000000d140000 	/usr/lib/liblzma.5.dylib
0x000000000d140000 	/usr/lib/libbsm.0.dylib
0x000000000d140000 	/usr/lib/libsqlite3.dylib
0x000000000d140000 	/usr/lib/system/libkxld.dylib
0x000000000d140000 	/usr/lib/libxar.1.dylib
0x000000000d140000 	/usr/lib/libpam.2.dylib
0x000000000d140000 	/usr/lib/libOpenScriptingUtil.dylib
0x000000000d140000 	/System/Library/Frameworks/CoreServices.framework/Versions/A/Frameworks/FSEvents.framework/Versions/A/FSEvents
0x000000000d140000 	/System/Library/Frameworks/CoreServices.framework/Versions/A/Frameworks/CarbonCore.framework/Versions/A/CarbonCore
0x000000000d140000 	/System/Library/Frameworks/CoreServices.framework/Versions/A/Frameworks/Metadata.framework/Versions/A/Metadata
0x000000000d140000 	/System/Library/Frameworks/CoreServices.framework/Versions/A/Frameworks/OSServices.framework/Versions/A/OSServices
0x000000000d140000 	/System/Library/Frameworks/CoreServices.framework/Versions/A/Frameworks/SearchKit.framework/Versions/A/SearchKit
0x000000000d140000 	/System/Library/Frameworks/CoreServices.framework/Versions/A/Frameworks/AE.framework/Versions/A/AE
0x000000000d140000 	/System/Library/Frameworks/CoreServices.framework/Versions/A/Frameworks/LaunchServices.framework/Versions/A/LaunchServices
0x000000000d140000 	/System/Library/Frameworks/CoreServices.framework/Versions/A/Frameworks/DictionaryServices.framework/Versions/A/DictionaryServices
0x000000000d140000 	/System/Library/Frameworks/NetFS.framework/Versions/A/NetFS
0x000000000d140000 	/System/Library/PrivateFrameworks/NetAuth.framework/Versions/A/NetAuth
0x000000000d140000 	/System/Library/PrivateFrameworks/login.framework/Versions/A/Frameworks/loginsupport.framework/Versions/A/loginsupport
0x000000000d140000 	/System/Library/PrivateFrameworks/TCC.framework/Versions/A/TCC
0x000000000d140000 	/usr/lib/libmecabra.dylib
0x000000000d140000 	/System/Library/Frameworks/ApplicationServices.framework/Versions/A/Frameworks/ATS.framework/Versions/A/ATS
0x000000000d140000 	/System/Library/Frameworks/ApplicationServices.framework/Versions/A/Frameworks/ColorSync.framework/Versions/A/ColorSync
0x000000000d140000 	/System/Library/Frameworks/ApplicationServices.framework/Versions/A/Frameworks/HIServices.framework/Versions/A/HIServices
0x000000000d140000 	/System/Library/Frameworks/ApplicationServices.framework/Versions/A/Frameworks/LangAnalysis.framework/Versions/A/LangAnalysis
0x000000000d140000 	/System/Library/Frameworks/ApplicationServices.framework/Versions/A/Frameworks/PrintCore.framework/Versions/A/PrintCore
0x000000000d140000 	/System/Library/Frameworks/ApplicationServices.framework/Versions/A/Frameworks/QD.framework/Versions/A/QD
0x000000000d140000 	/System/Library/Frameworks/ApplicationServices.framework/Versions/A/Frameworks/SpeechSynthesis.framework/Versions/A/SpeechSynthesis
0x000000000d140000 	/System/Library/Frameworks/Accelerate.framework/Versions/A/Accelerate
0x000000000d140000 	/System/Library/Frameworks/Accelerate.framework/Versions/A/Frameworks/vImage.framework/Versions/A/vImage
0x000000000d140000 	/System/Library/Frameworks/Accelerate.framework/Versions/A/Frameworks/vecLib.framework/Versions/A/vecLib
0x000000000d140000 	/System/Library/Frameworks/Accelerate.framework/Versions/A/Frameworks/vecLib.framework/Versions/A/libvDSP.dylib
0x000000000d140000 	/System/Library/Frameworks/Accelerate.framework/Versions/A/Frameworks/vecLib.framework/Versions/A/libvMisc.dylib
0x000000000d140000 	/System/Library/Frameworks/Accelerate.framework/Versions/A/Frameworks/vecLib.framework/Versions/A/libLAPACK.dylib
0x000000000d140000 	/System/Library/Frameworks/Accelerate.framework/Versions/A/Frameworks/vecLib.framework/Versions/A/libBLAS.dylib
0x000000000d140000 	/System/Library/Frameworks/Accelerate.framework/Versions/A/Frameworks/vecLib.framework/Versions/A/libLinearAlgebra.dylib
0x000000000d140000 	/System/Library/Frameworks/ApplicationServices.framework/Versions/A/Frameworks/ATS.framework/Versions/A/Resources/libFontParser.dylib
0x000000000d140000 	/System/Library/Frameworks/ApplicationServices.framework/Versions/A/Frameworks/ATS.framework/Versions/A/Resources/libFontRegistry.dylib
0x000000000d140000 	/System/Library/PrivateFrameworks/AppleVPA.framework/Versions/A/AppleVPA
0x000000000d140000 	/System/Library/PrivateFrameworks/AppleJPEG.framework/Versions/A/AppleJPEG
0x000000000d140000 	/System/Library/Frameworks/ImageIO.framework/Versions/A/Resources/libJPEG.dylib
0x000000000d140000 	/System/Library/Frameworks/ImageIO.framework/Versions/A/Resources/libTIFF.dylib
0x000000000d140000 	/System/Library/Frameworks/ImageIO.framework/Versions/A/Resources/libPng.dylib
0x000000000d140000 	/System/Library/Frameworks/ImageIO.framework/Versions/A/Resources/libGIF.dylib
0x000000000d140000 	/System/Library/Frameworks/ImageIO.framework/Versions/A/Resources/libJP2.dylib
0x000000000d140000 	/System/Library/Frameworks/ImageIO.framework/Versions/A/Resources/libRadiance.dylib
0x000000000d140000 	/System/Library/Frameworks/CoreVideo.framework/Versions/A/CoreVideo
0x000000000d140000 	/System/Library/Frameworks/OpenGL.framework/Versions/A/Libraries/libGLU.dylib
0x000000000d140000 	/System/Library/Frameworks/OpenGL.framework/Versions/A/Libraries/libGFXShared.dylib
0x000000000d140000 	/System/Library/Frameworks/OpenGL.framework/Versions/A/Libraries/libGL.dylib
0x000000000d140000 	/System/Library/Frameworks/OpenGL.framework/Versions/A/Libraries/libGLImage.dylib
0x000000000d140000 	/System/Library/Frameworks/OpenGL.framework/Versions/A/Libraries/libCVMSPluginSupport.dylib
0x000000000d140000 	/System/Library/Frameworks/OpenGL.framework/Versions/A/Libraries/libCoreVMClient.dylib
0x000000000d140000 	/usr/lib/libcups.2.dylib
0x000000000d140000 	/System/Library/Frameworks/Kerberos.framework/Versions/A/Kerberos
0x000000000d140000 	/System/Library/Frameworks/GSS.framework/Versions/A/GSS
0x000000000d140000 	/usr/lib/libresolv.9.dylib
0x000000000d140000 	/usr/lib/libiconv.2.dylib
0x000000000d140000 	/System/Library/PrivateFrameworks/Heimdal.framework/Versions/A/Heimdal
0x000000000d140000 	/usr/lib/libheimdal-asn1.dylib
0x000000000d140000 	/System/Library/Frameworks/OpenDirectory.framework/Versions/A/OpenDirectory
0x000000000d140000 	/System/Library/PrivateFrameworks/CommonAuth.framework/Versions/A/CommonAuth
0x000000000d140000 	/System/Library/Frameworks/OpenDirectory.framework/Versions/A/Frameworks/CFOpenDirectory.framework/Versions/A/CFOpenDirectory
0x000000000d140000 	/System/Library/Frameworks/SecurityFoundation.framework/Versions/A/SecurityFoundation
0x000000000d140000 	/System/Library/PrivateFrameworks/LanguageModeling.framework/Versions/A/LanguageModeling
0x000000000d140000 	/usr/lib/libcmph.dylib
0x000000000d140000 	/System/Library/Frameworks/ServiceManagement.framework/Versions/A/ServiceManagement
0x000000000d140000 	/usr/lib/libxslt.1.dylib
0x000000000d140000 	/System/Library/Frameworks/Carbon.framework/Versions/A/Frameworks/Ink.framework/Versions/A/Ink
0x000000000d140000 	/System/Library/Frameworks/QuartzCore.framework/Versions/A/Frameworks/CoreImage.framework/Versions/A/CoreImage
0x000000000d140000 	/System/Library/PrivateFrameworks/CrashReporterSupport.framework/Versions/A/CrashReporterSupport
0x000000000d140000 	/System/Library/Frameworks/OpenCL.framework/Versions/A/OpenCL
0x000000000d140000 	/System/Library/PrivateFrameworks/FaceCore.framework/Versions/A/FaceCore
0x000000000d140000 	/System/Library/PrivateFrameworks/Ubiquity.framework/Versions/A/Ubiquity
0x000000000d140000 	/System/Library/PrivateFrameworks/IconServices.framework/Versions/A/IconServices
0x000000000d140000 	/System/Library/PrivateFrameworks/ChunkingLibrary.framework/Versions/A/ChunkingLibrary
0x000000000d140000 	/System/Library/PrivateFrameworks/Apple80211.framework/Versions/A/Apple80211
0x000000000d140000 	/System/Library/Frameworks/CoreWLAN.framework/Versions/A/CoreWLAN
0x000000000d140000 	/System/Library/Frameworks/IOBluetooth.framework/Versions/A/IOBluetooth
0x000000000d140000 	/System/Library/PrivateFrameworks/CoreWiFi.framework/Versions/A/CoreWiFi
0x000000000d140000 	/System/Library/Frameworks/CoreBluetooth.framework/Versions/A/CoreBluetooth
0x000000000d140000 	/System/Library/PrivateFrameworks/DebugSymbols.framework/Versions/A/DebugSymbols
0x000000000d140000 	/System/Library/PrivateFrameworks/CoreSymbolication.framework/Versions/A/CoreSymbolication
0x000000000d140000 	/System/Library/PrivateFrameworks/Symbolication.framework/Versions/A/Symbolication
0x000000000d140000 	/System/Library/PrivateFrameworks/SpeechRecognitionCore.framework/Versions/A/SpeechRecognitionCore
0x000000010a8b4000 	/Library/Java/JavaVirtualMachines/jdk1.8.0_31.jdk/Contents/Home/jre/lib/server/libjvm.dylib
0x000000000d140000 	/usr/lib/libstdc++.6.dylib
0x000000010b7ea000 	/Library/Java/JavaVirtualMachines/jdk1.8.0_31.jdk/Contents/Home/jre/lib/libverify.dylib
0x000000010c103000 	/Library/Java/JavaVirtualMachines/jdk1.8.0_31.jdk/Contents/Home/jre/lib/libjava.dylib
0x000000010c13f000 	/Library/Java/JavaVirtualMachines/jdk1.8.0_31.jdk/Contents/Home/jre/lib/libzip.dylib
0x00000001221bd000 	/System/Library/Frameworks/JavaVM.framework/Frameworks/JavaRuntimeSupport.framework/JavaRuntimeSupport
0x00000001221d3000 	/System/Library/Frameworks/JavaVM.framework/Versions/A/Frameworks/JavaNativeFoundation.framework/Versions/A/JavaNativeFoundation
0x00000001221e7000 	/System/Library/Frameworks/JavaVM.framework/Versions/A/JavaVM
0x000000000d140000 	/System/Library/Frameworks/Carbon.framework/Versions/A/Carbon
0x00000001221f3000 	/System/Library/PrivateFrameworks/JavaLaunching.framework/Versions/A/JavaLaunching
0x000000000d140000 	/System/Library/Frameworks/Carbon.framework/Versions/A/Frameworks/CommonPanels.framework/Versions/A/CommonPanels
0x000000000d140000 	/System/Library/Frameworks/Carbon.framework/Versions/A/Frameworks/Help.framework/Versions/A/Help
0x000000000d140000 	/System/Library/Frameworks/Carbon.framework/Versions/A/Frameworks/ImageCapture.framework/Versions/A/ImageCapture
0x000000000d140000 	/System/Library/Frameworks/Carbon.framework/Versions/A/Frameworks/OpenScripting.framework/Versions/A/OpenScripting
0x000000000d140000 	/System/Library/Frameworks/Carbon.framework/Versions/A/Frameworks/Print.framework/Versions/A/Print
0x000000000d140000 	/System/Library/Frameworks/Carbon.framework/Versions/A/Frameworks/SecurityHI.framework/Versions/A/SecurityHI
0x000000012407d000 	/Library/Java/JavaVirtualMachines/jdk1.8.0_31.jdk/Contents/Home/jre/lib/libawt.dylib
0x000000012412c000 	/Library/Java/JavaVirtualMachines/jdk1.8.0_31.jdk/Contents/Home/jre/lib/./libmlib_image.dylib
0x00000001241f8000 	/Library/Java/JavaVirtualMachines/jdk1.8.0_31.jdk/Contents/Home/jre/lib/libawt_lwawt.dylib
0x00000001242ab000 	/Library/Java/JavaVirtualMachines/jdk1.8.0_31.jdk/Contents/Home/jre/lib/./libosxapp.dylib
0x000000000d140000 	/System/Library/Frameworks/ExceptionHandling.framework/Versions/A/ExceptionHandling
0x000000000d140000 	/System/Library/PrivateFrameworks/CoreServicesInternal.framework/Versions/A/CoreServicesInternal
0x000000000d140000 	/System/Library/PrivateFrameworks/CloudDocs.framework/Versions/A/CloudDocs
0x000000000d140000 	/System/Library/PrivateFrameworks/CoreDuet.framework/Versions/A/CoreDuet
0x000000000d140000 	/System/Library/Frameworks/CloudKit.framework/Versions/A/CloudKit
0x000000000d140000 	/System/Library/PrivateFrameworks/ProtocolBuffer.framework/Versions/A/ProtocolBuffer
0x000000000d140000 	/System/Library/PrivateFrameworks/CoreDuetDaemonProtocol.framework/Versions/A/CoreDuetDaemonProtocol
0x000000000d140000 	/System/Library/PrivateFrameworks/CoreDuetDebugLogging.framework/Versions/A/CoreDuetDebugLogging
0x000000000d140000 	/System/Library/Frameworks/CoreLocation.framework/Versions/A/CoreLocation
0x000000000d140000 	/System/Library/Frameworks/Accounts.framework/Versions/A/Accounts
0x000000000d140000 	/System/Library/PrivateFrameworks/ApplePushService.framework/Versions/A/ApplePushService
0x000000000d140000 	/System/Library/PrivateFrameworks/GeoServices.framework/Versions/A/GeoServices
0x000000000d140000 	/System/Library/PrivateFrameworks/OAuth.framework/Versions/A/OAuth
0x000000000d140000 	/System/Library/PrivateFrameworks/CoreDaemon.framework/Versions/B/CoreDaemon
0x000000000d140000 	/usr/lib/libcrypto.0.9.8.dylib
0x000000000d140000 	/System/Library/PrivateFrameworks/AppleSRP.framework/Versions/A/AppleSRP
0x000000000d140000 	/System/Library/PrivateFrameworks/TrustEvaluationAgent.framework/Versions/A/TrustEvaluationAgent
0x000000000d140000 	/System/Library/Frameworks/CoreGraphics.framework/Versions/A/Resources/libCGCMS.A.dylib
0x000000000d140000 	/System/Library/Frameworks/CoreGraphics.framework/Versions/A/Resources/libRIP.A.dylib
0x000000000d140000 	/System/Library/PrivateFrameworks/FamilyControls.framework/Versions/A/FamilyControls
0x000000000d140000 	/System/Library/PrivateFrameworks/CommerceKit.framework/Versions/A/Frameworks/CommerceCore.framework/Versions/A/CommerceCore
0x000000000d140000 	/System/Library/PrivateFrameworks/SystemAdministration.framework/Versions/A/SystemAdministration
0x000000000d140000 	/System/Library/PrivateFrameworks/AppContainer.framework/Versions/A/AppContainer
0x000000000d140000 	/System/Library/PrivateFrameworks/SecCodeWrapper.framework/Versions/A/SecCodeWrapper
0x000000000d140000 	/System/Library/Frameworks/DirectoryService.framework/Versions/A/DirectoryService
0x000000000d140000 	/System/Library/PrivateFrameworks/DiskImages.framework/Versions/A/DiskImages
0x000000000d140000 	/System/Library/PrivateFrameworks/LoginUIKit.framework/Versions/A/Frameworks/LoginUICore.framework/Versions/A/LoginUICore
0x000000000d140000 	/usr/lib/libCoreStorage.dylib
0x000000000d140000 	/usr/lib/libcsfde.dylib
0x000000000d140000 	/usr/lib/libodfde.dylib
0x000000000d140000 	/System/Library/Frameworks/DiscRecording.framework/Versions/A/DiscRecording
0x000000000d140000 	/usr/lib/libcurl.4.dylib
0x000000000d140000 	/System/Library/PrivateFrameworks/MediaKit.framework/Versions/A/MediaKit
0x000000000d140000 	/System/Library/PrivateFrameworks/ProtectedCloudStorage.framework/Versions/A/ProtectedCloudStorage
0x000000000d140000 	/System/Library/PrivateFrameworks/EFILogin.framework/Versions/A/EFILogin
0x000000000d140000 	/usr/lib/libutil.dylib
0x000000000d140000 	/System/Library/PrivateFrameworks/FindMyDevice.framework/Versions/A/FindMyDevice
0x000000000d140000 	/System/Library/Frameworks/LDAP.framework/Versions/A/LDAP
0x000000000d140000 	/usr/lib/libsasl2.2.dylib
0x000000000d140000 	/System/Library/Frameworks/CoreGraphics.framework/Versions/A/Resources/libCGXType.A.dylib
0x000000000d140000 	/System/Library/Frameworks/OpenCL.framework/Versions/A/Libraries/libcldcpuengine.dylib
0x0000000126320000 	cl_kernels
0x0000000127da0000 	/System/Library/Frameworks/OpenCL.framework/Versions/A/Libraries/ImageFormats/unorm8_bgra.dylib
0x0000000126311000 	cl_kernels
0x000000012806d000 	/Library/Java/JavaVirtualMachines/jdk1.8.0_31.jdk/Contents/Home/jre/lib/libfontmanager.dylib
0x00000001280d4000 	/Users/ShantalOlono/Life/slick/liblwjgl.dylib
0x0000000126317000 	/Library/Java/JavaVirtualMachines/jdk1.8.0_31.jdk/Contents/Home/jre/lib/libjawt.dylib
0x000000000d140000 	/System/Library/Frameworks/OpenGL.framework/Versions/A/Resources/GLEngine.bundle/GLEngine
0x000000000d140000 	/System/Library/Frameworks/OpenGL.framework/Versions/A/Libraries/libGLProgrammability.dylib
0x0000000000000000 	/System/Library/Extensions/AppleIntelHD4000GraphicsGLDriver.bundle/Contents/MacOS/AppleIntelHD4000GraphicsGLDriver
0x000000000d140000 	/System/Library/PrivateFrameworks/IOAccelerator.framework/Versions/A/IOAccelerator
0x000000000d140000 	/System/Library/PrivateFrameworks/GPUSupport.framework/Versions/A/Libraries/libGPUSupportMercury.dylib
0x000000000d140000 	/System/Library/Frameworks/OpenGL.framework/Versions/A/Resources/GLRendererFloat.bundle/GLRendererFloat
0x0000000128988000 	/Users/ShantalOlono/Life/slick/libjinput-osx.dylib
0x000000012898d000 	/System/Library/Extensions/IOHIDFamily.kext/Contents/PlugIns/IOHIDLib.plugin/Contents/MacOS/IOHIDLib
0x0000000136b27000 	/Library/Java/JavaVirtualMachines/jdk1.8.0_31.jdk/Contents/Home/jre/lib/libnet.dylib
0x0000000136a6d000 	/Library/Java/JavaVirtualMachines/jdk1.8.0_31.jdk/Contents/Home/jre/lib/libnio.dylib

VM Arguments:
jvm_args: -Djava.library.path=/Users/ShantalOlono/Life/slick -Dfile.encoding=UTF-8 
java_command: main.java.edu.asu.cst316.Game
java_class_path (initial): /Users/ShantalOlono/Life/bin:/Users/ShantalOlono/Life/jar/jacocoagent.jar:/Users/ShantalOlono/Life/jar/jacocoant.jar:/Users/ShantalOlono/Life/jar/junit.jar:/Users/ShantalOlono/Life/jar/org.jacoco.agent-0.7.4.201502262128.jar:/Users/ShantalOlono/Life/jar/org.jacoco.ant-0.7.4.201502262128.jar:/Users/ShantalOlono/Life/jar/org.jacoco.core-0.7.4.201502262128.jar:/Users/ShantalOlono/Life/jar/org.jacoco.report-0.7.4.201502262128.jar:/Users/ShantalOlono/Life/slick/lib/commons-math3-3.3.jar:/Users/ShantalOlono/Life/slick/lib/ibxm.jar:/Users/ShantalOlono/Life/slick/lib/jinput.jar:/Users/ShantalOlono/Life/slick/lib/jnlp.jar:/Users/ShantalOlono/Life/slick/lib/jogg-0.0.7.jar:/Users/ShantalOlono/Life/slick/lib/jorbis-0.0.15.jar:/Users/ShantalOlono/Life/slick/lib/lwjgl_util_applet.jar:/Users/ShantalOlono/Life/slick/lib/lwjgl_util.jar:/Users/ShantalOlono/Life/slick/lib/lwjgl.jar:/Users/ShantalOlono/Life/slick/lib/natives-linux.jar:/Users/ShantalOlono/Life/slick/lib/natives-mac.jar:/Users/ShantalOlono/Life/slick/lib/natives-windows.jar:/Users/ShantalOlono/Life/slick/lib/Pack200Task.jar:/Users/ShantalOlono/Life/slick/lib/slick-examples.jar:/Users/ShantalOlono/Life/slick/lib/slick.jar:/Users/ShantalOlono/Life/slick/lib/tinylinepp.jar
Launcher Type: SUN_STANDARD

Environment Variables:
PATH=/usr/bin:/bin:/usr/sbin:/sbin
SHELL=/bin/bash

Signal Handlers:
SIGSEGV: [libjvm.dylib+0x57a0e7], sa_mask[0]=11111111011111110111111111111111, sa_flags=SA_ONSTACK|SA_RESTART|SA_SIGINFO
SIGBUS: [libjvm.dylib+0x57a0e7], sa_mask[0]=11111111011111110111111111111111, sa_flags=SA_RESTART|SA_SIGINFO
SIGFPE: [libjvm.dylib+0x45af24], sa_mask[0]=11111111011111110111111111111111, sa_flags=SA_RESTART|SA_SIGINFO
SIGPIPE: [libjvm.dylib+0x45af24], sa_mask[0]=11111111011111110111111111111111, sa_flags=SA_RESTART|SA_SIGINFO
SIGXFSZ: [libjvm.dylib+0x45af24], sa_mask[0]=11111111011111110111111111111111, sa_flags=SA_RESTART|SA_SIGINFO
SIGILL: [libjvm.dylib+0x45af24], sa_mask[0]=11111111011111110111111111111111, sa_flags=SA_RESTART|SA_SIGINFO
SIGUSR1: SIG_DFL, sa_mask[0]=00000000000000000000000000000000, sa_flags=none
SIGUSR2: [libjvm.dylib+0x45aa42], sa_mask[0]=00100000000000000000000000000000, sa_flags=SA_RESTART|SA_SIGINFO
SIGHUP: [libjvm.dylib+0x459015], sa_mask[0]=11111111011111110111111111111111, sa_flags=SA_RESTART|SA_SIGINFO
SIGINT: [libjvm.dylib+0x459015], sa_mask[0]=11111111011111110111111111111111, sa_flags=SA_RESTART|SA_SIGINFO
SIGTERM: [libjvm.dylib+0x459015], sa_mask[0]=11111111011111110111111111111111, sa_flags=SA_RESTART|SA_SIGINFO
SIGQUIT: [libjvm.dylib+0x459015], sa_mask[0]=11111111011111110111111111111111, sa_flags=SA_RESTART|SA_SIGINFO


---------------  S Y S T E M  ---------------

OS:Bsduname:Darwin 14.1.0 Darwin Kernel Version 14.1.0: Mon Dec 22 23:10:38 PST 2014; root:xnu-2782.10.72~2/RELEASE_X86_64 x86_64
rlimit: STACK 8192k, CORE 0k, NPROC 709, NOFILE 10240, AS infinity
load average:2.63 2.39 2.15

CPU:total 4 (2 cores per cpu, 2 threads per core) family 6 model 58 stepping 9, cmov, cx8, fxsr, mmx, sse, sse2, sse3, ssse3, sse4.1, sse4.2, popcnt, avx, aes, clmul, erms, ht, tsc, tscinvbit, tscinv

Memory: 4k page, physical 8388608k(760016k free)

/proc/meminfo:


vm_info: Java HotSpot(TM) 64-Bit Server VM (25.31-b07) for bsd-amd64 JRE (1.8.0_31-b13), built on Dec 17 2014 20:45:36 by "java_re" with gcc 4.2.1 (Based on Apple Inc. build 5658) (LLVM build 2336.11.00)

time: Mon Apr 20 18:10:20 2015
elapsed time: 26 seconds (0d 0h 0m 26s)

