#
# A fatal error has been detected by the Java Runtime Environment:
#
#  SIGSEGV (0xb) at pc=0x00007fff953d38f2, pid=11360, tid=1811
#
# JRE version: Java(TM) SE Runtime Environment (8.0_31-b13) (build 1.8.0_31-b13)
# Java VM: Java HotSpot(TM) 64-Bit Server VM (25.31-b07 mixed mode bsd-amd64 compressed oops)
# Problematic frame:
# C  [libGPUSupportMercury.dylib+0xb8f2]  gldAttachDrawable+0x60
#
# Failed to write core dump. Core dumps have been disabled. To enable core dumping, try "ulimit -c unlimited" before starting Java again
#
# If you would like to submit a bug report, please visit:
#   http://bugreport.java.com/bugreport/crash.jsp
# The crash happened outside the Java Virtual Machine in native code.
# See problematic frame for where to report the bug.
#

---------------  T H R E A D  ---------------

Current thread (0x00007ffe6492d000):  JavaThread "AppKit Thread" daemon [_thread_in_native, id=1811, stack(0x00007fff50145000,0x00007fff50945000)]

siginfo: si_signo: 11 (SIGSEGV), si_code: 0 (unknown), si_addr: 0x0000000000000000

Registers:
RAX=0x7000000000000000, RBX=0x000000000000271e, RCX=0x0000000000000000, RDX=0x00007ffe63692848
RSP=0x00007fff5093e4c0, RBP=0x00007fff5093e5c0, RSI=0x0000000000000050, RDI=0x00007fff7dc46070
R8 =0x00007ffe66809e60, R9 =0x00007ffe66000000, R10=0x000000000000003c, R11=0x0000000000000206
R12=0x0000000000002718, R13=0x00007ffe6416b600, R14=0x0000000000000050, R15=0x0000000000000000
RIP=0x00007fff953d38f2, EFLAGS=0x0000000000010212, ERR=0x0000000000000000
  TRAPNO=0x000000000000000d

Top of Stack: (sp=0x00007fff5093e4c0)
0x00007fff5093e4c0:   00007fff5093e534 00007ffe63533cf0
0x00007fff5093e4d0:   ffffffffffffffff 0000206000000040
0x00007fff5093e4e0:   00007ffe63533d08 00007fff9bcbd64f
0x00007fff5093e4f0:   0000000000000000 7000000000000000
0x00007fff5093e500:   0000000300000003 00007fff5093e648
0x00007fff5093e510:   00007fff5093e5d4 000000000002b1e3
0x00007fff5093e520:   00007fff5093e5cc 00007fff5093e5d0
0x00007fff5093e530:   00007fff5093e5b0 00007fff98cbbfa6
0x00007fff5093e540:   0000000000000000 00000000000022bd
0x00007fff5093e550:   0000003400001200 0000040b00000000
0x00007fff5093e560:   00007fff5093e590 00007fff98c6beac
0x00007fff5093e570:   00007fff5093e5c0 00000000000022bd
0x00007fff5093e580:   00000000042730c0 000000002b335009
0x00007fff5093e590:   eb00ec05de53cc33 00007ffe66800000
0x00007fff5093e5a0:   0000000000002718 0000000000000000
0x00007fff5093e5b0:   0000000000000050 0000000000000000
0x00007fff5093e5c0:   00007fff5093e610 00007fff918197e8
0x00007fff5093e5d0:   00007ffe66809e60 0000000000000000
0x00007fff5093e5e0:   00007ffe63692848 00007ffe63559110
0x00007fff5093e5f0:   0000000000000000 00007ffe64a0cf50
0x00007fff5093e600:   00007ffe64a0b000 00007fff7dc46070
0x00007fff5093e610:   00007fff5093e700 00007fff95ae77ac
0x00007fff5093e620:   4089000000000000 406e000000000000
0x00007fff5093e630:   4053800000000000 4089000000000000
0x00007fff5093e640:   4083700000000000 0000000000000000
0x00007fff5093e650:   4036000000000000 4089000000000000
0x00007fff5093e660:   4082c00000000000 0000000000000000
0x00007fff5093e670:   0000000000000000 0000000000000001
0x00007fff5093e680:   00007ffe63692848 0000000000000001
0x00007fff5093e690:   00007fff5093e700 00007fff95aec64c
0x00007fff5093e6a0:   0000000100000003 00007ffe64a0cf50
0x00007fff5093e6b0:   00007ffe64a0ce88 000000029b94ffff 

Instructions: (pc=0x00007fff953d38f2)
0x00007fff953d38d2:   48 85 d2 b8 01 00 00 00 bb 15 27 00 00 0f 44 d8
0x00007fff953d38e2:   e9 7f 01 00 00 49 8b 45 08 48 89 85 38 ff ff ff
0x00007fff953d38f2:   48 8b 00 48 89 85 30 ff ff ff 83 fe 4f 0f 8f fd
0x00007fff953d3902:   00 00 00 48 89 d0 bb 15 27 00 00 83 fe 35 0f 84 

Register to memory mapping:

RAX=0x7000000000000000 is an unknown value
RBX=0x000000000000271e is an unknown value
RCX=0x0000000000000000 is an unknown value
RDX=0x00007ffe63692848 is an unknown value
RSP=0x00007fff5093e4c0 is pointing into the stack for thread: 0x00007ffe6492d000
RBP=0x00007fff5093e5c0 is pointing into the stack for thread: 0x00007ffe6492d000
RSI=0x0000000000000050 is an unknown value
RDI=0x00007fff7dc46070: __stack_chk_guard+0 in /usr/lib/system/libsystem_c.dylib at 0x00007fff91534000
R8 =0x00007ffe66809e60 is an unknown value
R9 =0x00007ffe66000000 is an unknown value
R10=0x000000000000003c is an unknown value
R11=0x0000000000000206 is an unknown value
R12=0x0000000000002718 is an unknown value
R13=0x00007ffe6416b600 is an unknown value
R14=0x0000000000000050 is an unknown value
R15=0x0000000000000000 is an unknown value


Stack: [0x00007fff50145000,0x00007fff50945000],  sp=0x00007fff5093e4c0,  free space=8165k
Native frames: (J=compiled Java code, j=interpreted, Vv=VM code, C=native code)
C  [libGPUSupportMercury.dylib+0xb8f2]  gldAttachDrawable+0x60
C  [GLEngine+0x167e8]  gliAttachDrawableWithOptions+0x101
C  [OpenGL+0x37ac]  glcGetIOAccelService+0xe03
C  [OpenGL+0x73f3]  CGLSetPBuffer+0xb90
C  [OpenGL+0x7716]  CGLSetSurface+0x124
C  [AppKit+0x57e567]  NSOpenGLContextAttachOnScreenViewSurface+0x109
C  [AppKit+0x2c669b]  -[NSOpenGLContext setView:]+0x83
C  [liblwjgl.dylib+0xa586]  -[MacOSXOpenGLView lockFocus]+0x76
C  [AppKit+0x14e3c5]  -[NSView _recursiveDisplayRectIfNeededIgnoringOpacity:isVisibleRect:rectIsVisibleRectForView:topView:]+0x740
C  [AppKit+0x14f420]  -[NSView _recursiveDisplayRectIfNeededIgnoringOpacity:isVisibleRect:rectIsVisibleRectForView:topView:]+0x179b
C  [AppKit+0x14d773]  -[NSThemeFrame _recursiveDisplayRectIfNeededIgnoringOpacity:isVisibleRect:rectIsVisibleRectForView:topView:]+0x14d
C  [AppKit+0x14a2cb]  -[NSView _displayRectIgnoringOpacity:isVisibleRect:rectIsVisibleRectForView:]+0xac9
C  [AppKit+0x128e2d]  -[NSView displayIfNeeded]+0x754
C  [AppKit+0x1461c5]  -[NSWindow displayIfNeeded]+0xe8
C  [AppKit+0x183322]  _handleWindowNeedsDisplayOrLayoutOrUpdateConstraints+0x3a8
C  [Foundation+0x66db3]  __NSFireTimer+0x5f
C  [CoreFoundation+0xb5b64]  __CFRUNLOOP_IS_CALLING_OUT_TO_A_TIMER_CALLBACK_FUNCTION__+0x14
C  [CoreFoundation+0xb57f3]  __CFRunLoopDoTimer+0x423
C  [CoreFoundation+0x128dbd]  __CFRunLoopDoTimers+0x12d
C  [CoreFoundation+0x72288]  __CFRunLoopRun+0x7e8
C  [CoreFoundation+0x71858]  CFRunLoopRunSpecific+0x128
C  [HIToolbox+0x2eaef]  RunCurrentEventLoopInMode+0xeb
C  [HIToolbox+0x2e86a]  ReceiveNextEventCommon+0x1af
C  [HIToolbox+0x2e6ab]  _BlockUntilNextEventMatchingListInModeWithFilter+0x47
C  [AppKit+0x23f81]  _DPSNextEvent+0x3c4
C  [AppKit+0x23730]  -[NSApplication nextEventMatchingMask:untilDate:inMode:dequeue:]+0xc2
C  [libosxapp.dylib+0x242a]  -[NSApplicationAWT nextEventMatchingMask:untilDate:inMode:dequeue:]+0x7c
C  [AppKit+0x17593]  -[NSApplication run]+0x252
C  [libosxapp.dylib+0x223e]  +[NSApplicationAWT runAWTLoopWithApp:]+0x9c
C  [libawt_lwawt.dylib+0x4494f]  -[AWTStarter starter:]+0x389
C  [Foundation+0x65cdc]  __NSThreadPerformPerform+0x125
C  [CoreFoundation+0x80681]  __CFRUNLOOP_IS_CALLING_OUT_TO_A_SOURCE0_PERFORM_FUNCTION__+0x11
C  [CoreFoundation+0x7280d]  __CFRunLoopDoSources0+0x10d
C  [CoreFoundation+0x71e3f]  __CFRunLoopRun+0x39f
C  [CoreFoundation+0x71858]  CFRunLoopRunSpecific+0x128
C  [java+0x56cc]  CreateExecutionEnvironment+0x367
C  [java+0x165c]  JLI_Launch+0x7a0
C  [java+0x768a]  main+0x65
C  [java+0xeb4]  start+0x34
C  0x0000000000000006


---------------  P R O C E S S  ---------------

Java Threads: ( => current thread )
  0x00007ffe651b6000 JavaThread "Java2D Disposer" daemon [_thread_blocked, id=55055, stack(0x00000001fb150000,0x00000001fb250000)]
  0x00007ffe64a35800 JavaThread "Java2D Queue Flusher" daemon [_thread_blocked, id=55303, stack(0x00000001fa7b3000,0x00000001fa8b3000)]
  0x00007ffe64908000 JavaThread "AWT-Shutdown" [_thread_blocked, id=28935, stack(0x00000001ea32e000,0x00000001ea42e000)]
=>0x00007ffe6492d000 JavaThread "AppKit Thread" daemon [_thread_in_native, id=1811, stack(0x00007fff50145000,0x00007fff50945000)]
  0x00007ffe64831000 JavaThread "Service Thread" daemon [_thread_blocked, id=18179, stack(0x00000001e8b12000,0x00000001e8c12000)]
  0x00007ffe65009000 JavaThread "C1 CompilerThread2" daemon [_thread_blocked, id=17667, stack(0x00000001e8a0f000,0x00000001e8b0f000)]
  0x00007ffe6400d800 JavaThread "C2 CompilerThread1" daemon [_thread_blocked, id=17155, stack(0x00000001e890c000,0x00000001e8a0c000)]
  0x00007ffe6400c000 JavaThread "C2 CompilerThread0" daemon [_thread_blocked, id=16643, stack(0x00000001e8809000,0x00000001e8909000)]
  0x00007ffe6482e000 JavaThread "Signal Dispatcher" daemon [_thread_blocked, id=16155, stack(0x00000001e8706000,0x00000001e8806000)]
  0x00007ffe65007000 JavaThread "Finalizer" daemon [_thread_blocked, id=11523, stack(0x00000001e6dc5000,0x00000001e6ec5000)]
  0x00007ffe64805800 JavaThread "Reference Handler" daemon [_thread_blocked, id=11011, stack(0x00000001e6cc2000,0x00000001e6dc2000)]
  0x00007ffe63806800 JavaThread "main" [_thread_in_native, id=4867, stack(0x00000001102f0000,0x00000001103f0000)]

Other Threads:
  0x00007ffe6382b000 VMThread [stack: 0x00000001e6bbf000,0x00000001e6cbf000] [id=10499]
  0x00007ffe65016000 WatcherThread [stack: 0x00000001e8c15000,0x00000001e8d15000] [id=18691]

VM state:not at safepoint (normal execution)

VM Mutex/Monitor currently owned by a thread: None

Heap:
 PSYoungGen      total 411136K, used 383689K [0x0000000175980000, 0x0000000190380000, 0x00000001a0400000)
  eden space 404480K, 93% used [0x0000000175980000,0x000000018c9da698,0x000000018e480000)
  from space 6656K, 97% used [0x000000018f780000,0x000000018fdd8060,0x000000018fe00000)
  to   space 5632K, 0% used [0x000000018fe00000,0x000000018fe00000,0x0000000190380000)
 ParOldGen       total 87552K, used 11327K [0x0000000120400000, 0x0000000125980000, 0x0000000175980000)
  object space 87552K, 12% used [0x0000000120400000,0x0000000120f0fed8,0x0000000125980000)
 Metaspace       used 10245K, capacity 10393K, committed 10624K, reserved 1058816K
  class space    used 1070K, capacity 1117K, committed 1152K, reserved 1048576K

Card table byte_map: [0x00000001a0400000,0x00000001a0801000] byte_map_base: 0x000000019fafe000

Marking Bits: (ParMarkBitMap*) 0x000000010fc57410
 Begin Bits: [0x00000001a0db5000, 0x00000001a2db5000)
 End Bits:   [0x00000001a2db5000, 0x00000001a4db5000)

Polling page: 0x0000000110c34000

CodeCache: size=245760Kb used=4499Kb max_used=4499Kb free=241260Kb
 bounds [0x0000000110c47000, 0x00000001110b7000, 0x000000011fc47000]
 total_blobs=1759 nmethods=1231 adapters=443
 compilation: enabled

Compilation events (10 events):
Event: 11.367 Thread 0x00007ffe65009000 1226       3       java.awt.image.Raster::getTransferType (8 bytes)
Event: 11.368 Thread 0x00007ffe65009000 nmethod 1226 0x00000001110acbd0 code [0x00000001110acd40, 0x00000001110acf30]
Event: 11.368 Thread 0x00007ffe65009000 1227       3       java.awt.image.BufferedImage::isStandard (44 bytes)
Event: 11.368 Thread 0x00007ffe65009000 nmethod 1227 0x00000001110acfd0 code [0x00000001110ad160, 0x00000001110ad828]
Event: 11.450 Thread 0x00007ffe65009000 1228       3       org.newdawn.slick.Color::<init> (54 bytes)
Event: 11.450 Thread 0x00007ffe65009000 nmethod 1228 0x00000001110ada50 code [0x00000001110adc20, 0x00000001110adf78]
Event: 11.833 Thread 0x00007ffe65009000 1230       3       org.newdawn.slick.Color::multiply (44 bytes)
Event: 11.833 Thread 0x00007ffe65009000 nmethod 1230 0x00000001110ae490 code [0x00000001110ae600, 0x00000001110ae848]
Event: 11.896 Thread 0x00007ffe65009000 1231       3       org.newdawn.slick.TrueTypeFont::drawString (11 bytes)
Event: 11.896 Thread 0x00007ffe65009000 nmethod 1231 0x00000001110ae950 code [0x00000001110aeae0, 0x00000001110aee08]

GC Heap History (10 events):
Event: 6.038 GC heap before
{Heap before GC invocations=7 (full 0):
 PSYoungGen      total 143872K, used 140816K [0x0000000175980000, 0x000000017f280000, 0x00000001a0400000)
  eden space 132608K, 100% used [0x0000000175980000,0x000000017db00000,0x000000017db00000)
  from space 11264K, 72% used [0x000000017e680000,0x000000017ee84060,0x000000017f180000)
  to   space 11776K, 0% used [0x000000017db00000,0x000000017db00000,0x000000017e680000)
 ParOldGen       total 87552K, used 8391K [0x0000000120400000, 0x0000000125980000, 0x0000000175980000)
  object space 87552K, 9% used [0x0000000120400000,0x0000000120c31c48,0x0000000125980000)
 Metaspace       used 10173K, capacity 10329K, committed 10368K, reserved 1058816K
  class space    used 1069K, capacity 1117K, committed 1152K, reserved 1048576K
Event: 6.047 GC heap after
Heap after GC invocations=7 (full 0):
 PSYoungGen      total 144384K, used 3608K [0x0000000175980000, 0x0000000187380000, 0x00000001a0400000)
  eden space 132608K, 0% used [0x0000000175980000,0x0000000175980000,0x000000017db00000)
  from space 11776K, 30% used [0x000000017db00000,0x000000017de86040,0x000000017e680000)
  to   space 11776K, 0% used [0x0000000186800000,0x0000000186800000,0x0000000187380000)
 ParOldGen       total 87552K, used 11219K [0x0000000120400000, 0x0000000125980000, 0x0000000175980000)
  object space 87552K, 12% used [0x0000000120400000,0x0000000120ef4ec8,0x0000000125980000)
 Metaspace       used 10173K, capacity 10329K, committed 10368K, reserved 1058816K
  class space    used 1069K, capacity 1117K, committed 1152K, reserved 1048576K
}
Event: 6.645 GC heap before
{Heap before GC invocations=8 (full 0):
 PSYoungGen      total 144384K, used 136216K [0x0000000175980000, 0x0000000187380000, 0x00000001a0400000)
  eden space 132608K, 100% used [0x0000000175980000,0x000000017db00000,0x000000017db00000)
  from space 11776K, 30% used [0x000000017db00000,0x000000017de86040,0x000000017e680000)
  to   space 11776K, 0% used [0x0000000186800000,0x0000000186800000,0x0000000187380000)
 ParOldGen       total 87552K, used 11219K [0x0000000120400000, 0x0000000125980000, 0x0000000175980000)
  object space 87552K, 12% used [0x0000000120400000,0x0000000120ef4ec8,0x0000000125980000)
 Metaspace       used 10178K, capacity 10329K, committed 10368K, reserved 1058816K
  class space    used 1069K, capacity 1117K, committed 1152K, reserved 1048576K
Event: 6.647 GC heap after
Heap after GC invocations=8 (full 0):
 PSYoungGen      total 276480K, used 472K [0x0000000175980000, 0x0000000187480000, 0x00000001a0400000)
  eden space 264704K, 0% used [0x0000000175980000,0x0000000175980000,0x0000000185c00000)
  from space 11776K, 4% used [0x0000000186800000,0x0000000186876010,0x0000000187380000)
  to   space 12288K, 0% used [0x0000000185c00000,0x0000000185c00000,0x0000000186800000)
 ParOldGen       total 87552K, used 11263K [0x0000000120400000, 0x0000000125980000, 0x0000000175980000)
  object space 87552K, 12% used [0x0000000120400000,0x0000000120effed8,0x0000000125980000)
 Metaspace       used 10178K, capacity 10329K, committed 10368K, reserved 1058816K
  class space    used 1069K, capacity 1117K, committed 1152K, reserved 1048576K
}
Event: 7.841 GC heap before
{Heap before GC invocations=9 (full 0):
 PSYoungGen      total 276480K, used 265176K [0x0000000175980000, 0x0000000187480000, 0x00000001a0400000)
  eden space 264704K, 100% used [0x0000000175980000,0x0000000185c00000,0x0000000185c00000)
  from space 11776K, 4% used [0x0000000186800000,0x0000000186876010,0x0000000187380000)
  to   space 12288K, 0% used [0x0000000185c00000,0x0000000185c00000,0x0000000186800000)
 ParOldGen       total 87552K, used 11263K [0x0000000120400000, 0x0000000125980000, 0x0000000175980000)
  object space 87552K, 12% used [0x0000000120400000,0x0000000120effed8,0x0000000125980000)
 Metaspace       used 10194K, capacity 10329K, committed 10368K, reserved 1058816K
  class space    used 1069K, capacity 1117K, committed 1152K, reserved 1048576K
Event: 7.845 GC heap after
Heap after GC invocations=9 (full 0):
 PSYoungGen      total 276992K, used 4016K [0x0000000175980000, 0x0000000190e80000, 0x00000001a0400000)
  eden space 264704K, 0% used [0x0000000175980000,0x0000000175980000,0x0000000185c00000)
  from space 12288K, 32% used [0x0000000185c00000,0x0000000185fec040,0x0000000186800000)
  to   space 11776K, 0% used [0x0000000190300000,0x0000000190300000,0x0000000190e80000)
 ParOldGen       total 87552K, used 11287K [0x0000000120400000, 0x0000000125980000, 0x0000000175980000)
  object space 87552K, 12% used [0x0000000120400000,0x0000000120f05ed8,0x0000000125980000)
 Metaspace       used 10194K, capacity 10329K, committed 10368K, reserved 1058816K
  class space    used 1069K, capacity 1117K, committed 1152K, reserved 1048576K
}
Event: 8.835 GC heap before
{Heap before GC invocations=10 (full 0):
 PSYoungGen      total 276992K, used 268720K [0x0000000175980000, 0x0000000190e80000, 0x00000001a0400000)
  eden space 264704K, 100% used [0x0000000175980000,0x0000000185c00000,0x0000000185c00000)
  from space 12288K, 32% used [0x0000000185c00000,0x0000000185fec040,0x0000000186800000)
  to   space 11776K, 0% used [0x0000000190300000,0x0000000190300000,0x0000000190e80000)
 ParOldGen       total 87552K, used 11287K [0x0000000120400000, 0x0000000125980000, 0x0000000175980000)
  object space 87552K, 12% used [0x0000000120400000,0x0000000120f05ed8,0x0000000125980000)
 Metaspace       used 10197K, capacity 10329K, committed 10368K, reserved 1058816K
  class space    used 1069K, capacity 1117K, committed 1152K, reserved 1048576K
Event: 8.839 GC heap after
Heap after GC invocations=10 (full 0):
 PSYoungGen      total 434688K, used 5008K [0x0000000175980000, 0x0000000190d80000, 0x00000001a0400000)
  eden space 423936K, 0% used [0x0000000175980000,0x0000000175980000,0x000000018f780000)
  from space 10752K, 46% used [0x0000000190300000,0x00000001907e4050,0x0000000190d80000)
  to   space 11264K, 0% used [0x000000018f780000,0x000000018f780000,0x0000000190280000)
 ParOldGen       total 87552K, used 11303K [0x0000000120400000, 0x0000000125980000, 0x0000000175980000)
  object space 87552K, 12% used [0x0000000120400000,0x0000000120f09ed8,0x0000000125980000)
 Metaspace       used 10197K, capacity 10329K, committed 10368K, reserved 1058816K
  class space    used 1069K, capacity 1117K, committed 1152K, reserved 1048576K
}
Event: 10.554 GC heap before
{Heap before GC invocations=11 (full 0):
 PSYoungGen      total 434688K, used 428944K [0x0000000175980000, 0x0000000190d80000, 0x00000001a0400000)
  eden space 423936K, 100% used [0x0000000175980000,0x000000018f780000,0x000000018f780000)
  from space 10752K, 46% used [0x0000000190300000,0x00000001907e4050,0x0000000190d80000)
  to   space 11264K, 0% used [0x000000018f780000,0x000000018f780000,0x0000000190280000)
 ParOldGen       total 87552K, used 11303K [0x0000000120400000, 0x0000000125980000, 0x0000000175980000)
  object space 87552K, 12% used [0x0000000120400000,0x0000000120f09ed8,0x0000000125980000)
 Metaspace       used 10234K, capacity 10393K, committed 10624K, reserved 1058816K
  class space    used 1069K, capacity 1117K, committed 1152K, reserved 1048576K
Event: 10.561 GC heap after
Heap after GC invocations=11 (full 0):
 PSYoungGen      total 411136K, used 6496K [0x0000000175980000, 0x0000000190380000, 0x00000001a0400000)
  eden space 404480K, 0% used [0x0000000175980000,0x0000000175980000,0x000000018e480000)
  from space 6656K, 97% used [0x000000018f780000,0x000000018fdd8060,0x000000018fe00000)
  to   space 5632K, 0% used [0x000000018fe00000,0x000000018fe00000,0x0000000190380000)
 ParOldGen       total 87552K, used 11327K [0x0000000120400000, 0x0000000125980000, 0x0000000175980000)
  object space 87552K, 12% used [0x0000000120400000,0x0000000120f0fed8,0x0000000125980000)
 Metaspace       used 10234K, capacity 10393K, committed 10624K, reserved 1058816K
  class space    used 1069K, capacity 1117K, committed 1152K, reserved 1048576K
}

Deoptimization events (10 events):
Event: 1.938 Thread 0x00007ffe63806800 Uncommon trap: reason=bimorphic action=maybe_recompile pc=0x0000000110e6853c method=java.util.HashMap.putVal(ILjava/lang/Object;Ljava/lang/Object;ZZ)Ljava/lang/Object; @ 91
Event: 1.938 Thread 0x00007ffe63806800 Uncommon trap: reason=bimorphic action=maybe_recompile pc=0x0000000110e6853c method=java.util.HashMap.putVal(ILjava/lang/Object;Ljava/lang/Object;ZZ)Ljava/lang/Object; @ 91
Event: 1.938 Thread 0x00007ffe63806800 Uncommon trap: reason=bimorphic action=maybe_recompile pc=0x0000000110e5d1e4 method=java.util.HashMap.putVal(ILjava/lang/Object;Ljava/lang/Object;ZZ)Ljava/lang/Object; @ 91
Event: 4.016 Thread 0x00007ffe63806800 Uncommon trap: reason=class_check action=maybe_recompile pc=0x0000000110f11884 method=java.util.HashMap.putVal(ILjava/lang/Object;Ljava/lang/Object;ZZ)Ljava/lang/Object; @ 253
Event: 4.016 Thread 0x00007ffe63806800 Uncommon trap: reason=class_check action=maybe_recompile pc=0x0000000110f11884 method=java.util.HashMap.putVal(ILjava/lang/Object;Ljava/lang/Object;ZZ)Ljava/lang/Object; @ 253
Event: 4.016 Thread 0x00007ffe63806800 Uncommon trap: reason=class_check action=maybe_recompile pc=0x0000000110f11884 method=java.util.HashMap.putVal(ILjava/lang/Object;Ljava/lang/Object;ZZ)Ljava/lang/Object; @ 253
Event: 4.016 Thread 0x00007ffe63806800 Uncommon trap: reason=class_check action=maybe_recompile pc=0x0000000110f11884 method=java.util.HashMap.putVal(ILjava/lang/Object;Ljava/lang/Object;ZZ)Ljava/lang/Object; @ 253
Event: 6.387 Thread 0x00007ffe63806800 Uncommon trap: reason=unloaded action=reinterpret pc=0x0000000111031bf8 method=sun.font.CStrike$GlyphInfoCache.get(I)J @ 58
Event: 6.900 Thread 0x00007ffe63806800 Uncommon trap: reason=range_check action=make_not_entrant pc=0x000000011103ec04 method=java.awt.geom.AffineTransform.<init>([D)V @ 7
Event: 7.646 Thread 0x00007ffe63806800 Uncommon trap: reason=range_check action=make_not_entrant pc=0x0000000111074834 method=sun.font.CCharToGlyphMapper$Cache.get(I[C[I)V @ 345

Internal exceptions (10 events):
Event: 4.099 Thread 0x00007ffe63806800 Exception <a 'java/security/PrivilegedActionException'> (0x00000001776b4888) thrown at [/Users/java_re/workspace/8-2-build-macosx-x86_64/jdk8u31/2394/hotspot/src/share/vm/prims/jvm.cpp, line 1312]
Event: 4.167 Thread 0x00007ffe63806800 Exception <a 'java/security/PrivilegedActionException'> (0x0000000176eebd60) thrown at [/Users/java_re/workspace/8-2-build-macosx-x86_64/jdk8u31/2394/hotspot/src/share/vm/prims/jvm.cpp, line 1312]
Event: 4.260 Thread 0x00007ffe63806800 Exception <a 'java/security/PrivilegedActionException'> (0x0000000176359758) thrown at [/Users/java_re/workspace/8-2-build-macosx-x86_64/jdk8u31/2394/hotspot/src/share/vm/prims/jvm.cpp, line 1312]
Event: 4.264 Thread 0x00007ffe63806800 Exception <a 'java/security/PrivilegedActionException'> (0x0000000176361628) thrown at [/Users/java_re/workspace/8-2-build-macosx-x86_64/jdk8u31/2394/hotspot/src/share/vm/prims/jvm.cpp, line 1312]
Event: 4.766 Thread 0x00007ffe63806800 Exception <a 'java/security/PrivilegedActionException'> (0x0000000176368f88) thrown at [/Users/java_re/workspace/8-2-build-macosx-x86_64/jdk8u31/2394/hotspot/src/share/vm/prims/jvm.cpp, line 1312]
Event: 4.767 Thread 0x00007ffe63806800 Exception <a 'java/security/PrivilegedActionException'> (0x000000017636fb40) thrown at [/Users/java_re/workspace/8-2-build-macosx-x86_64/jdk8u31/2394/hotspot/src/share/vm/prims/jvm.cpp, line 1312]
Event: 4.768 Thread 0x00007ffe63806800 Exception <a 'java/security/PrivilegedActionException'> (0x000000017637ac80) thrown at [/Users/java_re/workspace/8-2-build-macosx-x86_64/jdk8u31/2394/hotspot/src/share/vm/prims/jvm.cpp, line 1312]
Event: 4.768 Thread 0x00007ffe63806800 Exception <a 'java/security/PrivilegedActionException'> (0x0000000176380288) thrown at [/Users/java_re/workspace/8-2-build-macosx-x86_64/jdk8u31/2394/hotspot/src/share/vm/prims/jvm.cpp, line 1312]
Event: 7.552 Thread 0x00007ffe63806800 Exception <a 'java/security/PrivilegedActionException'> (0x0000000182256d48) thrown at [/Users/java_re/workspace/8-2-build-macosx-x86_64/jdk8u31/2394/hotspot/src/share/vm/prims/jvm.cpp, line 1312]
Event: 12.075 Thread 0x00007ffe63806800 Exception <a 'java/security/PrivilegedActionException'> (0x000000018c96a778) thrown at [/Users/java_re/workspace/8-2-build-macosx-x86_64/jdk8u31/2394/hotspot/src/share/vm/prims/jvm.cpp, line 1312]

Events (10 events):
Event: 8.835 Executing VM operation: ParallelGCFailedAllocation
Event: 8.839 Executing VM operation: ParallelGCFailedAllocation done
Event: 10.554 Executing VM operation: ParallelGCFailedAllocation
Event: 10.561 Executing VM operation: ParallelGCFailedAllocation done
Event: 10.576 Executing VM operation: RevokeBias
Event: 10.576 Executing VM operation: RevokeBias done
Event: 10.576 Executing VM operation: RevokeBias
Event: 10.576 Executing VM operation: RevokeBias done
Event: 12.075 loading class org/lwjgl/opengl/CallbackUtil
Event: 12.075 loading class org/lwjgl/opengl/CallbackUtil done


Dynamic libraries:
0x000000000d140000 	/System/Library/Frameworks/Cocoa.framework/Versions/A/Cocoa
0x000000000d140000 	/System/Library/Frameworks/Security.framework/Versions/A/Security
0x000000000d140000 	/System/Library/Frameworks/ApplicationServices.framework/Versions/A/ApplicationServices
0x000000000d140000 	/usr/lib/libz.1.dylib
0x000000000d140000 	/usr/lib/libSystem.B.dylib
0x000000000d140000 	/usr/lib/libobjc.A.dylib
0x000000000d140000 	/System/Library/Frameworks/CoreFoundation.framework/Versions/A/CoreFoundation
0x000000000d140000 	/System/Library/Frameworks/Foundation.framework/Versions/C/Foundation
0x000000000d140000 	/System/Library/Frameworks/AppKit.framework/Versions/C/AppKit
0x000000000d140000 	/System/Library/Frameworks/CoreData.framework/Versions/A/CoreData
0x000000000d140000 	/System/Library/PrivateFrameworks/RemoteViewServices.framework/Versions/A/RemoteViewServices
0x000000000d140000 	/System/Library/PrivateFrameworks/UIFoundation.framework/Versions/A/UIFoundation
0x000000000d140000 	/System/Library/Frameworks/IOSurface.framework/Versions/A/IOSurface
0x000000000d140000 	/System/Library/Frameworks/AudioToolbox.framework/Versions/A/AudioToolbox
0x000000000d140000 	/System/Library/Frameworks/AudioUnit.framework/Versions/A/AudioUnit
0x000000000d140000 	/System/Library/PrivateFrameworks/DataDetectorsCore.framework/Versions/A/DataDetectorsCore
0x000000000d140000 	/System/Library/PrivateFrameworks/DesktopServicesPriv.framework/Versions/A/DesktopServicesPriv
0x000000000d140000 	/System/Library/Frameworks/Carbon.framework/Versions/A/Frameworks/HIToolbox.framework/Versions/A/HIToolbox
0x000000000d140000 	/System/Library/Frameworks/QuartzCore.framework/Versions/A/QuartzCore
0x000000000d140000 	/System/Library/Frameworks/Carbon.framework/Versions/A/Frameworks/SpeechRecognition.framework/Versions/A/SpeechRecognition
0x000000000d140000 	/usr/lib/libauto.dylib
0x000000000d140000 	/usr/lib/libicucore.A.dylib
0x000000000d140000 	/usr/lib/libxml2.2.dylib
0x000000000d140000 	/System/Library/PrivateFrameworks/CoreUI.framework/Versions/A/CoreUI
0x000000000d140000 	/System/Library/Frameworks/CoreAudio.framework/Versions/A/CoreAudio
0x000000000d140000 	/System/Library/Frameworks/DiskArbitration.framework/Versions/A/DiskArbitration
0x000000000d140000 	/usr/lib/liblangid.dylib
0x000000000d140000 	/System/Library/PrivateFrameworks/MultitouchSupport.framework/Versions/A/MultitouchSupport
0x000000000d140000 	/System/Library/Frameworks/IOKit.framework/Versions/A/IOKit
0x000000000d140000 	/usr/lib/libDiagnosticMessagesClient.dylib
0x000000000d140000 	/System/Library/Frameworks/CoreServices.framework/Versions/A/CoreServices
0x000000000d140000 	/System/Library/PrivateFrameworks/PerformanceAnalysis.framework/Versions/A/PerformanceAnalysis
0x000000000d140000 	/System/Library/PrivateFrameworks/GenerationalStorage.framework/Versions/A/GenerationalStorage
0x000000000d140000 	/System/Library/Frameworks/OpenGL.framework/Versions/A/OpenGL
0x000000000d140000 	/System/Library/PrivateFrameworks/Sharing.framework/Versions/A/Sharing
0x000000000d140000 	/System/Library/Frameworks/CoreGraphics.framework/Versions/A/CoreGraphics
0x000000000d140000 	/System/Library/Frameworks/CoreText.framework/Versions/A/CoreText
0x000000000d140000 	/System/Library/Frameworks/ImageIO.framework/Versions/A/ImageIO
0x000000000d140000 	/usr/lib/libextension.dylib
0x000000000d140000 	/System/Library/PrivateFrameworks/Backup.framework/Versions/A/Backup
0x000000000d140000 	/usr/lib/libarchive.2.dylib
0x000000000d140000 	/System/Library/Frameworks/CFNetwork.framework/Versions/A/CFNetwork
0x000000000d140000 	/System/Library/Frameworks/SystemConfiguration.framework/Versions/A/SystemConfiguration
0x000000000d140000 	/usr/lib/libCRFSuite.dylib
0x000000000d140000 	/usr/lib/libc++.1.dylib
0x000000000d140000 	/usr/lib/libc++abi.dylib
0x000000000d140000 	/usr/lib/system/libcache.dylib
0x000000000d140000 	/usr/lib/system/libcommonCrypto.dylib
0x000000000d140000 	/usr/lib/system/libcompiler_rt.dylib
0x000000000d140000 	/usr/lib/system/libcopyfile.dylib
0x000000000d140000 	/usr/lib/system/libcorecrypto.dylib
0x000000000d140000 	/usr/lib/system/libdispatch.dylib
0x000000000d140000 	/usr/lib/system/libdyld.dylib
0x000000000d140000 	/usr/lib/system/libkeymgr.dylib
0x000000000d140000 	/usr/lib/system/liblaunch.dylib
0x000000000d140000 	/usr/lib/system/libmacho.dylib
0x000000000d140000 	/usr/lib/system/libquarantine.dylib
0x000000000d140000 	/usr/lib/system/libremovefile.dylib
0x000000000d140000 	/usr/lib/system/libsystem_asl.dylib
0x000000000d140000 	/usr/lib/system/libsystem_blocks.dylib
0x000000000d140000 	/usr/lib/system/libsystem_c.dylib
0x000000000d140000 	/usr/lib/system/libsystem_configuration.dylib
0x000000000d140000 	/usr/lib/system/libsystem_coreservices.dylib
0x000000000d140000 	/usr/lib/system/libsystem_coretls.dylib
0x000000000d140000 	/usr/lib/system/libsystem_dnssd.dylib
0x000000000d140000 	/usr/lib/system/libsystem_info.dylib
0x000000000d140000 	/usr/lib/system/libsystem_kernel.dylib
0x000000000d140000 	/usr/lib/system/libsystem_m.dylib
0x000000000d140000 	/usr/lib/system/libsystem_malloc.dylib
0x000000000d140000 	/usr/lib/system/libsystem_network.dylib
0x000000000d140000 	/usr/lib/system/libsystem_networkextension.dylib
0x000000000d140000 	/usr/lib/system/libsystem_notify.dylib
0x000000000d140000 	/usr/lib/system/libsystem_platform.dylib
0x000000000d140000 	/usr/lib/system/libsystem_pthread.dylib
0x000000000d140000 	/usr/lib/system/libsystem_sandbox.dylib
0x000000000d140000 	/usr/lib/system/libsystem_secinit.dylib
0x000000000d140000 	/usr/lib/system/libsystem_stats.dylib
0x000000000d140000 	/usr/lib/system/libsystem_trace.dylib
0x000000000d140000 	/usr/lib/system/libunc.dylib
0x000000000d140000 	/usr/lib/system/libunwind.dylib
0x000000000d140000 	/usr/lib/system/libxpc.dylib
0x000000000d140000 	/usr/lib/libbz2.1.0.dylib
0x000000000d140000 	/usr/lib/liblzma.5.dylib
0x000000000d140000 	/usr/lib/libbsm.0.dylib
0x000000000d140000 	/usr/lib/libsqlite3.dylib
0x000000000d140000 	/usr/lib/system/libkxld.dylib
0x000000000d140000 	/usr/lib/libxar.1.dylib
0x000000000d140000 	/usr/lib/libpam.2.dylib
0x000000000d140000 	/usr/lib/libOpenScriptingUtil.dylib
0x000000000d140000 	/System/Library/Frameworks/CoreServices.framework/Versions/A/Frameworks/FSEvents.framework/Versions/A/FSEvents
0x000000000d140000 	/System/Library/Frameworks/CoreServices.framework/Versions/A/Frameworks/CarbonCore.framework/Versions/A/CarbonCore
0x000000000d140000 	/System/Library/Frameworks/CoreServices.framework/Versions/A/Frameworks/Metadata.framework/Versions/A/Metadata
0x000000000d140000 	/System/Library/Frameworks/CoreServices.framework/Versions/A/Frameworks/OSServices.framework/Versions/A/OSServices
0x000000000d140000 	/System/Library/Frameworks/CoreServices.framework/Versions/A/Frameworks/SearchKit.framework/Versions/A/SearchKit
0x000000000d140000 	/System/Library/Frameworks/CoreServices.framework/Versions/A/Frameworks/AE.framework/Versions/A/AE
0x000000000d140000 	/System/Library/Frameworks/CoreServices.framework/Versions/A/Frameworks/LaunchServices.framework/Versions/A/LaunchServices
0x000000000d140000 	/System/Library/Frameworks/CoreServices.framework/Versions/A/Frameworks/DictionaryServices.framework/Versions/A/DictionaryServices
0x000000000d140000 	/System/Library/Frameworks/NetFS.framework/Versions/A/NetFS
0x000000000d140000 	/System/Library/PrivateFrameworks/NetAuth.framework/Versions/A/NetAuth
0x000000000d140000 	/System/Library/PrivateFrameworks/login.framework/Versions/A/Frameworks/loginsupport.framework/Versions/A/loginsupport
0x000000000d140000 	/System/Library/PrivateFrameworks/TCC.framework/Versions/A/TCC
0x000000000d140000 	/usr/lib/libmecabra.dylib
0x000000000d140000 	/System/Library/Frameworks/ApplicationServices.framework/Versions/A/Frameworks/ATS.framework/Versions/A/ATS
0x000000000d140000 	/System/Library/Frameworks/ApplicationServices.framework/Versions/A/Frameworks/ColorSync.framework/Versions/A/ColorSync
0x000000000d140000 	/System/Library/Frameworks/ApplicationServices.framework/Versions/A/Frameworks/HIServices.framework/Versions/A/HIServices
0x000000000d140000 	/System/Library/Frameworks/ApplicationServices.framework/Versions/A/Frameworks/LangAnalysis.framework/Versions/A/LangAnalysis
0x000000000d140000 	/System/Library/Frameworks/ApplicationServices.framework/Versions/A/Frameworks/PrintCore.framework/Versions/A/PrintCore
0x000000000d140000 	/System/Library/Frameworks/ApplicationServices.framework/Versions/A/Frameworks/QD.framework/Versions/A/QD
0x000000000d140000 	/System/Library/Frameworks/ApplicationServices.framework/Versions/A/Frameworks/SpeechSynthesis.framework/Versions/A/SpeechSynthesis
0x000000000d140000 	/System/Library/Frameworks/Accelerate.framework/Versions/A/Accelerate
0x000000000d140000 	/System/Library/Frameworks/Accelerate.framework/Versions/A/Frameworks/vImage.framework/Versions/A/vImage
0x000000000d140000 	/System/Library/Frameworks/Accelerate.framework/Versions/A/Frameworks/vecLib.framework/Versions/A/vecLib
0x000000000d140000 	/System/Library/Frameworks/Accelerate.framework/Versions/A/Frameworks/vecLib.framework/Versions/A/libvDSP.dylib
0x000000000d140000 	/System/Library/Frameworks/Accelerate.framework/Versions/A/Frameworks/vecLib.framework/Versions/A/libvMisc.dylib
0x000000000d140000 	/System/Library/Frameworks/Accelerate.framework/Versions/A/Frameworks/vecLib.framework/Versions/A/libLAPACK.dylib
0x000000000d140000 	/System/Library/Frameworks/Accelerate.framework/Versions/A/Frameworks/vecLib.framework/Versions/A/libBLAS.dylib
0x000000000d140000 	/System/Library/Frameworks/Accelerate.framework/Versions/A/Frameworks/vecLib.framework/Versions/A/libLinearAlgebra.dylib
0x000000000d140000 	/System/Library/Frameworks/ApplicationServices.framework/Versions/A/Frameworks/ATS.framework/Versions/A/Resources/libFontParser.dylib
0x000000000d140000 	/System/Library/Frameworks/ApplicationServices.framework/Versions/A/Frameworks/ATS.framework/Versions/A/Resources/libFontRegistry.dylib
0x000000000d140000 	/System/Library/PrivateFrameworks/AppleVPA.framework/Versions/A/AppleVPA
0x000000000d140000 	/System/Library/PrivateFrameworks/AppleJPEG.framework/Versions/A/AppleJPEG
0x000000000d140000 	/System/Library/Frameworks/ImageIO.framework/Versions/A/Resources/libJPEG.dylib
0x000000000d140000 	/System/Library/Frameworks/ImageIO.framework/Versions/A/Resources/libTIFF.dylib
0x000000000d140000 	/System/Library/Frameworks/ImageIO.framework/Versions/A/Resources/libPng.dylib
0x000000000d140000 	/System/Library/Frameworks/ImageIO.framework/Versions/A/Resources/libGIF.dylib
0x000000000d140000 	/System/Library/Frameworks/ImageIO.framework/Versions/A/Resources/libJP2.dylib
0x000000000d140000 	/System/Library/Frameworks/ImageIO.framework/Versions/A/Resources/libRadiance.dylib
0x000000000d140000 	/System/Library/Frameworks/CoreVideo.framework/Versions/A/CoreVideo
0x000000000d140000 	/System/Library/Frameworks/OpenGL.framework/Versions/A/Libraries/libGLU.dylib
0x000000000d140000 	/System/Library/Frameworks/OpenGL.framework/Versions/A/Libraries/libGFXShared.dylib
0x000000000d140000 	/System/Library/Frameworks/OpenGL.framework/Versions/A/Libraries/libGL.dylib
0x000000000d140000 	/System/Library/Frameworks/OpenGL.framework/Versions/A/Libraries/libGLImage.dylib
0x000000000d140000 	/System/Library/Frameworks/OpenGL.framework/Versions/A/Libraries/libCVMSPluginSupport.dylib
0x000000000d140000 	/System/Library/Frameworks/OpenGL.framework/Versions/A/Libraries/libCoreVMClient.dylib
0x000000000d140000 	/usr/lib/libcups.2.dylib
0x000000000d140000 	/System/Library/Frameworks/Kerberos.framework/Versions/A/Kerberos
0x000000000d140000 	/System/Library/Frameworks/GSS.framework/Versions/A/GSS
0x000000000d140000 	/usr/lib/libresolv.9.dylib
0x000000000d140000 	/usr/lib/libiconv.2.dylib
0x000000000d140000 	/System/Library/PrivateFrameworks/Heimdal.framework/Versions/A/Heimdal
0x000000000d140000 	/usr/lib/libheimdal-asn1.dylib
0x000000000d140000 	/System/Library/Frameworks/OpenDirectory.framework/Versions/A/OpenDirectory
0x000000000d140000 	/System/Library/PrivateFrameworks/CommonAuth.framework/Versions/A/CommonAuth
0x000000000d140000 	/System/Library/Frameworks/OpenDirectory.framework/Versions/A/Frameworks/CFOpenDirectory.framework/Versions/A/CFOpenDirectory
0x000000000d140000 	/System/Library/Frameworks/SecurityFoundation.framework/Versions/A/SecurityFoundation
0x000000000d140000 	/System/Library/PrivateFrameworks/LanguageModeling.framework/Versions/A/LanguageModeling
0x000000000d140000 	/usr/lib/libcmph.dylib
0x000000000d140000 	/System/Library/Frameworks/ServiceManagement.framework/Versions/A/ServiceManagement
0x000000000d140000 	/usr/lib/libxslt.1.dylib
0x000000000d140000 	/System/Library/Frameworks/Carbon.framework/Versions/A/Frameworks/Ink.framework/Versions/A/Ink
0x000000000d140000 	/System/Library/Frameworks/QuartzCore.framework/Versions/A/Frameworks/CoreImage.framework/Versions/A/CoreImage
0x000000000d140000 	/System/Library/PrivateFrameworks/CrashReporterSupport.framework/Versions/A/CrashReporterSupport
0x000000000d140000 	/System/Library/Frameworks/OpenCL.framework/Versions/A/OpenCL
0x000000000d140000 	/System/Library/PrivateFrameworks/FaceCore.framework/Versions/A/FaceCore
0x000000000d140000 	/System/Library/PrivateFrameworks/Ubiquity.framework/Versions/A/Ubiquity
0x000000000d140000 	/System/Library/PrivateFrameworks/IconServices.framework/Versions/A/IconServices
0x000000000d140000 	/System/Library/PrivateFrameworks/ChunkingLibrary.framework/Versions/A/ChunkingLibrary
0x000000000d140000 	/System/Library/PrivateFrameworks/Apple80211.framework/Versions/A/Apple80211
0x000000000d140000 	/System/Library/Frameworks/CoreWLAN.framework/Versions/A/CoreWLAN
0x000000000d140000 	/System/Library/Frameworks/IOBluetooth.framework/Versions/A/IOBluetooth
0x000000000d140000 	/System/Library/PrivateFrameworks/CoreWiFi.framework/Versions/A/CoreWiFi
0x000000000d140000 	/System/Library/Frameworks/CoreBluetooth.framework/Versions/A/CoreBluetooth
0x000000000d140000 	/System/Library/PrivateFrameworks/DebugSymbols.framework/Versions/A/DebugSymbols
0x000000000d140000 	/System/Library/PrivateFrameworks/CoreSymbolication.framework/Versions/A/CoreSymbolication
0x000000000d140000 	/System/Library/PrivateFrameworks/Symbolication.framework/Versions/A/Symbolication
0x000000000d140000 	/System/Library/PrivateFrameworks/SpeechRecognitionCore.framework/Versions/A/SpeechRecognitionCore
0x000000010f3b9000 	/Library/Java/JavaVirtualMachines/jdk1.8.0_31.jdk/Contents/Home/jre/lib/server/libjvm.dylib
0x000000000d140000 	/usr/lib/libstdc++.6.dylib
0x00000001103f2000 	/Library/Java/JavaVirtualMachines/jdk1.8.0_31.jdk/Contents/Home/jre/lib/libverify.dylib
0x0000000110c00000 	/Library/Java/JavaVirtualMachines/jdk1.8.0_31.jdk/Contents/Home/jre/lib/libjava.dylib
0x0000000110c3e000 	/Library/Java/JavaVirtualMachines/jdk1.8.0_31.jdk/Contents/Home/jre/lib/libzip.dylib
0x00000001e6ec7000 	/System/Library/Frameworks/JavaVM.framework/Frameworks/JavaRuntimeSupport.framework/JavaRuntimeSupport
0x00000001e6edd000 	/System/Library/Frameworks/JavaVM.framework/Versions/A/Frameworks/JavaNativeFoundation.framework/Versions/A/JavaNativeFoundation
0x00000001e6ef1000 	/System/Library/Frameworks/JavaVM.framework/Versions/A/JavaVM
0x000000000d140000 	/System/Library/Frameworks/Carbon.framework/Versions/A/Carbon
0x00000001e6efd000 	/System/Library/PrivateFrameworks/JavaLaunching.framework/Versions/A/JavaLaunching
0x000000000d140000 	/System/Library/Frameworks/Carbon.framework/Versions/A/Frameworks/CommonPanels.framework/Versions/A/CommonPanels
0x000000000d140000 	/System/Library/Frameworks/Carbon.framework/Versions/A/Frameworks/Help.framework/Versions/A/Help
0x000000000d140000 	/System/Library/Frameworks/Carbon.framework/Versions/A/Frameworks/ImageCapture.framework/Versions/A/ImageCapture
0x000000000d140000 	/System/Library/Frameworks/Carbon.framework/Versions/A/Frameworks/OpenScripting.framework/Versions/A/OpenScripting
0x000000000d140000 	/System/Library/Frameworks/Carbon.framework/Versions/A/Frameworks/Print.framework/Versions/A/Print
0x000000000d140000 	/System/Library/Frameworks/Carbon.framework/Versions/A/Frameworks/SecurityHI.framework/Versions/A/SecurityHI
0x00000001e8d82000 	/Library/Java/JavaVirtualMachines/jdk1.8.0_31.jdk/Contents/Home/jre/lib/libawt.dylib
0x00000001e8e31000 	/Library/Java/JavaVirtualMachines/jdk1.8.0_31.jdk/Contents/Home/jre/lib/./libmlib_image.dylib
0x00000001e8efd000 	/Library/Java/JavaVirtualMachines/jdk1.8.0_31.jdk/Contents/Home/jre/lib/libawt_lwawt.dylib
0x00000001e8fb0000 	/Library/Java/JavaVirtualMachines/jdk1.8.0_31.jdk/Contents/Home/jre/lib/./libosxapp.dylib
0x000000000d140000 	/System/Library/Frameworks/ExceptionHandling.framework/Versions/A/ExceptionHandling
0x000000000d140000 	/System/Library/PrivateFrameworks/CoreServicesInternal.framework/Versions/A/CoreServicesInternal
0x000000000d140000 	/System/Library/PrivateFrameworks/CloudDocs.framework/Versions/A/CloudDocs
0x000000000d140000 	/System/Library/PrivateFrameworks/CoreDuet.framework/Versions/A/CoreDuet
0x000000000d140000 	/System/Library/Frameworks/CloudKit.framework/Versions/A/CloudKit
0x000000000d140000 	/System/Library/PrivateFrameworks/ProtocolBuffer.framework/Versions/A/ProtocolBuffer
0x000000000d140000 	/System/Library/PrivateFrameworks/CoreDuetDaemonProtocol.framework/Versions/A/CoreDuetDaemonProtocol
0x000000000d140000 	/System/Library/PrivateFrameworks/CoreDuetDebugLogging.framework/Versions/A/CoreDuetDebugLogging
0x000000000d140000 	/System/Library/Frameworks/CoreLocation.framework/Versions/A/CoreLocation
0x000000000d140000 	/System/Library/Frameworks/Accounts.framework/Versions/A/Accounts
0x000000000d140000 	/System/Library/PrivateFrameworks/ApplePushService.framework/Versions/A/ApplePushService
0x000000000d140000 	/System/Library/PrivateFrameworks/GeoServices.framework/Versions/A/GeoServices
0x000000000d140000 	/System/Library/PrivateFrameworks/OAuth.framework/Versions/A/OAuth
0x000000000d140000 	/System/Library/PrivateFrameworks/CoreDaemon.framework/Versions/B/CoreDaemon
0x000000000d140000 	/usr/lib/libcrypto.0.9.8.dylib
0x000000000d140000 	/System/Library/PrivateFrameworks/AppleSRP.framework/Versions/A/AppleSRP
0x000000000d140000 	/System/Library/PrivateFrameworks/TrustEvaluationAgent.framework/Versions/A/TrustEvaluationAgent
0x000000000d140000 	/System/Library/Frameworks/CoreGraphics.framework/Versions/A/Resources/libCGCMS.A.dylib
0x000000000d140000 	/System/Library/Frameworks/CoreGraphics.framework/Versions/A/Resources/libRIP.A.dylib
0x000000000d140000 	/System/Library/Frameworks/CoreGraphics.framework/Versions/A/Resources/libCGXType.A.dylib
0x000000000d140000 	/System/Library/Frameworks/OpenCL.framework/Versions/A/Libraries/libcldcpuengine.dylib
0x000000000d140000 	/System/Library/PrivateFrameworks/DiskImages.framework/Versions/A/DiskImages
0x000000000d140000 	/System/Library/Frameworks/DiscRecording.framework/Versions/A/DiscRecording
0x000000000d140000 	/usr/lib/libcsfde.dylib
0x000000000d140000 	/usr/lib/libcurl.4.dylib
0x000000000d140000 	/System/Library/PrivateFrameworks/MediaKit.framework/Versions/A/MediaKit
0x000000000d140000 	/System/Library/PrivateFrameworks/ProtectedCloudStorage.framework/Versions/A/ProtectedCloudStorage
0x000000000d140000 	/usr/lib/libCoreStorage.dylib
0x000000000d140000 	/System/Library/PrivateFrameworks/EFILogin.framework/Versions/A/EFILogin
0x000000000d140000 	/usr/lib/libutil.dylib
0x000000000d140000 	/System/Library/PrivateFrameworks/FindMyDevice.framework/Versions/A/FindMyDevice
0x000000000d140000 	/System/Library/Frameworks/LDAP.framework/Versions/A/LDAP
0x000000000d140000 	/usr/lib/libsasl2.2.dylib
0x00000001ebacf000 	cl_kernels
0x00000001ebad1000 	/System/Library/Frameworks/OpenCL.framework/Versions/A/Libraries/ImageFormats/unorm8_bgra.dylib
0x00000001ebac0000 	cl_kernels
0x000000000d140000 	/System/Library/PrivateFrameworks/FamilyControls.framework/Versions/A/FamilyControls
0x000000000d140000 	/System/Library/PrivateFrameworks/CommerceKit.framework/Versions/A/Frameworks/CommerceCore.framework/Versions/A/CommerceCore
0x000000000d140000 	/System/Library/PrivateFrameworks/SystemAdministration.framework/Versions/A/SystemAdministration
0x000000000d140000 	/System/Library/PrivateFrameworks/AppContainer.framework/Versions/A/AppContainer
0x000000000d140000 	/System/Library/PrivateFrameworks/SecCodeWrapper.framework/Versions/A/SecCodeWrapper
0x000000000d140000 	/System/Library/Frameworks/DirectoryService.framework/Versions/A/DirectoryService
0x000000000d140000 	/System/Library/PrivateFrameworks/LoginUIKit.framework/Versions/A/Frameworks/LoginUICore.framework/Versions/A/LoginUICore
0x000000000d140000 	/usr/lib/libodfde.dylib
0x00000001ecc94000 	/Library/Java/JavaVirtualMachines/jdk1.8.0_31.jdk/Contents/Home/jre/lib/libfontmanager.dylib
0x00000001eccfb000 	/Users/ShantalOlono/Life/slick/liblwjgl.dylib
0x00000001eb007000 	/Library/Java/JavaVirtualMachines/jdk1.8.0_31.jdk/Contents/Home/jre/lib/libjawt.dylib
0x000000000d140000 	/System/Library/Frameworks/OpenGL.framework/Versions/A/Resources/GLEngine.bundle/GLEngine
0x000000000d140000 	/System/Library/Frameworks/OpenGL.framework/Versions/A/Libraries/libGLProgrammability.dylib
0x0000000000000000 	/System/Library/Extensions/AppleIntelHD4000GraphicsGLDriver.bundle/Contents/MacOS/AppleIntelHD4000GraphicsGLDriver
0x000000000d140000 	/System/Library/PrivateFrameworks/IOAccelerator.framework/Versions/A/IOAccelerator
0x000000000d140000 	/System/Library/PrivateFrameworks/GPUSupport.framework/Versions/A/Libraries/libGPUSupportMercury.dylib
0x000000000d140000 	/System/Library/Frameworks/OpenGL.framework/Versions/A/Resources/GLRendererFloat.bundle/GLRendererFloat
0x00000001ed580000 	/Users/ShantalOlono/Life/slick/libjinput-osx.dylib
0x00000001ed585000 	/System/Library/Extensions/IOHIDFamily.kext/Contents/PlugIns/IOHIDLib.plugin/Contents/MacOS/IOHIDLib
0x00000001fb321000 	/Library/Java/JavaVirtualMachines/jdk1.8.0_31.jdk/Contents/Home/jre/lib/libnet.dylib
0x00000001fb266000 	/Library/Java/JavaVirtualMachines/jdk1.8.0_31.jdk/Contents/Home/jre/lib/libnio.dylib

VM Arguments:
jvm_args: -Djava.library.path=/Users/ShantalOlono/Life/slick -Dfile.encoding=UTF-8 
java_command: main.java.edu.asu.cst316.Game
java_class_path (initial): /Users/ShantalOlono/Life/bin:/Users/ShantalOlono/Life/jar/jacocoagent.jar:/Users/ShantalOlono/Life/jar/jacocoant.jar:/Users/ShantalOlono/Life/jar/junit.jar:/Users/ShantalOlono/Life/jar/org.jacoco.agent-0.7.4.201502262128.jar:/Users/ShantalOlono/Life/jar/org.jacoco.ant-0.7.4.201502262128.jar:/Users/ShantalOlono/Life/jar/org.jacoco.core-0.7.4.201502262128.jar:/Users/ShantalOlono/Life/jar/org.jacoco.report-0.7.4.201502262128.jar:/Users/ShantalOlono/Life/slick/lib/commons-math3-3.3.jar:/Users/ShantalOlono/Life/slick/lib/ibxm.jar:/Users/ShantalOlono/Life/slick/lib/jinput.jar:/Users/ShantalOlono/Life/slick/lib/jnlp.jar:/Users/ShantalOlono/Life/slick/lib/jogg-0.0.7.jar:/Users/ShantalOlono/Life/slick/lib/jorbis-0.0.15.jar:/Users/ShantalOlono/Life/slick/lib/lwjgl_util_applet.jar:/Users/ShantalOlono/Life/slick/lib/lwjgl_util.jar:/Users/ShantalOlono/Life/slick/lib/lwjgl.jar:/Users/ShantalOlono/Life/slick/lib/natives-linux.jar:/Users/ShantalOlono/Life/slick/lib/natives-mac.jar:/Users/ShantalOlono/Life/slick/lib/natives-windows.jar:/Users/ShantalOlono/Life/slick/lib/Pack200Task.jar:/Users/ShantalOlono/Life/slick/lib/slick-examples.jar:/Users/ShantalOlono/Life/slick/lib/slick.jar:/Users/ShantalOlono/Life/slick/lib/tinylinepp.jar
Launcher Type: SUN_STANDARD

Environment Variables:
PATH=/usr/bin:/bin:/usr/sbin:/sbin
SHELL=/bin/bash

Signal Handlers:
SIGSEGV: [libjvm.dylib+0x57a0e7], sa_mask[0]=11111111011111110111111111111111, sa_flags=SA_ONSTACK|SA_RESTART|SA_SIGINFO
SIGBUS: [libjvm.dylib+0x57a0e7], sa_mask[0]=11111111011111110111111111111111, sa_flags=SA_RESTART|SA_SIGINFO
SIGFPE: [libjvm.dylib+0x45af24], sa_mask[0]=11111111011111110111111111111111, sa_flags=SA_RESTART|SA_SIGINFO
SIGPIPE: [libjvm.dylib+0x45af24], sa_mask[0]=11111111011111110111111111111111, sa_flags=SA_RESTART|SA_SIGINFO
SIGXFSZ: [libjvm.dylib+0x45af24], sa_mask[0]=11111111011111110111111111111111, sa_flags=SA_RESTART|SA_SIGINFO
SIGILL: [libjvm.dylib+0x45af24], sa_mask[0]=11111111011111110111111111111111, sa_flags=SA_RESTART|SA_SIGINFO
SIGUSR1: SIG_DFL, sa_mask[0]=00000000000000000000000000000000, sa_flags=none
SIGUSR2: [libjvm.dylib+0x45aa42], sa_mask[0]=00100000000000000000000000000000, sa_flags=SA_RESTART|SA_SIGINFO
SIGHUP: [libjvm.dylib+0x459015], sa_mask[0]=11111111011111110111111111111111, sa_flags=SA_RESTART|SA_SIGINFO
SIGINT: [libjvm.dylib+0x459015], sa_mask[0]=11111111011111110111111111111111, sa_flags=SA_RESTART|SA_SIGINFO
SIGTERM: [libjvm.dylib+0x459015], sa_mask[0]=11111111011111110111111111111111, sa_flags=SA_RESTART|SA_SIGINFO
SIGQUIT: [libjvm.dylib+0x459015], sa_mask[0]=11111111011111110111111111111111, sa_flags=SA_RESTART|SA_SIGINFO


---------------  S Y S T E M  ---------------

OS:Bsduname:Darwin 14.1.0 Darwin Kernel Version 14.1.0: Mon Dec 22 23:10:38 PST 2014; root:xnu-2782.10.72~2/RELEASE_X86_64 x86_64
rlimit: STACK 8192k, CORE 0k, NPROC 709, NOFILE 10240, AS infinity
load average:2.62 2.30 2.36

CPU:total 4 (2 cores per cpu, 2 threads per core) family 6 model 58 stepping 9, cmov, cx8, fxsr, mmx, sse, sse2, sse3, ssse3, sse4.1, sse4.2, popcnt, avx, aes, clmul, erms, ht, tsc, tscinvbit, tscinv

Memory: 4k page, physical 8388608k(1205920k free)

/proc/meminfo:


vm_info: Java HotSpot(TM) 64-Bit Server VM (25.31-b07) for bsd-amd64 JRE (1.8.0_31-b13), built on Dec 17 2014 20:45:36 by "java_re" with gcc 4.2.1 (Based on Apple Inc. build 5658) (LLVM build 2336.11.00)

time: Wed Apr 22 14:13:42 2015
elapsed time: 12 seconds (0d 0h 0m 12s)

